Vivado Simulator 2020.1
Copyright 1986-1999, 2001-2020 Xilinx, Inc. All Rights Reserved.
Running: D:/Xilinx_1/Vivado/2020.1/bin/unwrapped/win64.o/xelab.exe -wto de0277ee0d5041d1af9b140ec436262e --incr --debug typical --relax --mt 2 --maxdelay -L xil_defaultlib -L simprims_ver -L secureip --snapshot tb_RNGCore_wrapper_time_impl -transport_int_delays -pulse_r 0 -pulse_int_r 0 -pulse_e 0 -pulse_int_e 0 xil_defaultlib.tb_RNGCore_wrapper xil_defaultlib.glbl -log elaborate.log 
Using 2 slave threads.
Starting static elaboration
Pass Through NonSizing Optimizer
Completed static elaboration
Starting simulation data flow analysis
Completed simulation data flow analysis
INFO: [XSIM 43-3451] SDF backannotation process started with SDF file "tb_RNGCore_wrapper_time_impl.sdf", for root module "tb_RNGCore_wrapper/uut".
INFO: [XSIM 43-3452] SDF backannotation was successful for SDF file "tb_RNGCore_wrapper_time_impl.sdf", for root module "tb_RNGCore_wrapper/uut".
Time Resolution for simulation is 1ps
Compiling package std.standard
Compiling package std.textio
Compiling package ieee.std_logic_1164
Compiling package ieee.numeric_std
Compiling package vl.vl_types
Compiling module xil_defaultlib.glbl
Compiling module simprims_ver.LUT5
Compiling module simprims_ver.LUT4
Compiling module simprims_ver.FDRE_default
Compiling module simprims_ver.x_lut1_mux2
Compiling module simprims_ver.LUT1
Compiling module simprims_ver.CARRY4
Compiling module xil_defaultlib.RNGCore_imp_ClockDivider_0_0_Clo...
Compiling module xil_defaultlib.RNGCore_imp_ClockDivider_0_0
Compiling module simprims_ver.LUT6
Compiling module simprims_ver.x_lut2_mux4
Compiling module simprims_ver.LUT2
Compiling module simprims_ver.BUFG
Compiling module xil_defaultlib.RNGCore_imp_Debouncer_0_0_ClockD...
Compiling module xil_defaultlib.RNGCore_imp_Debouncer_0_0_Deboun...
Compiling module xil_defaultlib.RNGCore_imp_Debouncer_0_0
Compiling module xil_defaultlib.RNGCore_imp_Debouncer_0_1_ClockD...
Compiling module xil_defaultlib.RNGCore_imp_Debouncer_0_1_Deboun...
Compiling module xil_defaultlib.RNGCore_imp_Debouncer_0_1
Compiling module xil_defaultlib.RNGCore_imp_RNGCore_0_1_BalaMemo...
Compiling module xil_defaultlib.RNGCore_imp_RNGCore_0_1_Decoder
Compiling module simprims_ver.x_lut3_mux8
Compiling module simprims_ver.LUT3
Compiling module xil_defaultlib.RNGCore_imp_RNGCore_0_1_RNGBala
Compiling module xil_defaultlib.RNGCore_imp_RNGCore_0_1_RNGCore
Compiling module xil_defaultlib.RNGCore_imp_RNGCore_0_1
Compiling module xil_defaultlib.RNGCore_imp
Compiling module simprims_ver.IBUF
Compiling module simprims_ver.OBUF
Compiling module xil_defaultlib.RNGCore_imp_wrapper
Compiling architecture sim of entity xil_defaultlib.tb_rngcore_wrapper
Built simulation snapshot tb_RNGCore_wrapper_time_impl
