#-----------------------------------------------------------
# Vivado v2020.1 (64-bit)
# SW Build 2902540 on Wed May 27 19:54:49 MDT 2020
# IP Build 2902112 on Wed May 27 22:43:36 MDT 2020
# Start of session at: Sun Mar 29 10:45:00 2026
# Process ID: 10976
# Current directory: D:/SEP/SEP_Grupo7/Proyecto1/Proyecto1_G7/ProyectoSep_Generador
# Command line: vivado.exe -gui_launcher_event rodinguilauncherevent24292 D:\SEP\SEP_Grupo7\Proyecto1\Proyecto1_G7\ProyectoSep_Generador\ProyectoSep_Generador.xpr
# Log file: D:/SEP/SEP_Grupo7/Proyecto1/Proyecto1_G7/ProyectoSep_Generador/vivado.log
# Journal file: D:/SEP/SEP_Grupo7/Proyecto1/Proyecto1_G7/ProyectoSep_Generador\vivado.jou
#-----------------------------------------------------------
start_gui
open_project D:/SEP/SEP_Grupo7/Proyecto1/Proyecto1_G7/ProyectoSep_Generador/ProyectoSep_Generador.xpr
INFO: [Project 1-313] Project file moved from 'C:/Users/mazzi/OneDrive/Escritorio/vivado2/ProyectoSep_Generador' since last save.
Scanning sources...
Finished scanning sources
INFO: [IP_Flow 19-234] Refreshing IP repositories
INFO: [IP_Flow 19-1704] No user IP repositories specified
INFO: [IP_Flow 19-2313] Loaded Vivado IP repository 'D:/Xilinx_1/Vivado/2020.1/data/ip'.
open_project: Time (s): cpu = 00:00:28 ; elapsed = 00:00:15 . Memory (MB): peak = 1064.895 ; gain = 0.000
update_compile_order -fileset sources_1
exit
INFO: [Common 17-206] Exiting Vivado at Sun Mar 29 12:15:21 2026...
