#-----------------------------------------------------------
# Vivado v2020.1 (64-bit)
# SW Build 2902540 on Wed May 27 19:54:49 MDT 2020
# IP Build 2902112 on Wed May 27 22:43:36 MDT 2020
# Start of session at: Sun Mar 29 21:44:41 2026
# Process ID: 13868
# Current directory: D:/SEP/SEP_Grupo7/Proyecto1/Proyecto1_G7
# Command line: vivado.exe -gui_launcher_event rodinguilauncherevent15016 D:\SEP\SEP_Grupo7\Proyecto1\Proyecto1_G7\Proyecto1_G7.xpr
# Log file: D:/SEP/SEP_Grupo7/Proyecto1/Proyecto1_G7/vivado.log
# Journal file: D:/SEP/SEP_Grupo7/Proyecto1/Proyecto1_G7\vivado.jou
#-----------------------------------------------------------
start_gui
open_project D:/SEP/SEP_Grupo7/Proyecto1/Proyecto1_G7/Proyecto1_G7.xpr
Scanning sources...
Finished scanning sources
INFO: [IP_Flow 19-234] Refreshing IP repositories
INFO: [IP_Flow 19-1704] No user IP repositories specified
INFO: [IP_Flow 19-2313] Loaded Vivado IP repository 'D:/Xilinx_1/Vivado/2020.1/data/ip'.
update_compile_order -fileset sources_1
create_bd_design "design_1"
Wrote  : <D:\SEP\SEP_Grupo7\Proyecto1\Proyecto1_G7\Proyecto1_G7.srcs\sources_1\bd\design_1\design_1.bd> 
create_bd_design: Time (s): cpu = 00:00:07 ; elapsed = 00:00:07 . Memory (MB): peak = 1539.309 ; gain = 489.492
update_compile_order -fileset sources_1
create_bd_cell -type module -reference Debouncer Debouncer_0
create_bd_cell -type module -reference RNGCore RNGCore_0
set_property top RNGCore [current_fileset]
update_compile_order -fileset sources_1
create_bd_cell -type module -reference RNGComparator RNGComparator_0
create_bd_cell -type module -reference RNGTambor RNGTambor_0
set_property top Sep_SM [current_fileset]
update_compile_order -fileset sources_1
create_bd_cell -type module -reference ClockDivider ClockDivider_0
copy_bd_objs /  [get_bd_cells {Debouncer_0}]
copy_bd_objs /  [get_bd_cells {Debouncer_0}]
set_property location {1 67 261} [get_bd_cells Debouncer_0]
regenerate_bd_layout -routing
create_bd_port -dir I -type clk -freq_hz 125000000 clk
create_bd_port -dir I btnRNG
create_bd_port -dir I start
create_bd_port -dir I nxt
create_bd_port -dir I reset
copy_bd_objs /  [get_bd_cells {Debouncer_0}]
set_property location {-27 255} [get_bd_ports clk]
connect_bd_net [get_bd_ports clk] [get_bd_pins ClockDivider_0/clk]
copy_bd_objs /  [get_bd_cells {ClockDivider_0}]
startgroup
set_property -dict [list CONFIG.FREQ_DES {1000}] [get_bd_cells ClockDivider_0]
endgroup
connect_bd_net [get_bd_pins ClockDivider_0/clk_out] [get_bd_pins Debouncer_0/clk]
WARNING: [BD 41-1731] Type mismatch between connected pins: /ClockDivider_0/clk_out(undef) and /Debouncer_0/clk(clk)
connect_bd_net [get_bd_pins ClockDivider_0/clk_out] [get_bd_pins Debouncer_3/clk]
WARNING: [BD 41-1731] Type mismatch between connected pins: /ClockDivider_0/clk_out(undef) and /Debouncer_3/clk(clk)
connect_bd_net [get_bd_pins ClockDivider_0/clk_out] [get_bd_pins Debouncer_2/clk]
WARNING: [BD 41-1731] Type mismatch between connected pins: /ClockDivider_0/clk_out(undef) and /Debouncer_2/clk(clk)
connect_bd_net [get_bd_pins ClockDivider_0/clk_out] [get_bd_pins Debouncer_1/clk]
WARNING: [BD 41-1731] Type mismatch between connected pins: /ClockDivider_0/clk_out(undef) and /Debouncer_1/clk(clk)
connect_bd_net [get_bd_ports start] [get_bd_pins Debouncer_0/btn]
connect_bd_net [get_bd_ports btnRNG] [get_bd_pins Debouncer_3/btn]
regenerate_bd_layout -routing
regenerate_bd_layout
connect_bd_net [get_bd_ports nxt] [get_bd_pins Debouncer_2/btn]
delete_bd_objs [get_bd_nets btnRNG_1]
connect_bd_net [get_bd_ports btnRNG] [get_bd_pins Debouncer_1/btn]
connect_bd_net [get_bd_ports reset] [get_bd_pins Debouncer_3/btn]
regenerate_bd_layout -routing
regenerate_bd_layout
regenerate_bd_layout -routing
set_property top RNGCore [current_fileset]
update_compile_order -fileset sources_1
set_property top Sep_SM [current_fileset]
update_compile_order -fileset sources_1
set_property top RNGCore [current_fileset]
update_compile_order -fileset sources_1
create_bd_cell -type module -reference Sep_SM Sep_SM_0
connect_bd_net [get_bd_pins Debouncer_2/btn_out] [get_bd_pins Sep_SM_0/nxt]
connect_bd_net [get_bd_ports clk] [get_bd_pins ClockDivider_1/clk]
startgroup
set_property -dict [list CONFIG.FREQ_DES {100}] [get_bd_cells ClockDivider_1]
endgroup
connect_bd_net [get_bd_pins ClockDivider_1/clk_out] [get_bd_pins Sep_SM_0/clk]
WARNING: [BD 41-1731] Type mismatch between connected pins: /ClockDivider_1/clk_out(undef) and /Sep_SM_0/clk(clk)
regenerate_bd_layout -routing
regenerate_bd_layout
regenerate_bd_layout -routing
regenerate_bd_layout
connect_bd_net [get_bd_pins Debouncer_0/btn_out] [get_bd_pins Sep_SM_0/start]
connect_bd_net [get_bd_pins Debouncer_1/btn_out] [get_bd_pins RNGCore_0/btnRNG]
connect_bd_net [get_bd_pins Debouncer_3/btn_out] [get_bd_pins RNGTambor_0/reset]
WARNING: [BD 41-1731] Type mismatch between connected pins: /Debouncer_3/btn_out(undef) and /RNGTambor_0/reset(rst)
connect_bd_net [get_bd_pins RNGComparator_0/shoot] [get_bd_pins Sep_SM_0/shoot]
connect_bd_net [get_bd_pins Sep_SM_0/seguro] [get_bd_pins RNGComparator_0/seguro]
connect_bd_net [get_bd_pins Sep_SM_0/game_en] [get_bd_pins RNGCore_0/enable]
connect_bd_net [get_bd_pins RNGCore_0/reset] [get_bd_pins Debouncer_3/btn_out]
WARNING: [BD 41-1731] Type mismatch between connected pins: /Debouncer_3/btn_out(undef) and /RNGCore_0/reset(rst)
connect_bd_net [get_bd_pins ClockDivider_1/clk_out] [get_bd_pins RNGCore_0/clk]
WARNING: [BD 41-1731] Type mismatch between connected pins: /ClockDivider_1/clk_out(undef) and /RNGCore_0/clk(clk)
regenerate_bd_layout -routing
regenerate_bd_layout
connect_bd_net [get_bd_pins RNGCore_0/pos_bala] [get_bd_pins RNGComparator_0/pos_bala]
connect_bd_net [get_bd_pins RNGTambor_0/pos] [get_bd_pins RNGComparator_0/pos_tambor]
regenerate_bd_layout -routing
regenerate_bd_layout
create_bd_port -dir O -from 3 -to 0 leds
startgroup
connect_bd_net [get_bd_ports leds] [get_bd_pins Sep_SM_0/leds]
endgroup
create_bd_port -dir I rgb_r
undo
INFO: [Common 17-17] undo 'create_bd_port -dir I rgb_r'
create_bd_port -dir O rgb_r
startgroup
connect_bd_net [get_bd_ports rgb_r] [get_bd_pins Sep_SM_0/rgb_r]
endgroup
create_bd_port -dir I rgb_g
undo
INFO: [Common 17-17] undo 'create_bd_port -dir I rgb_g'
create_bd_port -dir O rgb_g
startgroup
connect_bd_net [get_bd_ports rgb_g] [get_bd_pins Sep_SM_0/rgb_g]
endgroup
create_bd_port -dir O rgb_b
startgroup
connect_bd_net [get_bd_ports rgb_b] [get_bd_pins Sep_SM_0/rgb_b]
endgroup
regenerate_bd_layout -routing
regenerate_bd_layout
startgroup
connect_bd_net [get_bd_pins Sep_SM_0/game_en] [get_bd_pins RNGComparator_0/enable]
endgroup
regenerate_bd_layout -routing
regenerate_bd_layout
regenerate_bd_layout -routing
regenerate_bd_layout
export_ip_user_files -of_objects  [get_files D:/SEP/SEP_Grupo7/Proyecto1/Proyecto1_G7/Proyecto1_G7.srcs/sources_1/bd/design_1/design_1.bd] -no_script -reset -force -quiet
remove_files  D:/SEP/SEP_Grupo7/Proyecto1/Proyecto1_G7/Proyecto1_G7.srcs/sources_1/bd/design_1/design_1.bd
Wrote  : <D:/SEP/SEP_Grupo7/Proyecto1/Proyecto1_G7/Proyecto1_G7.srcs/sources_1/bd/design_1/ui/bd_1f5defd0.ui> 
create_bd_design "RNGCore_imp"
Wrote  : <D:\SEP\SEP_Grupo7\Proyecto1\Proyecto1_G7\Proyecto1_G7.srcs\sources_1\bd\RNGCore_imp\RNGCore_imp.bd> 
update_compile_order -fileset sources_1
create_bd_cell -type module -reference RNGCore RNGCore_0
create_bd_cell -type module -reference Debouncer Debouncer_0
copy_bd_objs /  [get_bd_cells {Debouncer_0}]
copy_bd_objs /  [get_bd_cells {Debouncer_0}]
copy_bd_objs /  [get_bd_cells {Debouncer_0}]
delete_bd_objs [get_bd_cells Debouncer_3]
create_bd_port -dir I -type clk -freq_hz 125000000 clk
connect_bd_net [get_bd_ports clk] [get_bd_pins Debouncer_0/clk]
connect_bd_net [get_bd_ports clk] [get_bd_pins Debouncer_1/clk]
connect_bd_net [get_bd_ports clk] [get_bd_pins Debouncer_2/clk]
create_bd_port -dir I reset
create_bd_port -dir I btnRNG
delete_bd_objs [get_bd_cells Debouncer_2]
connect_bd_net [get_bd_ports reset] [get_bd_pins Debouncer_1/btn]
connect_bd_net [get_bd_ports btnRNG] [get_bd_pins Debouncer_0/btn]
connect_bd_net [get_bd_pins Debouncer_1/btn_out] [get_bd_pins RNGCore_0/reset]
WARNING: [BD 41-1731] Type mismatch between connected pins: /Debouncer_1/btn_out(undef) and /RNGCore_0/reset(rst)
update_module_reference RNGCore_imp_RNGCore_0_0
INFO: [IP_Flow 19-5107] Inferred bus interface 'reset' of definition 'xilinx.com:signal:reset:1.0' (from Xilinx Repository).
INFO: [IP_Flow 19-5107] Inferred bus interface 'clk' of definition 'xilinx.com:signal:clock:1.0' (from Xilinx Repository).
INFO: [IP_Flow 19-4728] Bus Interface 'clk': Added interface parameter 'ASSOCIATED_RESET' with value 'reset'.
WARNING: [IP_Flow 19-5661] Bus Interface 'clk' does not have any bus interfaces associated with it.
INFO: [IP_Flow 19-234] Refreshing IP repositories
INFO: [IP_Flow 19-1704] No user IP repositories specified
Upgrading 'D:/SEP/SEP_Grupo7/Proyecto1/Proyecto1_G7/Proyecto1_G7.srcs/sources_1/bd/RNGCore_imp/RNGCore_imp.bd'
INFO: [IP_Flow 19-1972] Upgraded RNGCore_imp_RNGCore_0_0 from RNGCore_v1_0 1.0 to RNGCore_v1_0 1.0
WARNING: [BD 41-1731] Type mismatch between connected pins: /Debouncer_1/btn_out(undef) and /RNGCore_0_upgraded_ipi/reset(rst)
Wrote  : <D:\SEP\SEP_Grupo7\Proyecto1\Proyecto1_G7\Proyecto1_G7.srcs\sources_1\bd\RNGCore_imp\RNGCore_imp.bd> 
Wrote  : <D:/SEP/SEP_Grupo7/Proyecto1/Proyecto1_G7/Proyecto1_G7.srcs/sources_1/bd/RNGCore_imp/ui/bd_22383b77.ui> 
connect_bd_net [get_bd_pins Debouncer_0/btn_out] [get_bd_pins RNGCore_0/btnRNG]
create_bd_cell -type module -reference ClockDivider ClockDivider_0
connect_bd_net [get_bd_ports clk] [get_bd_pins ClockDivider_0/clk]
startgroup
set_property -dict [list CONFIG.FREQ_DES {100}] [get_bd_cells ClockDivider_0]
endgroup
connect_bd_net [get_bd_pins ClockDivider_0/clk_out] [get_bd_pins RNGCore_0/clk]
WARNING: [BD 41-1731] Type mismatch between connected pins: /ClockDivider_0/clk_out(undef) and /RNGCore_0/clk(clk)
regenerate_bd_layout -routing
regenerate_bd_layout
create_bd_port -dir I enable
connect_bd_net [get_bd_ports enable] [get_bd_pins RNGCore_0/enable]
regenerate_bd_layout -routing
regenerate_bd_layout
set_property location {1 110 116} [get_bd_cells Debouncer_1]
set_property location {1 108 342} [get_bd_cells Debouncer_0]
regenerate_bd_layout -routing
update_module_reference RNGCore_imp_RNGCore_0_0
INFO: [IP_Flow 19-5107] Inferred bus interface 'reset' of definition 'xilinx.com:signal:reset:1.0' (from Xilinx Repository).
INFO: [IP_Flow 19-5107] Inferred bus interface 'clk' of definition 'xilinx.com:signal:clock:1.0' (from Xilinx Repository).
INFO: [IP_Flow 19-4728] Bus Interface 'clk': Added interface parameter 'ASSOCIATED_RESET' with value 'reset'.
WARNING: [IP_Flow 19-5661] Bus Interface 'clk' does not have any bus interfaces associated with it.
INFO: [IP_Flow 19-234] Refreshing IP repositories
INFO: [IP_Flow 19-1704] No user IP repositories specified
Upgrading 'D:/SEP/SEP_Grupo7/Proyecto1/Proyecto1_G7/Proyecto1_G7.srcs/sources_1/bd/RNGCore_imp/RNGCore_imp.bd'
INFO: [IP_Flow 19-1972] Upgraded RNGCore_imp_RNGCore_0_0 from RNGCore_v1_0 1.0 to RNGCore_v1_0 1.0
WARNING: [BD 41-1731] Type mismatch between connected pins: /ClockDivider_0/clk_out(undef) and /RNGCore_0_upgraded_ipi/clk(clk)
WARNING: [BD 41-1731] Type mismatch between connected pins: /Debouncer_1/btn_out(undef) and /RNGCore_0_upgraded_ipi/reset(rst)
Wrote  : <D:\SEP\SEP_Grupo7\Proyecto1\Proyecto1_G7\Proyecto1_G7.srcs\sources_1\bd\RNGCore_imp\RNGCore_imp.bd> 
Wrote  : <D:/SEP/SEP_Grupo7/Proyecto1/Proyecto1_G7/Proyecto1_G7.srcs/sources_1/bd/RNGCore_imp/ui/bd_22383b77.ui> 
create_bd_port -dir O -from 2 -to 0 leds
startgroup
connect_bd_net [get_bd_ports leds] [get_bd_pins RNGCore_0/pos_bala]
endgroup
create_bd_port -dir O rgb_b
connect_bd_net [get_bd_ports rgb_b] [get_bd_pins RNGCore_0/ending]
regenerate_bd_layout -routing
set_property location {512 183} [get_bd_ports leds]
set_property location {510 216} [get_bd_ports leds]
set_property location {511 206} [get_bd_ports leds]
make_wrapper -files [get_files D:/SEP/SEP_Grupo7/Proyecto1/Proyecto1_G7/Proyecto1_G7.srcs/sources_1/bd/RNGCore_imp/RNGCore_imp.bd] -top
WARNING: [BD 41-927] Following properties on pin /Debouncer_0/clk have been updated from connected ip, but BD cell '/Debouncer_0' does not accept parameter changes, so they may not be synchronized with cell properties:
	FREQ_HZ = 125000000 
Please resolve any mismatches by directly setting properties on BD cell </Debouncer_0> to completely resolve these warnings.
WARNING: [BD 41-927] Following properties on pin /Debouncer_1/clk have been updated from connected ip, but BD cell '/Debouncer_1' does not accept parameter changes, so they may not be synchronized with cell properties:
	FREQ_HZ = 125000000 
Please resolve any mismatches by directly setting properties on BD cell </Debouncer_1> to completely resolve these warnings.
WARNING: [BD 41-927] Following properties on pin /ClockDivider_0/clk have been updated from connected ip, but BD cell '/ClockDivider_0' does not accept parameter changes, so they may not be synchronized with cell properties:
	FREQ_HZ = 125000000 
Please resolve any mismatches by directly setting properties on BD cell </ClockDivider_0> to completely resolve these warnings.
Wrote  : <D:\SEP\SEP_Grupo7\Proyecto1\Proyecto1_G7\Proyecto1_G7.srcs\sources_1\bd\RNGCore_imp\RNGCore_imp.bd> 
Wrote  : <D:/SEP/SEP_Grupo7/Proyecto1/Proyecto1_G7/Proyecto1_G7.srcs/sources_1/bd/RNGCore_imp/ui/bd_22383b77.ui> 
VHDL Output written to : D:/SEP/SEP_Grupo7/Proyecto1/Proyecto1_G7/Proyecto1_G7.srcs/sources_1/bd/RNGCore_imp/synth/RNGCore_imp.vhd
VHDL Output written to : D:/SEP/SEP_Grupo7/Proyecto1/Proyecto1_G7/Proyecto1_G7.srcs/sources_1/bd/RNGCore_imp/sim/RNGCore_imp.vhd
VHDL Output written to : D:/SEP/SEP_Grupo7/Proyecto1/Proyecto1_G7/Proyecto1_G7.srcs/sources_1/bd/RNGCore_imp/hdl/RNGCore_imp_wrapper.vhd
add_files -norecurse D:/SEP/SEP_Grupo7/Proyecto1/Proyecto1_G7/Proyecto1_G7.srcs/sources_1/bd/RNGCore_imp/hdl/RNGCore_imp_wrapper.vhd
update_compile_order -fileset sources_1
set_property top RNGCore_imp_wrapper [current_fileset]
update_compile_order -fileset sources_1
close_bd_design [get_bd_designs RNGCore_imp]
reset_run synth_1
launch_runs synth_1 -jobs 11
WARNING: [BD 41-1731] Type mismatch between connected pins: /Debouncer_1/btn_out(undef) and /RNGCore_0/reset(rst)
WARNING: [BD 41-1731] Type mismatch between connected pins: /ClockDivider_0/clk_out(undef) and /RNGCore_0/clk(clk)
INFO: [BD 41-1662] The design 'RNGCore_imp.bd' is already validated. Therefore parameter propagation will not be re-run.
VHDL Output written to : D:/SEP/SEP_Grupo7/Proyecto1/Proyecto1_G7/Proyecto1_G7.srcs/sources_1/bd/RNGCore_imp/synth/RNGCore_imp.vhd
VHDL Output written to : D:/SEP/SEP_Grupo7/Proyecto1/Proyecto1_G7/Proyecto1_G7.srcs/sources_1/bd/RNGCore_imp/sim/RNGCore_imp.vhd
VHDL Output written to : D:/SEP/SEP_Grupo7/Proyecto1/Proyecto1_G7/Proyecto1_G7.srcs/sources_1/bd/RNGCore_imp/hdl/RNGCore_imp_wrapper.vhd
INFO: [BD 41-1029] Generation completed for the IP Integrator block RNGCore_0 .
INFO: [BD 41-1029] Generation completed for the IP Integrator block Debouncer_0 .
INFO: [BD 41-1029] Generation completed for the IP Integrator block Debouncer_1 .
INFO: [BD 41-1029] Generation completed for the IP Integrator block ClockDivider_0 .
Exporting to file D:/SEP/SEP_Grupo7/Proyecto1/Proyecto1_G7/Proyecto1_G7.srcs/sources_1/bd/RNGCore_imp/hw_handoff/RNGCore_imp.hwh
Generated Block Design Tcl file D:/SEP/SEP_Grupo7/Proyecto1/Proyecto1_G7/Proyecto1_G7.srcs/sources_1/bd/RNGCore_imp/hw_handoff/RNGCore_imp_bd.tcl
Generated Hardware Definition File D:/SEP/SEP_Grupo7/Proyecto1/Proyecto1_G7/Proyecto1_G7.srcs/sources_1/bd/RNGCore_imp/synth/RNGCore_imp.hwdef
[Mon Mar 30 00:20:22 2026] Launched RNGCore_imp_Debouncer_0_0_synth_1, RNGCore_imp_RNGCore_0_0_synth_1, RNGCore_imp_Debouncer_0_1_synth_1, RNGCore_imp_ClockDivider_0_0_synth_1...
Run output will be captured here:
RNGCore_imp_Debouncer_0_0_synth_1: D:/SEP/SEP_Grupo7/Proyecto1/Proyecto1_G7/Proyecto1_G7.runs/RNGCore_imp_Debouncer_0_0_synth_1/runme.log
RNGCore_imp_RNGCore_0_0_synth_1: D:/SEP/SEP_Grupo7/Proyecto1/Proyecto1_G7/Proyecto1_G7.runs/RNGCore_imp_RNGCore_0_0_synth_1/runme.log
RNGCore_imp_Debouncer_0_1_synth_1: D:/SEP/SEP_Grupo7/Proyecto1/Proyecto1_G7/Proyecto1_G7.runs/RNGCore_imp_Debouncer_0_1_synth_1/runme.log
RNGCore_imp_ClockDivider_0_0_synth_1: D:/SEP/SEP_Grupo7/Proyecto1/Proyecto1_G7/Proyecto1_G7.runs/RNGCore_imp_ClockDivider_0_0_synth_1/runme.log
[Mon Mar 30 00:20:22 2026] Launched synth_1...
Run output will be captured here: D:/SEP/SEP_Grupo7/Proyecto1/Proyecto1_G7/Proyecto1_G7.runs/synth_1/runme.log
launch_runs: Time (s): cpu = 00:00:03 ; elapsed = 00:00:09 . Memory (MB): peak = 2583.320 ; gain = 0.000
open_bd_design {D:/SEP/SEP_Grupo7/Proyecto1/Proyecto1_G7/Proyecto1_G7.srcs/sources_1/bd/RNGCore_imp/RNGCore_imp.bd}
Adding component instance block -- xilinx.com:module_ref:Debouncer:1.0 - Debouncer_0
Adding component instance block -- xilinx.com:module_ref:Debouncer:1.0 - Debouncer_1
Adding component instance block -- xilinx.com:module_ref:ClockDivider:1.0 - ClockDivider_0
Adding component instance block -- xilinx.com:module_ref:RNGCore:1.0 - RNGCore_0
WARNING: [BD 41-1731] Type mismatch between connected pins: /Debouncer_1/btn_out(undef) and /RNGCore_0/reset(rst)
WARNING: [BD 41-1731] Type mismatch between connected pins: /ClockDivider_0/clk_out(undef) and /RNGCore_0/clk(clk)
Successfully read diagram <RNGCore_imp> from BD file <D:/SEP/SEP_Grupo7/Proyecto1/Proyecto1_G7/Proyecto1_G7.srcs/sources_1/bd/RNGCore_imp/RNGCore_imp.bd>
close_bd_design [get_bd_designs RNGCore_imp]
Wrote  : <D:/SEP/SEP_Grupo7/Proyecto1/Proyecto1_G7/Proyecto1_G7.srcs/sources_1/bd/RNGCore_imp/ui/bd_22383b77.ui> 
open_bd_design {D:/SEP/SEP_Grupo7/Proyecto1/Proyecto1_G7/Proyecto1_G7.srcs/sources_1/bd/RNGCore_imp/RNGCore_imp.bd}
Adding component instance block -- xilinx.com:module_ref:Debouncer:1.0 - Debouncer_0
Adding component instance block -- xilinx.com:module_ref:Debouncer:1.0 - Debouncer_1
Adding component instance block -- xilinx.com:module_ref:ClockDivider:1.0 - ClockDivider_0
Adding component instance block -- xilinx.com:module_ref:RNGCore:1.0 - RNGCore_0
WARNING: [BD 41-1731] Type mismatch between connected pins: /Debouncer_1/btn_out(undef) and /RNGCore_0/reset(rst)
WARNING: [BD 41-1731] Type mismatch between connected pins: /ClockDivider_0/clk_out(undef) and /RNGCore_0/clk(clk)
Successfully read diagram <RNGCore_imp> from BD file <D:/SEP/SEP_Grupo7/Proyecto1/Proyecto1_G7/Proyecto1_G7.srcs/sources_1/bd/RNGCore_imp/RNGCore_imp.bd>
close_bd_design [get_bd_designs RNGCore_imp]
Wrote  : <D:/SEP/SEP_Grupo7/Proyecto1/Proyecto1_G7/Proyecto1_G7.srcs/sources_1/bd/RNGCore_imp/ui/bd_22383b77.ui> 
update_module_reference RNGCore_imp_RNGCore_0_0
INFO: [IP_Flow 19-5107] Inferred bus interface 'reset' of definition 'xilinx.com:signal:reset:1.0' (from Xilinx Repository).
INFO: [IP_Flow 19-5107] Inferred bus interface 'clk' of definition 'xilinx.com:signal:clock:1.0' (from Xilinx Repository).
INFO: [IP_Flow 19-4728] Bus Interface 'clk': Added interface parameter 'ASSOCIATED_RESET' with value 'reset'.
WARNING: [IP_Flow 19-5661] Bus Interface 'clk' does not have any bus interfaces associated with it.
INFO: [IP_Flow 19-234] Refreshing IP repositories
INFO: [IP_Flow 19-1704] No user IP repositories specified
Adding component instance block -- xilinx.com:module_ref:Debouncer:1.0 - Debouncer_0
Adding component instance block -- xilinx.com:module_ref:Debouncer:1.0 - Debouncer_1
Adding component instance block -- xilinx.com:module_ref:ClockDivider:1.0 - ClockDivider_0
Adding component instance block -- xilinx.com:module_ref:RNGCore:1.0 - RNGCore_0
WARNING: [BD 41-1731] Type mismatch between connected pins: /Debouncer_1/btn_out(undef) and /RNGCore_0/reset(rst)
WARNING: [BD 41-1731] Type mismatch between connected pins: /ClockDivider_0/clk_out(undef) and /RNGCore_0/clk(clk)
Successfully read diagram <RNGCore_imp> from BD file <D:/SEP/SEP_Grupo7/Proyecto1/Proyecto1_G7/Proyecto1_G7.srcs/sources_1/bd/RNGCore_imp/RNGCore_imp.bd>
Upgrading 'D:/SEP/SEP_Grupo7/Proyecto1/Proyecto1_G7/Proyecto1_G7.srcs/sources_1/bd/RNGCore_imp/RNGCore_imp.bd'
INFO: [IP_Flow 19-1972] Upgraded RNGCore_imp_RNGCore_0_0 from RNGCore_v1_0 1.0 to RNGCore_v1_0 1.0
WARNING: [BD 41-1731] Type mismatch between connected pins: /ClockDivider_0/clk_out(undef) and /RNGCore_0_upgraded_ipi/clk(clk)
WARNING: [BD 41-1731] Type mismatch between connected pins: /Debouncer_1/btn_out(undef) and /RNGCore_0_upgraded_ipi/reset(rst)
Wrote  : <D:\SEP\SEP_Grupo7\Proyecto1\Proyecto1_G7\Proyecto1_G7.srcs\sources_1\bd\RNGCore_imp\RNGCore_imp.bd> 
regenerate_bd_layout
delete_bd_objs [get_bd_nets ClockDivider_0_clk_out] [get_bd_nets Debouncer_1_btn_out] [get_bd_nets enable_1] [get_bd_nets Debouncer_0_btn_out] [get_bd_nets RNGCore_0_pos_bala] [get_bd_nets RNGCore_0_ending] [get_bd_cells RNGCore_0]
update_compile_order -fileset sources_1
create_bd_cell -type module -reference RNGCore RNGCore_0
set_property location {2 329 192} [get_bd_cells RNGCore_0]
connect_bd_net [get_bd_ports enable] [get_bd_pins RNGCore_0/enable]
connect_bd_net [get_bd_pins Debouncer_0/btn_out] [get_bd_pins RNGCore_0/btnRNG]
connect_bd_net [get_bd_pins Debouncer_1/btn_out] [get_bd_pins RNGCore_0/reset]
WARNING: [BD 41-1731] Type mismatch between connected pins: /Debouncer_1/btn_out(undef) and /RNGCore_0/reset(rst)
connect_bd_net [get_bd_pins ClockDivider_0/clk_out] [get_bd_pins RNGCore_0/clk]
WARNING: [BD 41-1731] Type mismatch between connected pins: /ClockDivider_0/clk_out(undef) and /RNGCore_0/clk(clk)
connect_bd_net [get_bd_ports leds] [get_bd_pins RNGCore_0/pos_bala]
connect_bd_net [get_bd_ports rgb_b] [get_bd_pins RNGCore_0/ending]
regenerate_bd_layout -routing
regenerate_bd_layout
regenerate_bd_layout -routing
save_bd_design
Wrote  : <D:\SEP\SEP_Grupo7\Proyecto1\Proyecto1_G7\Proyecto1_G7.srcs\sources_1\bd\RNGCore_imp\RNGCore_imp.bd> 
Wrote  : <D:/SEP/SEP_Grupo7/Proyecto1/Proyecto1_G7/Proyecto1_G7.srcs/sources_1/bd/RNGCore_imp/ui/bd_22383b77.ui> 
update_compile_order -fileset sources_1
close_bd_design [get_bd_designs RNGCore_imp]
open_bd_design {D:/SEP/SEP_Grupo7/Proyecto1/Proyecto1_G7/Proyecto1_G7.srcs/sources_1/bd/RNGCore_imp/RNGCore_imp.bd}
Adding component instance block -- xilinx.com:module_ref:Debouncer:1.0 - Debouncer_0
Adding component instance block -- xilinx.com:module_ref:Debouncer:1.0 - Debouncer_1
Adding component instance block -- xilinx.com:module_ref:ClockDivider:1.0 - ClockDivider_0
Adding component instance block -- xilinx.com:module_ref:RNGCore:1.0 - RNGCore_0
WARNING: [BD 41-1731] Type mismatch between connected pins: /Debouncer_1/btn_out(undef) and /RNGCore_0/reset(rst)
WARNING: [BD 41-1731] Type mismatch between connected pins: /ClockDivider_0/clk_out(undef) and /RNGCore_0/clk(clk)
Successfully read diagram <RNGCore_imp> from BD file <D:/SEP/SEP_Grupo7/Proyecto1/Proyecto1_G7/Proyecto1_G7.srcs/sources_1/bd/RNGCore_imp/RNGCore_imp.bd>
regenerate_bd_layout
validate_bd_design
WARNING: [BD 41-927] Following properties on pin /Debouncer_0/clk have been updated from connected ip, but BD cell '/Debouncer_0' does not accept parameter changes, so they may not be synchronized with cell properties:
	FREQ_HZ = 125000000 
Please resolve any mismatches by directly setting properties on BD cell </Debouncer_0> to completely resolve these warnings.
WARNING: [BD 41-927] Following properties on pin /Debouncer_1/clk have been updated from connected ip, but BD cell '/Debouncer_1' does not accept parameter changes, so they may not be synchronized with cell properties:
	FREQ_HZ = 125000000 
Please resolve any mismatches by directly setting properties on BD cell </Debouncer_1> to completely resolve these warnings.
WARNING: [BD 41-927] Following properties on pin /ClockDivider_0/clk have been updated from connected ip, but BD cell '/ClockDivider_0' does not accept parameter changes, so they may not be synchronized with cell properties:
	FREQ_HZ = 125000000 
Please resolve any mismatches by directly setting properties on BD cell </ClockDivider_0> to completely resolve these warnings.
make_wrapper -files [get_files D:/SEP/SEP_Grupo7/Proyecto1/Proyecto1_G7/Proyecto1_G7.srcs/sources_1/bd/RNGCore_imp/RNGCore_imp.bd] -top
INFO: [BD 41-1662] The design 'RNGCore_imp.bd' is already validated. Therefore parameter propagation will not be re-run.
Wrote  : <D:\SEP\SEP_Grupo7\Proyecto1\Proyecto1_G7\Proyecto1_G7.srcs\sources_1\bd\RNGCore_imp\RNGCore_imp.bd> 
VHDL Output written to : D:/SEP/SEP_Grupo7/Proyecto1/Proyecto1_G7/Proyecto1_G7.srcs/sources_1/bd/RNGCore_imp/synth/RNGCore_imp.vhd
VHDL Output written to : D:/SEP/SEP_Grupo7/Proyecto1/Proyecto1_G7/Proyecto1_G7.srcs/sources_1/bd/RNGCore_imp/sim/RNGCore_imp.vhd
VHDL Output written to : D:/SEP/SEP_Grupo7/Proyecto1/Proyecto1_G7/Proyecto1_G7.srcs/sources_1/bd/RNGCore_imp/hdl/RNGCore_imp_wrapper.vhd
reset_run synth_1
launch_runs synth_1 -jobs 11
INFO: [BD 41-1662] The design 'RNGCore_imp.bd' is already validated. Therefore parameter propagation will not be re-run.
Wrote  : <D:\SEP\SEP_Grupo7\Proyecto1\Proyecto1_G7\Proyecto1_G7.srcs\sources_1\bd\RNGCore_imp\RNGCore_imp.bd> 
VHDL Output written to : D:/SEP/SEP_Grupo7/Proyecto1/Proyecto1_G7/Proyecto1_G7.srcs/sources_1/bd/RNGCore_imp/synth/RNGCore_imp.vhd
VHDL Output written to : D:/SEP/SEP_Grupo7/Proyecto1/Proyecto1_G7/Proyecto1_G7.srcs/sources_1/bd/RNGCore_imp/sim/RNGCore_imp.vhd
VHDL Output written to : D:/SEP/SEP_Grupo7/Proyecto1/Proyecto1_G7/Proyecto1_G7.srcs/sources_1/bd/RNGCore_imp/hdl/RNGCore_imp_wrapper.vhd
INFO: [BD 41-1029] Generation completed for the IP Integrator block RNGCore_0 .
Exporting to file D:/SEP/SEP_Grupo7/Proyecto1/Proyecto1_G7/Proyecto1_G7.srcs/sources_1/bd/RNGCore_imp/hw_handoff/RNGCore_imp.hwh
Generated Block Design Tcl file D:/SEP/SEP_Grupo7/Proyecto1/Proyecto1_G7/Proyecto1_G7.srcs/sources_1/bd/RNGCore_imp/hw_handoff/RNGCore_imp_bd.tcl
Generated Hardware Definition File D:/SEP/SEP_Grupo7/Proyecto1/Proyecto1_G7/Proyecto1_G7.srcs/sources_1/bd/RNGCore_imp/synth/RNGCore_imp.hwdef
[Mon Mar 30 00:28:23 2026] Launched RNGCore_imp_RNGCore_0_1_synth_1...
Run output will be captured here: D:/SEP/SEP_Grupo7/Proyecto1/Proyecto1_G7/Proyecto1_G7.runs/RNGCore_imp_RNGCore_0_1_synth_1/runme.log
[Mon Mar 30 00:28:23 2026] Launched synth_1...
Run output will be captured here: D:/SEP/SEP_Grupo7/Proyecto1/Proyecto1_G7/Proyecto1_G7.runs/synth_1/runme.log
update_module_reference RNGCore_imp_RNGCore_0_1
INFO: [IP_Flow 19-5107] Inferred bus interface 'reset' of definition 'xilinx.com:signal:reset:1.0' (from Xilinx Repository).
INFO: [IP_Flow 19-5107] Inferred bus interface 'clk' of definition 'xilinx.com:signal:clock:1.0' (from Xilinx Repository).
INFO: [IP_Flow 19-4728] Bus Interface 'clk': Added interface parameter 'ASSOCIATED_RESET' with value 'reset'.
WARNING: [IP_Flow 19-5661] Bus Interface 'clk' does not have any bus interfaces associated with it.
INFO: [IP_Flow 19-234] Refreshing IP repositories
INFO: [IP_Flow 19-1704] No user IP repositories specified
Upgrading 'D:/SEP/SEP_Grupo7/Proyecto1/Proyecto1_G7/Proyecto1_G7.srcs/sources_1/bd/RNGCore_imp/RNGCore_imp.bd'
INFO: [IP_Flow 19-1972] Upgraded RNGCore_imp_RNGCore_0_1 from RNGCore_v1_0 1.0 to RNGCore_v1_0 1.0
WARNING: [IP_Flow 19-4706] Upgraded port 'pos_bala' width 4 differs from original width 3
WARNING: [IP_Flow 19-3298] Detected external port differences while upgrading 'RNGCore_imp_RNGCore_0_1'. These changes may impact your design.
WARNING: [BD 41-1731] Type mismatch between connected pins: /ClockDivider_0/clk_out(undef) and /RNGCore_0_upgraded_ipi/clk(clk)
WARNING: [BD 41-1731] Type mismatch between connected pins: /Debouncer_1/btn_out(undef) and /RNGCore_0_upgraded_ipi/reset(rst)
CRITICAL WARNING: [Coretcl 2-1280] The upgrade of 'RNGCore_imp_RNGCore_0_1' has identified issues that may require user intervention. Please verify that the instance is correctly configured, and review any upgrade messages.
Wrote  : <D:\SEP\SEP_Grupo7\Proyecto1\Proyecto1_G7\Proyecto1_G7.srcs\sources_1\bd\RNGCore_imp\RNGCore_imp.bd> 
update_module_reference RNGCore_imp_RNGCore_0_1
INFO: [IP_Flow 19-5107] Inferred bus interface 'reset' of definition 'xilinx.com:signal:reset:1.0' (from Xilinx Repository).
INFO: [IP_Flow 19-5107] Inferred bus interface 'clk' of definition 'xilinx.com:signal:clock:1.0' (from Xilinx Repository).
INFO: [IP_Flow 19-4728] Bus Interface 'clk': Added interface parameter 'ASSOCIATED_RESET' with value 'reset'.
WARNING: [IP_Flow 19-5661] Bus Interface 'clk' does not have any bus interfaces associated with it.
INFO: [IP_Flow 19-234] Refreshing IP repositories
INFO: [IP_Flow 19-1704] No user IP repositories specified
Upgrading 'D:/SEP/SEP_Grupo7/Proyecto1/Proyecto1_G7/Proyecto1_G7.srcs/sources_1/bd/RNGCore_imp/RNGCore_imp.bd'
INFO: [IP_Flow 19-1972] Upgraded RNGCore_imp_RNGCore_0_1 from RNGCore_v1_0 1.0 to RNGCore_v1_0 1.0
WARNING: [BD 41-1731] Type mismatch between connected pins: /ClockDivider_0/clk_out(undef) and /RNGCore_0_upgraded_ipi/clk(clk)
WARNING: [BD 41-1731] Type mismatch between connected pins: /Debouncer_1/btn_out(undef) and /RNGCore_0_upgraded_ipi/reset(rst)
Wrote  : <D:\SEP\SEP_Grupo7\Proyecto1\Proyecto1_G7\Proyecto1_G7.srcs\sources_1\bd\RNGCore_imp\RNGCore_imp.bd> 
delete_bd_objs [get_bd_nets RNGCore_0_pos_bala] [get_bd_ports leds]
create_bd_port -dir O -from 3 -to 0 leds
startgroup
connect_bd_net [get_bd_ports leds] [get_bd_pins RNGCore_0/pos_bala]
endgroup
regenerate_bd_layout -routing
set_property location {1 131 442} [get_bd_cells Debouncer_0]
set_property location {1 110 201} [get_bd_cells Debouncer_1]
set_property location {1 120 117} [get_bd_cells Debouncer_1]
regenerate_bd_layout -routing
save_bd_design
Wrote  : <D:\SEP\SEP_Grupo7\Proyecto1\Proyecto1_G7\Proyecto1_G7.srcs\sources_1\bd\RNGCore_imp\RNGCore_imp.bd> 
Wrote  : <D:/SEP/SEP_Grupo7/Proyecto1/Proyecto1_G7/Proyecto1_G7.srcs/sources_1/bd/RNGCore_imp/ui/bd_22383b77.ui> 
make_wrapper -files [get_files D:/SEP/SEP_Grupo7/Proyecto1/Proyecto1_G7/Proyecto1_G7.srcs/sources_1/bd/RNGCore_imp/RNGCore_imp.bd] -top
WARNING: [BD 41-927] Following properties on pin /Debouncer_0/clk have been updated from connected ip, but BD cell '/Debouncer_0' does not accept parameter changes, so they may not be synchronized with cell properties:
	FREQ_HZ = 125000000 
Please resolve any mismatches by directly setting properties on BD cell </Debouncer_0> to completely resolve these warnings.
WARNING: [BD 41-927] Following properties on pin /Debouncer_1/clk have been updated from connected ip, but BD cell '/Debouncer_1' does not accept parameter changes, so they may not be synchronized with cell properties:
	FREQ_HZ = 125000000 
Please resolve any mismatches by directly setting properties on BD cell </Debouncer_1> to completely resolve these warnings.
WARNING: [BD 41-927] Following properties on pin /ClockDivider_0/clk have been updated from connected ip, but BD cell '/ClockDivider_0' does not accept parameter changes, so they may not be synchronized with cell properties:
	FREQ_HZ = 125000000 
Please resolve any mismatches by directly setting properties on BD cell </ClockDivider_0> to completely resolve these warnings.
Wrote  : <D:\SEP\SEP_Grupo7\Proyecto1\Proyecto1_G7\Proyecto1_G7.srcs\sources_1\bd\RNGCore_imp\RNGCore_imp.bd> 
VHDL Output written to : D:/SEP/SEP_Grupo7/Proyecto1/Proyecto1_G7/Proyecto1_G7.srcs/sources_1/bd/RNGCore_imp/synth/RNGCore_imp.vhd
VHDL Output written to : D:/SEP/SEP_Grupo7/Proyecto1/Proyecto1_G7/Proyecto1_G7.srcs/sources_1/bd/RNGCore_imp/sim/RNGCore_imp.vhd
VHDL Output written to : D:/SEP/SEP_Grupo7/Proyecto1/Proyecto1_G7/Proyecto1_G7.srcs/sources_1/bd/RNGCore_imp/hdl/RNGCore_imp_wrapper.vhd
reset_run synth_1
launch_runs synth_1 -jobs 11
INFO: [BD 41-1662] The design 'RNGCore_imp.bd' is already validated. Therefore parameter propagation will not be re-run.
Wrote  : <D:\SEP\SEP_Grupo7\Proyecto1\Proyecto1_G7\Proyecto1_G7.srcs\sources_1\bd\RNGCore_imp\RNGCore_imp.bd> 
VHDL Output written to : D:/SEP/SEP_Grupo7/Proyecto1/Proyecto1_G7/Proyecto1_G7.srcs/sources_1/bd/RNGCore_imp/synth/RNGCore_imp.vhd
VHDL Output written to : D:/SEP/SEP_Grupo7/Proyecto1/Proyecto1_G7/Proyecto1_G7.srcs/sources_1/bd/RNGCore_imp/sim/RNGCore_imp.vhd
VHDL Output written to : D:/SEP/SEP_Grupo7/Proyecto1/Proyecto1_G7/Proyecto1_G7.srcs/sources_1/bd/RNGCore_imp/hdl/RNGCore_imp_wrapper.vhd
INFO: [BD 41-1029] Generation completed for the IP Integrator block RNGCore_0 .
Exporting to file D:/SEP/SEP_Grupo7/Proyecto1/Proyecto1_G7/Proyecto1_G7.srcs/sources_1/bd/RNGCore_imp/hw_handoff/RNGCore_imp.hwh
Generated Block Design Tcl file D:/SEP/SEP_Grupo7/Proyecto1/Proyecto1_G7/Proyecto1_G7.srcs/sources_1/bd/RNGCore_imp/hw_handoff/RNGCore_imp_bd.tcl
Generated Hardware Definition File D:/SEP/SEP_Grupo7/Proyecto1/Proyecto1_G7/Proyecto1_G7.srcs/sources_1/bd/RNGCore_imp/synth/RNGCore_imp.hwdef
[Mon Mar 30 00:32:16 2026] Launched RNGCore_imp_RNGCore_0_1_synth_1...
Run output will be captured here: D:/SEP/SEP_Grupo7/Proyecto1/Proyecto1_G7/Proyecto1_G7.runs/RNGCore_imp_RNGCore_0_1_synth_1/runme.log
[Mon Mar 30 00:32:16 2026] Launched synth_1...
Run output will be captured here: D:/SEP/SEP_Grupo7/Proyecto1/Proyecto1_G7/Proyecto1_G7.runs/synth_1/runme.log
reset_run synth_1
launch_runs impl_1 -jobs 11
[Mon Mar 30 01:05:45 2026] Launched synth_1...
Run output will be captured here: D:/SEP/SEP_Grupo7/Proyecto1/Proyecto1_G7/Proyecto1_G7.runs/synth_1/runme.log
[Mon Mar 30 01:05:45 2026] Launched impl_1...
Run output will be captured here: D:/SEP/SEP_Grupo7/Proyecto1/Proyecto1_G7/Proyecto1_G7.runs/impl_1/runme.log
reset_run synth_1
launch_runs impl_1 -jobs 11
[Mon Mar 30 01:24:51 2026] Launched synth_1...
Run output will be captured here: D:/SEP/SEP_Grupo7/Proyecto1/Proyecto1_G7/Proyecto1_G7.runs/synth_1/runme.log
[Mon Mar 30 01:24:51 2026] Launched impl_1...
Run output will be captured here: D:/SEP/SEP_Grupo7/Proyecto1/Proyecto1_G7/Proyecto1_G7.runs/impl_1/runme.log
launch_runs impl_1 -to_step write_bitstream -jobs 11
[Mon Mar 30 01:26:08 2026] Launched impl_1...
Run output will be captured here: D:/SEP/SEP_Grupo7/Proyecto1/Proyecto1_G7/Proyecto1_G7.runs/impl_1/runme.log
open_hw_manager
connect_hw_server -allow_non_jtag
INFO: [Labtools 27-2285] Connecting to hw_server url TCP:localhost:3121
INFO: [Labtools 27-2222] Launching hw_server...
INFO: [Labtools 27-2221] Launch Output:

****** Xilinx hw_server v2020.1
  **** Build date : May 27 2020 at 20:24:38
    ** Copyright 1986-2020 Xilinx, Inc. All Rights Reserved.


INFO: [Labtools 27-3415] Connecting to cs_server url TCP:localhost:3042
INFO: [Labtools 27-3417] Launching cs_server...
INFO: [Labtools 27-2221] Launch Output:


****** Xilinx cs_server v2020.1.0
  **** Build date : May 13 2020-21:10:29
    ** Copyright 2017-2020 Xilinx, Inc. All Rights Reserved.



connect_hw_server: Time (s): cpu = 00:00:00 ; elapsed = 00:00:14 . Memory (MB): peak = 3102.301 ; gain = 0.000
open_hw_target
INFO: [Labtoolstcl 44-466] Opening hw_target localhost:3121/xilinx_tcf/Digilent/210351B3FC8CA
open_hw_target: Time (s): cpu = 00:00:03 ; elapsed = 00:00:09 . Memory (MB): peak = 3102.301 ; gain = 0.000
set_property PROGRAM.FILE {D:/SEP/SEP_Grupo7/Proyecto1/Proyecto1_G7/Proyecto1_G7.runs/impl_1/RNGCore_imp_wrapper.bit} [get_hw_devices xc7z010_1]
current_hw_device [get_hw_devices xc7z010_1]
refresh_hw_device -update_hw_probes false [lindex [get_hw_devices xc7z010_1] 0]
INFO: [Labtools 27-2302] Device xc7z010 (JTAG device index = 1) is programmed with a design that has 1 ILA core(s).
INFO: [Labtools 27-2302] Device xc7z010 (JTAG device index = 1) is programmed with a design that has 1 VIO core(s).
set_property PROBES.FILE {} [get_hw_devices xc7z010_1]
set_property FULL_PROBES.FILE {} [get_hw_devices xc7z010_1]
set_property PROGRAM.FILE {D:/SEP/SEP_Grupo7/Proyecto1/Proyecto1_G7/Proyecto1_G7.runs/impl_1/RNGCore_imp_wrapper.bit} [get_hw_devices xc7z010_1]
program_hw_devices [get_hw_devices xc7z010_1]
INFO: [Labtools 27-3164] End of startup status: HIGH
refresh_hw_device [lindex [get_hw_devices xc7z010_1] 0]
INFO: [Labtools 27-1434] Device xc7z010 (JTAG device index = 1) is programmed with a design that has no supported debug core(s) in it.
ERROR: [Labtoolstcl 44-513] HW Target shutdown. Closing target: localhost:3121/xilinx_tcf/Digilent/210351B3FC8CA
close_hw_manager
close_bd_design [get_bd_designs RNGCore_imp]
Wrote  : <D:/SEP/SEP_Grupo7/Proyecto1/Proyecto1_G7/Proyecto1_G7.srcs/sources_1/bd/RNGCore_imp/ui/bd_22383b77.ui> 
open_bd_design {D:/SEP/SEP_Grupo7/Proyecto1/Proyecto1_G7/Proyecto1_G7.srcs/sources_1/bd/RNGCore_imp/RNGCore_imp.bd}
Adding component instance block -- xilinx.com:module_ref:Debouncer:1.0 - Debouncer_0
Adding component instance block -- xilinx.com:module_ref:Debouncer:1.0 - Debouncer_1
Adding component instance block -- xilinx.com:module_ref:ClockDivider:1.0 - ClockDivider_0
Adding component instance block -- xilinx.com:module_ref:RNGCore:1.0 - RNGCore_0
WARNING: [BD 41-1731] Type mismatch between connected pins: /Debouncer_1/btn_out(undef) and /RNGCore_0/reset(rst)
WARNING: [BD 41-1731] Type mismatch between connected pins: /ClockDivider_0/clk_out(undef) and /RNGCore_0/clk(clk)
Successfully read diagram <RNGCore_imp> from BD file <D:/SEP/SEP_Grupo7/Proyecto1/Proyecto1_G7/Proyecto1_G7.srcs/sources_1/bd/RNGCore_imp/RNGCore_imp.bd>
open_bd_design: Time (s): cpu = 00:00:05 ; elapsed = 00:00:05 . Memory (MB): peak = 3443.266 ; gain = 91.223
close_bd_design [get_bd_designs RNGCore_imp]
Wrote  : <D:/SEP/SEP_Grupo7/Proyecto1/Proyecto1_G7/Proyecto1_G7.srcs/sources_1/bd/RNGCore_imp/ui/bd_22383b77.ui> 
set_property SOURCE_SET sources_1 [get_filesets sim_1]
close [ open D:/SEP/SEP_Grupo7/Proyecto1/Proyecto1_G7/Proyecto1_G7.srcs/sim_1/new/tb_RNGCore_imp.vhd w ]
add_files -fileset sim_1 D:/SEP/SEP_Grupo7/Proyecto1/Proyecto1_G7/Proyecto1_G7.srcs/sim_1/new/tb_RNGCore_imp.vhd
update_compile_order -fileset sim_1
update_module_reference RNGCore_imp_RNGCore_0_1
INFO: [IP_Flow 19-5107] Inferred bus interface 'reset' of definition 'xilinx.com:signal:reset:1.0' (from Xilinx Repository).
INFO: [IP_Flow 19-5107] Inferred bus interface 'clk' of definition 'xilinx.com:signal:clock:1.0' (from Xilinx Repository).
INFO: [IP_Flow 19-4728] Bus Interface 'clk': Added interface parameter 'ASSOCIATED_RESET' with value 'reset'.
WARNING: [IP_Flow 19-5661] Bus Interface 'clk' does not have any bus interfaces associated with it.
INFO: [IP_Flow 19-234] Refreshing IP repositories
INFO: [IP_Flow 19-1704] No user IP repositories specified
Adding component instance block -- xilinx.com:module_ref:Debouncer:1.0 - Debouncer_0
Adding component instance block -- xilinx.com:module_ref:Debouncer:1.0 - Debouncer_1
Adding component instance block -- xilinx.com:module_ref:ClockDivider:1.0 - ClockDivider_0
Adding component instance block -- xilinx.com:module_ref:RNGCore:1.0 - RNGCore_0
WARNING: [BD 41-1731] Type mismatch between connected pins: /Debouncer_1/btn_out(undef) and /RNGCore_0/reset(rst)
WARNING: [BD 41-1731] Type mismatch between connected pins: /ClockDivider_0/clk_out(undef) and /RNGCore_0/clk(clk)
Successfully read diagram <RNGCore_imp> from BD file <D:/SEP/SEP_Grupo7/Proyecto1/Proyecto1_G7/Proyecto1_G7.srcs/sources_1/bd/RNGCore_imp/RNGCore_imp.bd>
Upgrading 'D:/SEP/SEP_Grupo7/Proyecto1/Proyecto1_G7/Proyecto1_G7.srcs/sources_1/bd/RNGCore_imp/RNGCore_imp.bd'
WARNING: [Vivado 12-1017] Problems encountered:
1. Failed to delete one or more files in run directory D:/SEP/SEP_Grupo7/Proyecto1/Proyecto1_G7/Proyecto1_G7.runs/RNGCore_imp_RNGCore_0_1_synth_1

INFO: [IP_Flow 19-1972] Upgraded RNGCore_imp_RNGCore_0_1 from RNGCore_v1_0 1.0 to RNGCore_v1_0 1.0
WARNING: [BD 41-1731] Type mismatch between connected pins: /ClockDivider_0/clk_out(undef) and /RNGCore_0_upgraded_ipi/clk(clk)
WARNING: [BD 41-1731] Type mismatch between connected pins: /Debouncer_1/btn_out(undef) and /RNGCore_0_upgraded_ipi/reset(rst)
Wrote  : <D:\SEP\SEP_Grupo7\Proyecto1\Proyecto1_G7\Proyecto1_G7.srcs\sources_1\bd\RNGCore_imp\RNGCore_imp.bd> 
Wrote  : <D:/SEP/SEP_Grupo7/Proyecto1/Proyecto1_G7/Proyecto1_G7.srcs/sources_1/bd/RNGCore_imp/ui/bd_22383b77.ui> 
upgrade_ip: Time (s): cpu = 00:00:06 ; elapsed = 00:00:05 . Memory (MB): peak = 3650.332 ; gain = 100.508
update_module_reference: Time (s): cpu = 00:00:06 ; elapsed = 00:00:05 . Memory (MB): peak = 3650.332 ; gain = 100.508
update_module_reference {RNGCore_imp_Debouncer_0_0 RNGCore_imp_Debouncer_0_1}
INFO: [IP_Flow 19-5107] Inferred bus interface 'clk' of definition 'xilinx.com:signal:clock:1.0' (from Xilinx Repository).
WARNING: [IP_Flow 19-5661] Bus Interface 'clk' does not have any bus interfaces associated with it.
INFO: [IP_Flow 19-234] Refreshing IP repositories
INFO: [IP_Flow 19-1704] No user IP repositories specified
Upgrading 'D:/SEP/SEP_Grupo7/Proyecto1/Proyecto1_G7/Proyecto1_G7.srcs/sources_1/bd/RNGCore_imp/RNGCore_imp.bd'
WARNING: [Vivado 12-1017] Problems encountered:
1. Failed to delete one or more files in run directory D:/SEP/SEP_Grupo7/Proyecto1/Proyecto1_G7/Proyecto1_G7.runs/RNGCore_imp_Debouncer_0_0_synth_1

WARNING: [Vivado 12-1017] Problems encountered:
1. Failed to delete one or more files in run directory D:/SEP/SEP_Grupo7/Proyecto1/Proyecto1_G7/Proyecto1_G7.runs/RNGCore_imp_Debouncer_0_1_synth_1

INFO: [IP_Flow 19-1972] Upgraded RNGCore_imp_Debouncer_0_0 from Debouncer_v1_0 1.0 to Debouncer_v1_0 1.0
INFO: [IP_Flow 19-1972] Upgraded RNGCore_imp_Debouncer_0_1 from Debouncer_v1_0 1.0 to Debouncer_v1_0 1.0
WARNING: [BD 41-1731] Type mismatch between connected pins: /RNGCore_0/reset(rst) and /Debouncer_1_upgraded_ipi/btn_out(undef)
Wrote  : <D:\SEP\SEP_Grupo7\Proyecto1\Proyecto1_G7\Proyecto1_G7.srcs\sources_1\bd\RNGCore_imp\RNGCore_imp.bd> 
Wrote  : <D:/SEP/SEP_Grupo7/Proyecto1/Proyecto1_G7/Proyecto1_G7.srcs/sources_1/bd/RNGCore_imp/ui/bd_22383b77.ui> 
close_bd_design [get_bd_designs RNGCore_imp]
set_property top tb_RNGCore_wrapper [get_filesets sim_1]
set_property top_lib xil_defaultlib [get_filesets sim_1]
update_compile_order -fileset sim_1
generate_target Simulation [get_files D:/SEP/SEP_Grupo7/Proyecto1/Proyecto1_G7/Proyecto1_G7.srcs/sources_1/bd/RNGCore_imp/RNGCore_imp.bd]
WARNING: [BD 41-1731] Type mismatch between connected pins: /Debouncer_1/btn_out(undef) and /RNGCore_0/reset(rst)
WARNING: [BD 41-1731] Type mismatch between connected pins: /ClockDivider_0/clk_out(undef) and /RNGCore_0/clk(clk)
WARNING: [BD 41-927] Following properties on pin /ClockDivider_0/clk have been updated from connected ip, but BD cell '/ClockDivider_0' does not accept parameter changes, so they may not be synchronized with cell properties:
	FREQ_HZ = 125000000 
Please resolve any mismatches by directly setting properties on BD cell </ClockDivider_0> to completely resolve these warnings.
WARNING: [BD 41-927] Following properties on pin /Debouncer_0/clk have been updated from connected ip, but BD cell '/Debouncer_0' does not accept parameter changes, so they may not be synchronized with cell properties:
	FREQ_HZ = 125000000 
Please resolve any mismatches by directly setting properties on BD cell </Debouncer_0> to completely resolve these warnings.
WARNING: [BD 41-927] Following properties on pin /Debouncer_1/clk have been updated from connected ip, but BD cell '/Debouncer_1' does not accept parameter changes, so they may not be synchronized with cell properties:
	FREQ_HZ = 125000000 
Please resolve any mismatches by directly setting properties on BD cell </Debouncer_1> to completely resolve these warnings.
Wrote  : <D:\SEP\SEP_Grupo7\Proyecto1\Proyecto1_G7\Proyecto1_G7.srcs\sources_1\bd\RNGCore_imp\RNGCore_imp.bd> 
VHDL Output written to : D:/SEP/SEP_Grupo7/Proyecto1/Proyecto1_G7/Proyecto1_G7.srcs/sources_1/bd/RNGCore_imp/synth/RNGCore_imp.vhd
VHDL Output written to : D:/SEP/SEP_Grupo7/Proyecto1/Proyecto1_G7/Proyecto1_G7.srcs/sources_1/bd/RNGCore_imp/sim/RNGCore_imp.vhd
VHDL Output written to : D:/SEP/SEP_Grupo7/Proyecto1/Proyecto1_G7/Proyecto1_G7.srcs/sources_1/bd/RNGCore_imp/hdl/RNGCore_imp_wrapper.vhd
INFO: [BD 41-1029] Generation completed for the IP Integrator block Debouncer_0 .
INFO: [BD 41-1029] Generation completed for the IP Integrator block Debouncer_1 .
INFO: [BD 41-1029] Generation completed for the IP Integrator block RNGCore_0 .
Exporting to file D:/SEP/SEP_Grupo7/Proyecto1/Proyecto1_G7/Proyecto1_G7.srcs/sources_1/bd/RNGCore_imp/hw_handoff/RNGCore_imp.hwh
Generated Block Design Tcl file D:/SEP/SEP_Grupo7/Proyecto1/Proyecto1_G7/Proyecto1_G7.srcs/sources_1/bd/RNGCore_imp/hw_handoff/RNGCore_imp_bd.tcl
Generated Hardware Definition File D:/SEP/SEP_Grupo7/Proyecto1/Proyecto1_G7/Proyecto1_G7.srcs/sources_1/bd/RNGCore_imp/synth/RNGCore_imp.hwdef
export_ip_user_files -of_objects [get_files D:/SEP/SEP_Grupo7/Proyecto1/Proyecto1_G7/Proyecto1_G7.srcs/sources_1/bd/RNGCore_imp/RNGCore_imp.bd] -no_script -sync -force -quiet
export_simulation -of_objects [get_files D:/SEP/SEP_Grupo7/Proyecto1/Proyecto1_G7/Proyecto1_G7.srcs/sources_1/bd/RNGCore_imp/RNGCore_imp.bd] -directory D:/SEP/SEP_Grupo7/Proyecto1/Proyecto1_G7/Proyecto1_G7.ip_user_files/sim_scripts -ip_user_files_dir D:/SEP/SEP_Grupo7/Proyecto1/Proyecto1_G7/Proyecto1_G7.ip_user_files -ipstatic_source_dir D:/SEP/SEP_Grupo7/Proyecto1/Proyecto1_G7/Proyecto1_G7.ip_user_files/ipstatic -lib_map_path [list {modelsim=D:/SEP/SEP_Grupo7/Proyecto1/Proyecto1_G7/Proyecto1_G7.cache/compile_simlib/modelsim} {questa=D:/SEP/SEP_Grupo7/Proyecto1/Proyecto1_G7/Proyecto1_G7.cache/compile_simlib/questa} {riviera=D:/SEP/SEP_Grupo7/Proyecto1/Proyecto1_G7/Proyecto1_G7.cache/compile_simlib/riviera} {activehdl=D:/SEP/SEP_Grupo7/Proyecto1/Proyecto1_G7/Proyecto1_G7.cache/compile_simlib/activehdl}] -use_ip_compiled_libs -force -quiet
launch_simulation -mode post-implementation -type timing
Command: launch_simulation -mode post-implementation -type timing
INFO: [Vivado 12-5698] Checking validity of IPs in the design for the 'XSim' simulator...
WARNING: [BD 41-1731] Type mismatch between connected pins: /Debouncer_1/btn_out(undef) and /RNGCore_0/reset(rst)
WARNING: [BD 41-1731] Type mismatch between connected pins: /ClockDivider_0/clk_out(undef) and /RNGCore_0/clk(clk)
WARNING: [BD 41-1731] Type mismatch between connected pins: /Debouncer_1/btn_out(undef) and /RNGCore_0/reset(rst)
WARNING: [BD 41-1731] Type mismatch between connected pins: /ClockDivider_0/clk_out(undef) and /RNGCore_0/clk(clk)
INFO: [BD 41-1662] The design 'RNGCore_imp.bd' is already validated. Therefore parameter propagation will not be re-run.
VHDL Output written to : D:/SEP/SEP_Grupo7/Proyecto1/Proyecto1_G7/Proyecto1_G7.srcs/sources_1/bd/RNGCore_imp/synth/RNGCore_imp.vhd
VHDL Output written to : D:/SEP/SEP_Grupo7/Proyecto1/Proyecto1_G7/Proyecto1_G7.srcs/sources_1/bd/RNGCore_imp/sim/RNGCore_imp.vhd
VHDL Output written to : D:/SEP/SEP_Grupo7/Proyecto1/Proyecto1_G7/Proyecto1_G7.srcs/sources_1/bd/RNGCore_imp/hdl/RNGCore_imp_wrapper.vhd
Exporting to file D:/SEP/SEP_Grupo7/Proyecto1/Proyecto1_G7/Proyecto1_G7.srcs/sources_1/bd/RNGCore_imp/hw_handoff/RNGCore_imp.hwh
Generated Block Design Tcl file D:/SEP/SEP_Grupo7/Proyecto1/Proyecto1_G7/Proyecto1_G7.srcs/sources_1/bd/RNGCore_imp/hw_handoff/RNGCore_imp_bd.tcl
Generated Hardware Definition File D:/SEP/SEP_Grupo7/Proyecto1/Proyecto1_G7/Proyecto1_G7.srcs/sources_1/bd/RNGCore_imp/synth/RNGCore_imp.hwdef
WARNING: [Runs 36-53] Possible issues detected after target generation. Generation state is unexpected for target 'Simulation'. Expected 'Generated', got 'Stale' for source 'D:/SEP/SEP_Grupo7/Proyecto1/Proyecto1_G7/Proyecto1_G7.srcs/sources_1/bd/RNGCore_imp/RNGCore_imp.bd'
INFO: [Vivado 12-5682] Launching post-implementation timing simulation in 'D:/SEP/SEP_Grupo7/Proyecto1/Proyecto1_G7/Proyecto1_G7.sim/sim_1/impl/timing/xsim'
INFO: [Vivado 12-4795] Using compiled simulation libraries for IPs
INFO: [SIM-utils-51] Simulation object is 'sim_1'
INFO: [SIM-utils-20] The target language is set to VHDL, it is not supported for simulation type 'timing', using Verilog instead.
INFO: [Device 21-403] Loading part xc7z010clg400-1
Netlist sorting complete. Time (s): cpu = 00:00:00 ; elapsed = 00:00:00.002 . Memory (MB): peak = 3767.980 ; gain = 0.000
INFO: [Netlist 29-17] Analyzing 41 Unisim elements for replacement
INFO: [Netlist 29-28] Unisim Transformation completed in 0 CPU seconds
INFO: [Project 1-479] Netlist was created with Vivado 2020.1
INFO: [Project 1-570] Preparing netlist for logic optimization
INFO: [Timing 38-478] Restoring timing data from binary archive.
INFO: [Timing 38-479] Binary timing data restore complete.
INFO: [Project 1-856] Restoring constraints from binary archive.
INFO: [Project 1-853] Binary constraint restore complete.
Reading XDEF placement.
Reading placer database...
Reading XDEF routing.
Read XDEF File: Time (s): cpu = 00:00:00 ; elapsed = 00:00:00.087 . Memory (MB): peak = 3909.281 ; gain = 0.000
Restored from archive | CPU: 0.000000 secs | Memory: 0.000000 MB |
Finished XDEF File Restore: Time (s): cpu = 00:00:00 ; elapsed = 00:00:00.087 . Memory (MB): peak = 3909.281 ; gain = 0.000
Netlist sorting complete. Time (s): cpu = 00:00:00 ; elapsed = 00:00:00.001 . Memory (MB): peak = 3909.281 ; gain = 0.000
INFO: [Project 1-111] Unisim Transformation Summary:
No Unisim elements were transformed.

open_run: Time (s): cpu = 00:00:32 ; elapsed = 00:00:29 . Memory (MB): peak = 4070.262 ; gain = 419.637
INFO: [SIM-utils-31] Writing simulation netlist file for design 'impl_1'...
INFO: [SIM-utils-32] write_verilog -mode timesim -nolib -sdf_anno true -force -file "D:/SEP/SEP_Grupo7/Proyecto1/Proyecto1_G7/Proyecto1_G7.sim/sim_1/impl/timing/xsim/tb_RNGCore_wrapper_time_impl.v"
INFO: [SIM-utils-34] Writing SDF file...
INFO: [SIM-utils-35] write_sdf -mode timesim -process_corner slow -force -file "D:/SEP/SEP_Grupo7/Proyecto1/Proyecto1_G7/Proyecto1_G7.sim/sim_1/impl/timing/xsim/tb_RNGCore_wrapper_time_impl.sdf"
INFO: [SIM-utils-36] Netlist generated:D:/SEP/SEP_Grupo7/Proyecto1/Proyecto1_G7/Proyecto1_G7.sim/sim_1/impl/timing/xsim/tb_RNGCore_wrapper_time_impl.v
INFO: [SIM-utils-37] SDF generated:D:/SEP/SEP_Grupo7/Proyecto1/Proyecto1_G7/Proyecto1_G7.sim/sim_1/impl/timing/xsim/tb_RNGCore_wrapper_time_impl.sdf
INFO: [USF-XSim-7] Finding pre-compiled libraries...
INFO: [USF-XSim-11] File 'D:/Xilinx_1/Vivado/2020.1/data/xsim/xsim.ini' copied to run dir:'D:/SEP/SEP_Grupo7/Proyecto1/Proyecto1_G7/Proyecto1_G7.sim/sim_1/impl/timing/xsim'
INFO: [SIM-utils-54] Inspecting design source files for 'tb_RNGCore_wrapper' in fileset 'sim_1'...
INFO: [USF-XSim-2] XSim::Compile design
INFO: [USF-XSim-61] Executing 'COMPILE and ANALYZE' step in 'D:/SEP/SEP_Grupo7/Proyecto1/Proyecto1_G7/Proyecto1_G7.sim/sim_1/impl/timing/xsim'
"xvlog --incr --relax -prj tb_RNGCore_wrapper_vlog.prj"
INFO: [VRFC 10-2263] Analyzing Verilog file "D:/SEP/SEP_Grupo7/Proyecto1/Proyecto1_G7/Proyecto1_G7.sim/sim_1/impl/timing/xsim/tb_RNGCore_wrapper_time_impl.v" into library xil_defaultlib
INFO: [VRFC 10-311] analyzing module RNGCore_imp
INFO: [VRFC 10-311] analyzing module RNGCore_imp_ClockDivider_0_0
INFO: [VRFC 10-311] analyzing module RNGCore_imp_ClockDivider_0_0_ClockDivider
INFO: [VRFC 10-311] analyzing module RNGCore_imp_Debouncer_0_0
INFO: [VRFC 10-311] analyzing module RNGCore_imp_Debouncer_0_0_ClockDivider
INFO: [VRFC 10-311] analyzing module RNGCore_imp_Debouncer_0_0_Debouncer
INFO: [VRFC 10-311] analyzing module RNGCore_imp_Debouncer_0_1
INFO: [VRFC 10-311] analyzing module RNGCore_imp_Debouncer_0_1_ClockDivider
INFO: [VRFC 10-311] analyzing module RNGCore_imp_Debouncer_0_1_Debouncer
INFO: [VRFC 10-311] analyzing module RNGCore_imp_RNGCore_0_1
INFO: [VRFC 10-311] analyzing module RNGCore_imp_RNGCore_0_1_BalaMemory
INFO: [VRFC 10-311] analyzing module RNGCore_imp_RNGCore_0_1_Decoder
INFO: [VRFC 10-311] analyzing module RNGCore_imp_RNGCore_0_1_RNGBala
INFO: [VRFC 10-311] analyzing module RNGCore_imp_RNGCore_0_1_RNGCore
INFO: [VRFC 10-311] analyzing module RNGCore_imp_wrapper
INFO: [VRFC 10-311] analyzing module glbl
"xvhdl --incr --relax -prj tb_RNGCore_wrapper_vhdl.prj"
INFO: [VRFC 10-163] Analyzing VHDL file "D:/SEP/SEP_Grupo7/Proyecto1/Proyecto1_G7/Proyecto1_G7.srcs/sim_1/new/tb_RNGCore_imp.vhd" into library xil_defaultlib
INFO: [VRFC 10-3107] analyzing entity 'tb_RNGCore_wrapper'
run_program: Time (s): cpu = 00:00:00 ; elapsed = 00:00:17 . Memory (MB): peak = 4084.566 ; gain = 0.000
INFO: [USF-XSim-69] 'compile' step finished in '17' seconds
INFO: [USF-XSim-3] XSim::Elaborate design
INFO: [USF-XSim-61] Executing 'ELABORATE' step in 'D:/SEP/SEP_Grupo7/Proyecto1/Proyecto1_G7/Proyecto1_G7.sim/sim_1/impl/timing/xsim'
"xelab -wto de0277ee0d5041d1af9b140ec436262e --incr --debug typical --relax --mt 2 --maxdelay -L xil_defaultlib -L simprims_ver -L secureip --snapshot tb_RNGCore_wrapper_time_impl -transport_int_delays -pulse_r 0 -pulse_int_r 0 -pulse_e 0 -pulse_int_e 0 xil_defaultlib.tb_RNGCore_wrapper xil_defaultlib.glbl -log elaborate.log"
Vivado Simulator 2020.1
Copyright 1986-1999, 2001-2020 Xilinx, Inc. All Rights Reserved.
Running: D:/Xilinx_1/Vivado/2020.1/bin/unwrapped/win64.o/xelab.exe -wto de0277ee0d5041d1af9b140ec436262e --incr --debug typical --relax --mt 2 --maxdelay -L xil_defaultlib -L simprims_ver -L secureip --snapshot tb_RNGCore_wrapper_time_impl -transport_int_delays -pulse_r 0 -pulse_int_r 0 -pulse_e 0 -pulse_int_e 0 xil_defaultlib.tb_RNGCore_wrapper xil_defaultlib.glbl -log elaborate.log 
Using 2 slave threads.
Starting static elaboration
Pass Through NonSizing Optimizer
Completed static elaboration
Starting simulation data flow analysis
Completed simulation data flow analysis
INFO: [XSIM 43-3451] SDF backannotation process started with SDF file "tb_RNGCore_wrapper_time_impl.sdf", for root module "tb_RNGCore_wrapper/uut".
INFO: [XSIM 43-3452] SDF backannotation was successful for SDF file "tb_RNGCore_wrapper_time_impl.sdf", for root module "tb_RNGCore_wrapper/uut".
Time Resolution for simulation is 1ps
Compiling package std.standard
Compiling package std.textio
Compiling package ieee.std_logic_1164
Compiling package ieee.numeric_std
Compiling package vl.vl_types
Compiling module xil_defaultlib.glbl
Compiling module simprims_ver.LUT5
Compiling module simprims_ver.LUT4
Compiling module simprims_ver.FDRE_default
Compiling module simprims_ver.x_lut1_mux2
Compiling module simprims_ver.LUT1
Compiling module simprims_ver.CARRY4
Compiling module xil_defaultlib.RNGCore_imp_ClockDivider_0_0_Clo...
Compiling module xil_defaultlib.RNGCore_imp_ClockDivider_0_0
Compiling module simprims_ver.LUT6
Compiling module simprims_ver.x_lut2_mux4
Compiling module simprims_ver.LUT2
Compiling module simprims_ver.BUFG
Compiling module xil_defaultlib.RNGCore_imp_Debouncer_0_0_ClockD...
Compiling module xil_defaultlib.RNGCore_imp_Debouncer_0_0_Deboun...
Compiling module xil_defaultlib.RNGCore_imp_Debouncer_0_0
Compiling module xil_defaultlib.RNGCore_imp_Debouncer_0_1_ClockD...
Compiling module xil_defaultlib.RNGCore_imp_Debouncer_0_1_Deboun...
Compiling module xil_defaultlib.RNGCore_imp_Debouncer_0_1
Compiling module xil_defaultlib.RNGCore_imp_RNGCore_0_1_BalaMemo...
Compiling module xil_defaultlib.RNGCore_imp_RNGCore_0_1_Decoder
Compiling module simprims_ver.x_lut3_mux8
Compiling module simprims_ver.LUT3
Compiling module xil_defaultlib.RNGCore_imp_RNGCore_0_1_RNGBala
Compiling module xil_defaultlib.RNGCore_imp_RNGCore_0_1_RNGCore
Compiling module xil_defaultlib.RNGCore_imp_RNGCore_0_1
Compiling module xil_defaultlib.RNGCore_imp
Compiling module simprims_ver.IBUF
Compiling module simprims_ver.OBUF
Compiling module xil_defaultlib.RNGCore_imp_wrapper
Compiling architecture sim of entity xil_defaultlib.tb_rngcore_wrapper
Built simulation snapshot tb_RNGCore_wrapper_time_impl

****** Webtalk v2020.1 (64-bit)
  **** SW Build 2902540 on Wed May 27 19:54:49 MDT 2020
  **** IP Build 2902112 on Wed May 27 22:43:36 MDT 2020
    ** Copyright 1986-2020 Xilinx, Inc. All Rights Reserved.

source D:/SEP/SEP_Grupo7/Proyecto1/Proyecto1_G7/Proyecto1_G7.sim/sim_1/impl/timing/xsim/xsim.dir/tb_RNGCore_wrapper_time_impl/webtalk/xsim_webtalk.tcl -notrace
INFO: [Common 17-206] Exiting Webtalk at Mon Mar 30 06:04:53 2026...
run_program: Time (s): cpu = 00:00:01 ; elapsed = 00:00:26 . Memory (MB): peak = 4084.566 ; gain = 0.000
INFO: [USF-XSim-69] 'elaborate' step finished in '26' seconds
INFO: [USF-XSim-4] XSim::Simulate design
INFO: [USF-XSim-61] Executing 'SIMULATE' step in 'D:/SEP/SEP_Grupo7/Proyecto1/Proyecto1_G7/Proyecto1_G7.sim/sim_1/impl/timing/xsim'
INFO: [USF-XSim-98] *** Running xsim
   with args "tb_RNGCore_wrapper_time_impl -key {Post-Implementation:sim_1:Timing:tb_RNGCore_wrapper} -tclbatch {tb_RNGCore_wrapper.tcl} -protoinst "protoinst_files/RNGCore_imp.protoinst" -log {simulate.log}"
INFO: [USF-XSim-8] Loading simulator feature
Vivado Simulator 2020.1
INFO: [Wavedata 42-565] Reading protoinst file protoinst_files/RNGCore_imp.protoinst
Time resolution is 1 ps
source tb_RNGCore_wrapper.tcl
# set curr_wave [current_wave_config]
# if { [string length $curr_wave] == 0 } {
#   if { [llength [get_objects]] > 0} {
#     add_wave /
#     set_property needs_save false [current_wave_config]
#   } else {
#      send_msg_id Add_Wave-1 WARNING "No top level signals found. Simulator will start without a wave window. If you want to open a wave window go to 'File->New Waveform Configuration' or type 'create_wave_config' in the TCL console."
#   }
# }
# run 1000ns
Note: Prueba: btnRNG sin enable - Verificando que no cargue bala
Time: 160 ns  Iteration: 0  Process: /tb_RNGCore_wrapper/stim_proc  File: D:/SEP/SEP_Grupo7/Proyecto1/Proyecto1_G7/Proyecto1_G7.srcs/sim_1/new/tb_RNGCore_imp.vhd
Note: Carga 1 finalizada. Revisar seńal rgb_b y leds.
Time: 430 ns  Iteration: 0  Process: /tb_RNGCore_wrapper/stim_proc  File: D:/SEP/SEP_Grupo7/Proyecto1/Proyecto1_G7/Proyecto1_G7.srcs/sim_1/new/tb_RNGCore_imp.vhd
xsim: Time (s): cpu = 00:00:08 ; elapsed = 00:00:07 . Memory (MB): peak = 4084.727 ; gain = 0.160
INFO: [USF-XSim-96] XSim completed. Design snapshot 'tb_RNGCore_wrapper_time_impl' loaded.
INFO: [USF-XSim-97] XSim simulation ran for 1000ns
launch_simulation: Time (s): cpu = 00:00:45 ; elapsed = 00:01:31 . Memory (MB): peak = 4084.727 ; gain = 434.219
restart
INFO: [Simtcl 6-17] Simulation restarted
run all
Note: Prueba: btnRNG sin enable - Verificando que no cargue bala
Time: 160 ns  Iteration: 0  Process: /tb_RNGCore_wrapper/stim_proc  File: D:/SEP/SEP_Grupo7/Proyecto1/Proyecto1_G7/Proyecto1_G7.srcs/sim_1/new/tb_RNGCore_imp.vhd
Note: Carga 1 finalizada. Revisar seńal rgb_b y leds.
Time: 430 ns  Iteration: 0  Process: /tb_RNGCore_wrapper/stim_proc  File: D:/SEP/SEP_Grupo7/Proyecto1/Proyecto1_G7/Proyecto1_G7.srcs/sim_1/new/tb_RNGCore_imp.vhd
Note: Carga 2 finalizada con diferente delay.
Time: 1113 ns  Iteration: 0  Process: /tb_RNGCore_wrapper/stim_proc  File: D:/SEP/SEP_Grupo7/Proyecto1/Proyecto1_G7/Proyecto1_G7.srcs/sim_1/new/tb_RNGCore_imp.vhd
Note: Simulacion de todos los casos completada
Time: 1949 ns  Iteration: 0  Process: /tb_RNGCore_wrapper/stim_proc  File: D:/SEP/SEP_Grupo7/Proyecto1/Proyecto1_G7/Proyecto1_G7.srcs/sim_1/new/tb_RNGCore_imp.vhd
run: Time (s): cpu = 00:00:39 ; elapsed = 00:01:31 . Memory (MB): peak = 4090.945 ; gain = 0.000
close_sim
INFO: [Simtcl 6-16] Simulation closed
close_sim: Time (s): cpu = 00:00:06 ; elapsed = 00:00:08 . Memory (MB): peak = 4380.000 ; gain = 289.055
open_hw_manager
connect_hw_server -allow_non_jtag
INFO: [Labtools 27-2285] Connecting to hw_server url TCP:localhost:3121
INFO: [Labtools 27-2222] Launching hw_server...
INFO: [Labtools 27-2221] Launch Output:

****** Xilinx hw_server v2020.1
  **** Build date : May 27 2020 at 20:24:38
    ** Copyright 1986-2020 Xilinx, Inc. All Rights Reserved.


INFO: [Labtools 27-3415] Connecting to cs_server url TCP:localhost:3042
INFO: [Labtools 27-3417] Launching cs_server...
INFO: [Labtools 27-2221] Launch Output:


****** Xilinx cs_server v2020.1.0
  **** Build date : May 13 2020-21:10:29
    ** Copyright 2017-2020 Xilinx, Inc. All Rights Reserved.



connect_hw_server: Time (s): cpu = 00:00:02 ; elapsed = 00:00:12 . Memory (MB): peak = 4380.000 ; gain = 0.000
open_hw_target
INFO: [Labtoolstcl 44-466] Opening hw_target localhost:3121/xilinx_tcf/Digilent/210351B3FC8CA
set_property PROGRAM.FILE {D:/SEP/SEP_Grupo7/Proyecto1/Proyecto1_G7/Proyecto1_G7.runs/impl_1/RNGCore_imp_wrapper.bit} [get_hw_devices xc7z010_1]
current_hw_device [get_hw_devices xc7z010_1]
refresh_hw_device -update_hw_probes false [lindex [get_hw_devices xc7z010_1] 0]
INFO: [Labtools 27-2302] Device xc7z010 (JTAG device index = 1) is programmed with a design that has 1 ILA core(s).
INFO: [Labtools 27-2302] Device xc7z010 (JTAG device index = 1) is programmed with a design that has 1 VIO core(s).
set_property PROBES.FILE {} [get_hw_devices xc7z010_1]
set_property FULL_PROBES.FILE {} [get_hw_devices xc7z010_1]
set_property PROGRAM.FILE {D:/SEP/SEP_Grupo7/Proyecto1/Proyecto1_G7/Proyecto1_G7.runs/impl_1/RNGCore_imp_wrapper.bit} [get_hw_devices xc7z010_1]
program_hw_devices [get_hw_devices xc7z010_1]
INFO: [Labtools 27-3164] End of startup status: HIGH
refresh_hw_device [lindex [get_hw_devices xc7z010_1] 0]
INFO: [Labtools 27-1434] Device xc7z010 (JTAG device index = 1) is programmed with a design that has no supported debug core(s) in it.
close_hw_manager
generate_target Simulation [get_files D:/SEP/SEP_Grupo7/Proyecto1/Proyecto1_G7/Proyecto1_G7.srcs/sources_1/bd/RNGCore_imp/RNGCore_imp.bd]
WARNING: [BD 41-1731] Type mismatch between connected pins: /Debouncer_1/btn_out(undef) and /RNGCore_0/reset(rst)
WARNING: [BD 41-1731] Type mismatch between connected pins: /ClockDivider_0/clk_out(undef) and /RNGCore_0/clk(clk)
INFO: [BD 41-1662] The design 'RNGCore_imp.bd' is already validated. Therefore parameter propagation will not be re-run.
VHDL Output written to : D:/SEP/SEP_Grupo7/Proyecto1/Proyecto1_G7/Proyecto1_G7.srcs/sources_1/bd/RNGCore_imp/synth/RNGCore_imp.vhd
VHDL Output written to : D:/SEP/SEP_Grupo7/Proyecto1/Proyecto1_G7/Proyecto1_G7.srcs/sources_1/bd/RNGCore_imp/sim/RNGCore_imp.vhd
VHDL Output written to : D:/SEP/SEP_Grupo7/Proyecto1/Proyecto1_G7/Proyecto1_G7.srcs/sources_1/bd/RNGCore_imp/hdl/RNGCore_imp_wrapper.vhd
Exporting to file D:/SEP/SEP_Grupo7/Proyecto1/Proyecto1_G7/Proyecto1_G7.srcs/sources_1/bd/RNGCore_imp/hw_handoff/RNGCore_imp.hwh
Generated Block Design Tcl file D:/SEP/SEP_Grupo7/Proyecto1/Proyecto1_G7/Proyecto1_G7.srcs/sources_1/bd/RNGCore_imp/hw_handoff/RNGCore_imp_bd.tcl
Generated Hardware Definition File D:/SEP/SEP_Grupo7/Proyecto1/Proyecto1_G7/Proyecto1_G7.srcs/sources_1/bd/RNGCore_imp/synth/RNGCore_imp.hwdef
export_ip_user_files -of_objects [get_files D:/SEP/SEP_Grupo7/Proyecto1/Proyecto1_G7/Proyecto1_G7.srcs/sources_1/bd/RNGCore_imp/RNGCore_imp.bd] -no_script -sync -force -quiet
export_simulation -of_objects [get_files D:/SEP/SEP_Grupo7/Proyecto1/Proyecto1_G7/Proyecto1_G7.srcs/sources_1/bd/RNGCore_imp/RNGCore_imp.bd] -directory D:/SEP/SEP_Grupo7/Proyecto1/Proyecto1_G7/Proyecto1_G7.ip_user_files/sim_scripts -ip_user_files_dir D:/SEP/SEP_Grupo7/Proyecto1/Proyecto1_G7/Proyecto1_G7.ip_user_files -ipstatic_source_dir D:/SEP/SEP_Grupo7/Proyecto1/Proyecto1_G7/Proyecto1_G7.ip_user_files/ipstatic -lib_map_path [list {modelsim=D:/SEP/SEP_Grupo7/Proyecto1/Proyecto1_G7/Proyecto1_G7.cache/compile_simlib/modelsim} {questa=D:/SEP/SEP_Grupo7/Proyecto1/Proyecto1_G7/Proyecto1_G7.cache/compile_simlib/questa} {riviera=D:/SEP/SEP_Grupo7/Proyecto1/Proyecto1_G7/Proyecto1_G7.cache/compile_simlib/riviera} {activehdl=D:/SEP/SEP_Grupo7/Proyecto1/Proyecto1_G7/Proyecto1_G7.cache/compile_simlib/activehdl}] -use_ip_compiled_libs -force -quiet
launch_simulation -mode post-implementation -type timing
Command: launch_simulation -mode post-implementation -type timing
INFO: [Vivado 12-5698] Checking validity of IPs in the design for the 'XSim' simulator...
WARNING: [BD 41-1731] Type mismatch between connected pins: /Debouncer_1/btn_out(undef) and /RNGCore_0/reset(rst)
WARNING: [BD 41-1731] Type mismatch between connected pins: /ClockDivider_0/clk_out(undef) and /RNGCore_0/clk(clk)
WARNING: [BD 41-1731] Type mismatch between connected pins: /Debouncer_1/btn_out(undef) and /RNGCore_0/reset(rst)
WARNING: [BD 41-1731] Type mismatch between connected pins: /ClockDivider_0/clk_out(undef) and /RNGCore_0/clk(clk)
INFO: [BD 41-1662] The design 'RNGCore_imp.bd' is already validated. Therefore parameter propagation will not be re-run.
VHDL Output written to : D:/SEP/SEP_Grupo7/Proyecto1/Proyecto1_G7/Proyecto1_G7.srcs/sources_1/bd/RNGCore_imp/synth/RNGCore_imp.vhd
VHDL Output written to : D:/SEP/SEP_Grupo7/Proyecto1/Proyecto1_G7/Proyecto1_G7.srcs/sources_1/bd/RNGCore_imp/sim/RNGCore_imp.vhd
VHDL Output written to : D:/SEP/SEP_Grupo7/Proyecto1/Proyecto1_G7/Proyecto1_G7.srcs/sources_1/bd/RNGCore_imp/hdl/RNGCore_imp_wrapper.vhd
Exporting to file D:/SEP/SEP_Grupo7/Proyecto1/Proyecto1_G7/Proyecto1_G7.srcs/sources_1/bd/RNGCore_imp/hw_handoff/RNGCore_imp.hwh
Generated Block Design Tcl file D:/SEP/SEP_Grupo7/Proyecto1/Proyecto1_G7/Proyecto1_G7.srcs/sources_1/bd/RNGCore_imp/hw_handoff/RNGCore_imp_bd.tcl
Generated Hardware Definition File D:/SEP/SEP_Grupo7/Proyecto1/Proyecto1_G7/Proyecto1_G7.srcs/sources_1/bd/RNGCore_imp/synth/RNGCore_imp.hwdef
WARNING: [Runs 36-53] Possible issues detected after target generation. Generation state is unexpected for target 'Simulation'. Expected 'Generated', got 'Stale' for source 'D:/SEP/SEP_Grupo7/Proyecto1/Proyecto1_G7/Proyecto1_G7.srcs/sources_1/bd/RNGCore_imp/RNGCore_imp.bd'
INFO: [Vivado 12-5682] Launching post-implementation timing simulation in 'D:/SEP/SEP_Grupo7/Proyecto1/Proyecto1_G7/Proyecto1_G7.sim/sim_1/impl/timing/xsim'
INFO: [Vivado 12-4795] Using compiled simulation libraries for IPs
INFO: [SIM-utils-51] Simulation object is 'sim_1'
INFO: [SIM-utils-20] The target language is set to VHDL, it is not supported for simulation type 'timing', using Verilog instead.
INFO: [SIM-utils-31] Writing simulation netlist file for design 'impl_1'...
INFO: [SIM-utils-32] write_verilog -mode timesim -nolib -sdf_anno true -force -file "D:/SEP/SEP_Grupo7/Proyecto1/Proyecto1_G7/Proyecto1_G7.sim/sim_1/impl/timing/xsim/tb_RNGCore_wrapper_time_impl.v"
INFO: [SIM-utils-34] Writing SDF file...
INFO: [SIM-utils-35] write_sdf -mode timesim -process_corner slow -force -file "D:/SEP/SEP_Grupo7/Proyecto1/Proyecto1_G7/Proyecto1_G7.sim/sim_1/impl/timing/xsim/tb_RNGCore_wrapper_time_impl.sdf"
INFO: [SIM-utils-36] Netlist generated:D:/SEP/SEP_Grupo7/Proyecto1/Proyecto1_G7/Proyecto1_G7.sim/sim_1/impl/timing/xsim/tb_RNGCore_wrapper_time_impl.v
INFO: [SIM-utils-37] SDF generated:D:/SEP/SEP_Grupo7/Proyecto1/Proyecto1_G7/Proyecto1_G7.sim/sim_1/impl/timing/xsim/tb_RNGCore_wrapper_time_impl.sdf
INFO: [USF-XSim-7] Finding pre-compiled libraries...
INFO: [USF-XSim-11] File 'D:/Xilinx_1/Vivado/2020.1/data/xsim/xsim.ini' copied to run dir:'D:/SEP/SEP_Grupo7/Proyecto1/Proyecto1_G7/Proyecto1_G7.sim/sim_1/impl/timing/xsim'
INFO: [SIM-utils-54] Inspecting design source files for 'tb_RNGCore_wrapper' in fileset 'sim_1'...
INFO: [USF-XSim-2] XSim::Compile design
INFO: [USF-XSim-61] Executing 'COMPILE and ANALYZE' step in 'D:/SEP/SEP_Grupo7/Proyecto1/Proyecto1_G7/Proyecto1_G7.sim/sim_1/impl/timing/xsim'
"xvlog --incr --relax -prj tb_RNGCore_wrapper_vlog.prj"
INFO: [VRFC 10-2263] Analyzing Verilog file "D:/SEP/SEP_Grupo7/Proyecto1/Proyecto1_G7/Proyecto1_G7.sim/sim_1/impl/timing/xsim/tb_RNGCore_wrapper_time_impl.v" into library xil_defaultlib
INFO: [VRFC 10-311] analyzing module RNGCore_imp
INFO: [VRFC 10-311] analyzing module RNGCore_imp_ClockDivider_0_0
INFO: [VRFC 10-311] analyzing module RNGCore_imp_ClockDivider_0_0_ClockDivider
INFO: [VRFC 10-311] analyzing module RNGCore_imp_Debouncer_0_0
INFO: [VRFC 10-311] analyzing module RNGCore_imp_Debouncer_0_0_ClockDivider
INFO: [VRFC 10-311] analyzing module RNGCore_imp_Debouncer_0_0_Debouncer
INFO: [VRFC 10-311] analyzing module RNGCore_imp_Debouncer_0_1
INFO: [VRFC 10-311] analyzing module RNGCore_imp_Debouncer_0_1_ClockDivider
INFO: [VRFC 10-311] analyzing module RNGCore_imp_Debouncer_0_1_Debouncer
INFO: [VRFC 10-311] analyzing module RNGCore_imp_RNGCore_0_1
INFO: [VRFC 10-311] analyzing module RNGCore_imp_RNGCore_0_1_BalaMemory
INFO: [VRFC 10-311] analyzing module RNGCore_imp_RNGCore_0_1_Decoder
INFO: [VRFC 10-311] analyzing module RNGCore_imp_RNGCore_0_1_RNGBala
INFO: [VRFC 10-311] analyzing module RNGCore_imp_RNGCore_0_1_RNGCore
INFO: [VRFC 10-311] analyzing module RNGCore_imp_wrapper
INFO: [VRFC 10-311] analyzing module glbl
"xvhdl --incr --relax -prj tb_RNGCore_wrapper_vhdl.prj"
INFO: [VRFC 10-163] Analyzing VHDL file "D:/SEP/SEP_Grupo7/Proyecto1/Proyecto1_G7/Proyecto1_G7.srcs/sim_1/new/tb_RNGCore_imp.vhd" into library xil_defaultlib
INFO: [VRFC 10-3107] analyzing entity 'tb_RNGCore_wrapper'
run_program: Time (s): cpu = 00:00:00 ; elapsed = 00:00:05 . Memory (MB): peak = 4564.414 ; gain = 0.000
INFO: [USF-XSim-69] 'compile' step finished in '5' seconds
INFO: [USF-XSim-3] XSim::Elaborate design
INFO: [USF-XSim-61] Executing 'ELABORATE' step in 'D:/SEP/SEP_Grupo7/Proyecto1/Proyecto1_G7/Proyecto1_G7.sim/sim_1/impl/timing/xsim'
"xelab -wto de0277ee0d5041d1af9b140ec436262e --incr --debug typical --relax --mt 2 --maxdelay -L xil_defaultlib -L simprims_ver -L secureip --snapshot tb_RNGCore_wrapper_time_impl -transport_int_delays -pulse_r 0 -pulse_int_r 0 -pulse_e 0 -pulse_int_e 0 xil_defaultlib.tb_RNGCore_wrapper xil_defaultlib.glbl -log elaborate.log"
Vivado Simulator 2020.1
Copyright 1986-1999, 2001-2020 Xilinx, Inc. All Rights Reserved.
Running: D:/Xilinx_1/Vivado/2020.1/bin/unwrapped/win64.o/xelab.exe -wto de0277ee0d5041d1af9b140ec436262e --incr --debug typical --relax --mt 2 --maxdelay -L xil_defaultlib -L simprims_ver -L secureip --snapshot tb_RNGCore_wrapper_time_impl -transport_int_delays -pulse_r 0 -pulse_int_r 0 -pulse_e 0 -pulse_int_e 0 xil_defaultlib.tb_RNGCore_wrapper xil_defaultlib.glbl -log elaborate.log 
Using 2 slave threads.
Starting static elaboration
Pass Through NonSizing Optimizer
Completed static elaboration
Starting simulation data flow analysis
Completed simulation data flow analysis
INFO: [XSIM 43-3451] SDF backannotation process started with SDF file "tb_RNGCore_wrapper_time_impl.sdf", for root module "tb_RNGCore_wrapper/uut".
INFO: [XSIM 43-3452] SDF backannotation was successful for SDF file "tb_RNGCore_wrapper_time_impl.sdf", for root module "tb_RNGCore_wrapper/uut".
Time Resolution for simulation is 1ps
Compiling package std.standard
Compiling package std.textio
Compiling package ieee.std_logic_1164
Compiling package ieee.numeric_std
Compiling package vl.vl_types
Compiling module xil_defaultlib.glbl
Compiling module simprims_ver.LUT5
Compiling module simprims_ver.LUT4
Compiling module simprims_ver.FDRE_default
Compiling module simprims_ver.x_lut1_mux2
Compiling module simprims_ver.LUT1
Compiling module simprims_ver.CARRY4
Compiling module xil_defaultlib.RNGCore_imp_ClockDivider_0_0_Clo...
Compiling module xil_defaultlib.RNGCore_imp_ClockDivider_0_0
Compiling module simprims_ver.LUT6
Compiling module simprims_ver.x_lut2_mux4
Compiling module simprims_ver.LUT2
Compiling module simprims_ver.BUFG
Compiling module xil_defaultlib.RNGCore_imp_Debouncer_0_0_ClockD...
Compiling module xil_defaultlib.RNGCore_imp_Debouncer_0_0_Deboun...
Compiling module xil_defaultlib.RNGCore_imp_Debouncer_0_0
Compiling module xil_defaultlib.RNGCore_imp_Debouncer_0_1_ClockD...
Compiling module xil_defaultlib.RNGCore_imp_Debouncer_0_1_Deboun...
Compiling module xil_defaultlib.RNGCore_imp_Debouncer_0_1
Compiling module xil_defaultlib.RNGCore_imp_RNGCore_0_1_BalaMemo...
Compiling module xil_defaultlib.RNGCore_imp_RNGCore_0_1_Decoder
Compiling module simprims_ver.x_lut3_mux8
Compiling module simprims_ver.LUT3
Compiling module xil_defaultlib.RNGCore_imp_RNGCore_0_1_RNGBala
Compiling module xil_defaultlib.RNGCore_imp_RNGCore_0_1_RNGCore
Compiling module xil_defaultlib.RNGCore_imp_RNGCore_0_1
Compiling module xil_defaultlib.RNGCore_imp
Compiling module simprims_ver.IBUF
Compiling module simprims_ver.OBUF
Compiling module xil_defaultlib.RNGCore_imp_wrapper
Compiling architecture sim of entity xil_defaultlib.tb_rngcore_wrapper
Built simulation snapshot tb_RNGCore_wrapper_time_impl
run_program: Time (s): cpu = 00:00:01 ; elapsed = 00:00:16 . Memory (MB): peak = 4564.414 ; gain = 0.000
INFO: [USF-XSim-69] 'elaborate' step finished in '16' seconds
INFO: [USF-XSim-4] XSim::Simulate design
INFO: [USF-XSim-61] Executing 'SIMULATE' step in 'D:/SEP/SEP_Grupo7/Proyecto1/Proyecto1_G7/Proyecto1_G7.sim/sim_1/impl/timing/xsim'
INFO: [USF-XSim-98] *** Running xsim
   with args "tb_RNGCore_wrapper_time_impl -key {Post-Implementation:sim_1:Timing:tb_RNGCore_wrapper} -tclbatch {tb_RNGCore_wrapper.tcl} -protoinst "protoinst_files/RNGCore_imp.protoinst" -log {simulate.log}"
INFO: [USF-XSim-8] Loading simulator feature
Vivado Simulator 2020.1
INFO: [Wavedata 42-565] Reading protoinst file protoinst_files/RNGCore_imp.protoinst
Time resolution is 1 ps
source tb_RNGCore_wrapper.tcl
# set curr_wave [current_wave_config]
# if { [string length $curr_wave] == 0 } {
#   if { [llength [get_objects]] > 0} {
#     add_wave /
#     set_property needs_save false [current_wave_config]
#   } else {
#      send_msg_id Add_Wave-1 WARNING "No top level signals found. Simulator will start without a wave window. If you want to open a wave window go to 'File->New Waveform Configuration' or type 'create_wave_config' in the TCL console."
#   }
# }
# run 1000ns
Note: Prueba: btnRNG sin enable - Verificando que no cargue bala
Time: 160 ns  Iteration: 0  Process: /tb_RNGCore_wrapper/stim_proc  File: D:/SEP/SEP_Grupo7/Proyecto1/Proyecto1_G7/Proyecto1_G7.srcs/sim_1/new/tb_RNGCore_imp.vhd
Note: Carga 1 finalizada. Revisar seńal rgb_b y leds.
Time: 430 ns  Iteration: 0  Process: /tb_RNGCore_wrapper/stim_proc  File: D:/SEP/SEP_Grupo7/Proyecto1/Proyecto1_G7/Proyecto1_G7.srcs/sim_1/new/tb_RNGCore_imp.vhd
xsim: Time (s): cpu = 00:00:04 ; elapsed = 00:00:06 . Memory (MB): peak = 4564.414 ; gain = 0.000
INFO: [USF-XSim-96] XSim completed. Design snapshot 'tb_RNGCore_wrapper_time_impl' loaded.
INFO: [USF-XSim-97] XSim simulation ran for 1000ns
launch_simulation: Time (s): cpu = 00:00:06 ; elapsed = 00:00:38 . Memory (MB): peak = 4564.414 ; gain = 17.820
run 1 s
Note: Carga 2 finalizada con diferente delay.
Time: 1113 ns  Iteration: 0  Process: /tb_RNGCore_wrapper/stim_proc  File: D:/SEP/SEP_Grupo7/Proyecto1/Proyecto1_G7/Proyecto1_G7.srcs/sim_1/new/tb_RNGCore_imp.vhd
Note: Simulacion de todos los casos completada
Time: 1949 ns  Iteration: 0  Process: /tb_RNGCore_wrapper/stim_proc  File: D:/SEP/SEP_Grupo7/Proyecto1/Proyecto1_G7/Proyecto1_G7.srcs/sim_1/new/tb_RNGCore_imp.vhd
run: Time (s): cpu = 00:00:45 ; elapsed = 00:01:26 . Memory (MB): peak = 4564.414 ; gain = 0.000
close_sim
INFO: [Simtcl 6-16] Simulation closed
close_sim: Time (s): cpu = 00:00:04 ; elapsed = 00:00:05 . Memory (MB): peak = 4564.414 ; gain = 0.000
reset_run synth_1
WARNING: [Vivado 12-1017] Problems encountered:
1. Failed to delete one or more files in run directory D:/SEP/SEP_Grupo7/Proyecto1/Proyecto1_G7/Proyecto1_G7.runs/synth_1

launch_runs impl_1 -jobs 11
WARNING: [BD 41-1731] Type mismatch between connected pins: /Debouncer_1/btn_out(undef) and /RNGCore_0/reset(rst)
WARNING: [BD 41-1731] Type mismatch between connected pins: /ClockDivider_0/clk_out(undef) and /RNGCore_0/clk(clk)
INFO: [BD 41-1662] The design 'RNGCore_imp.bd' is already validated. Therefore parameter propagation will not be re-run.
VHDL Output written to : D:/SEP/SEP_Grupo7/Proyecto1/Proyecto1_G7/Proyecto1_G7.srcs/sources_1/bd/RNGCore_imp/synth/RNGCore_imp.vhd
VHDL Output written to : D:/SEP/SEP_Grupo7/Proyecto1/Proyecto1_G7/Proyecto1_G7.srcs/sources_1/bd/RNGCore_imp/sim/RNGCore_imp.vhd
VHDL Output written to : D:/SEP/SEP_Grupo7/Proyecto1/Proyecto1_G7/Proyecto1_G7.srcs/sources_1/bd/RNGCore_imp/hdl/RNGCore_imp_wrapper.vhd
INFO: [BD 41-1029] Generation completed for the IP Integrator block Debouncer_0 .
INFO: [BD 41-1029] Generation completed for the IP Integrator block Debouncer_1 .
INFO: [BD 41-1029] Generation completed for the IP Integrator block RNGCore_0 .
Exporting to file D:/SEP/SEP_Grupo7/Proyecto1/Proyecto1_G7/Proyecto1_G7.srcs/sources_1/bd/RNGCore_imp/hw_handoff/RNGCore_imp.hwh
Generated Block Design Tcl file D:/SEP/SEP_Grupo7/Proyecto1/Proyecto1_G7/Proyecto1_G7.srcs/sources_1/bd/RNGCore_imp/hw_handoff/RNGCore_imp_bd.tcl
Generated Hardware Definition File D:/SEP/SEP_Grupo7/Proyecto1/Proyecto1_G7/Proyecto1_G7.srcs/sources_1/bd/RNGCore_imp/synth/RNGCore_imp.hwdef
[Mon Mar 30 06:56:06 2026] Launched RNGCore_imp_Debouncer_0_0_synth_1, RNGCore_imp_Debouncer_0_1_synth_1, RNGCore_imp_RNGCore_0_1_synth_1, synth_1...
Run output will be captured here:
RNGCore_imp_Debouncer_0_0_synth_1: D:/SEP/SEP_Grupo7/Proyecto1/Proyecto1_G7/Proyecto1_G7.runs/RNGCore_imp_Debouncer_0_0_synth_1/runme.log
RNGCore_imp_Debouncer_0_1_synth_1: D:/SEP/SEP_Grupo7/Proyecto1/Proyecto1_G7/Proyecto1_G7.runs/RNGCore_imp_Debouncer_0_1_synth_1/runme.log
RNGCore_imp_RNGCore_0_1_synth_1: D:/SEP/SEP_Grupo7/Proyecto1/Proyecto1_G7/Proyecto1_G7.runs/RNGCore_imp_RNGCore_0_1_synth_1/runme.log
synth_1: D:/SEP/SEP_Grupo7/Proyecto1/Proyecto1_G7/Proyecto1_G7.runs/synth_1/runme.log
[Mon Mar 30 06:56:07 2026] Launched impl_1...
Run output will be captured here: D:/SEP/SEP_Grupo7/Proyecto1/Proyecto1_G7/Proyecto1_G7.runs/impl_1/runme.log
launch_runs: Time (s): cpu = 00:00:03 ; elapsed = 00:00:10 . Memory (MB): peak = 4564.414 ; gain = 0.000
close_design
launch_runs impl_1 -to_step write_bitstream -jobs 11
[Mon Mar 30 07:00:32 2026] Launched impl_1...
Run output will be captured here: D:/SEP/SEP_Grupo7/Proyecto1/Proyecto1_G7/Proyecto1_G7.runs/impl_1/runme.log
open_hw_manager
connect_hw_server -allow_non_jtag
INFO: [Labtools 27-2285] Connecting to hw_server url TCP:localhost:3121
INFO: [Labtools 27-2222] Launching hw_server...
INFO: [Labtools 27-2221] Launch Output:

****** Xilinx hw_server v2020.1
  **** Build date : May 27 2020 at 20:24:38
    ** Copyright 1986-2020 Xilinx, Inc. All Rights Reserved.


INFO: [Labtools 27-3415] Connecting to cs_server url TCP:localhost:3042
INFO: [Labtools 27-3417] Launching cs_server...
INFO: [Labtools 27-2221] Launch Output:


****** Xilinx cs_server v2020.1.0
  **** Build date : May 13 2020-21:10:29
    ** Copyright 2017-2020 Xilinx, Inc. All Rights Reserved.



connect_hw_server: Time (s): cpu = 00:00:00 ; elapsed = 00:00:11 . Memory (MB): peak = 4633.867 ; gain = 0.000
open_hw_target
INFO: [Labtoolstcl 44-466] Opening hw_target localhost:3121/xilinx_tcf/Digilent/210351B3FC8CA
set_property PROGRAM.FILE {D:/SEP/SEP_Grupo7/Proyecto1/Proyecto1_G7/Proyecto1_G7.runs/impl_1/RNGCore_imp_wrapper.bit} [get_hw_devices xc7z010_1]
current_hw_device [get_hw_devices xc7z010_1]
refresh_hw_device -update_hw_probes false [lindex [get_hw_devices xc7z010_1] 0]
INFO: [Labtools 27-2302] Device xc7z010 (JTAG device index = 1) is programmed with a design that has 1 ILA core(s).
INFO: [Labtools 27-2302] Device xc7z010 (JTAG device index = 1) is programmed with a design that has 1 VIO core(s).
set_property PROBES.FILE {} [get_hw_devices xc7z010_1]
set_property FULL_PROBES.FILE {} [get_hw_devices xc7z010_1]
set_property PROGRAM.FILE {D:/SEP/SEP_Grupo7/Proyecto1/Proyecto1_G7/Proyecto1_G7.runs/impl_1/RNGCore_imp_wrapper.bit} [get_hw_devices xc7z010_1]
program_hw_devices [get_hw_devices xc7z010_1]
INFO: [Labtools 27-3164] End of startup status: HIGH
refresh_hw_device [lindex [get_hw_devices xc7z010_1] 0]
INFO: [Labtools 27-1434] Device xc7z010 (JTAG device index = 1) is programmed with a design that has no supported debug core(s) in it.
close_hw_manager
launch_simulation -mode post-implementation -type timing
Command: launch_simulation -mode post-implementation -type timing
INFO: [Vivado 12-5698] Checking validity of IPs in the design for the 'XSim' simulator...
WARNING: [BD 41-1731] Type mismatch between connected pins: /Debouncer_1/btn_out(undef) and /RNGCore_0/reset(rst)
WARNING: [BD 41-1731] Type mismatch between connected pins: /ClockDivider_0/clk_out(undef) and /RNGCore_0/clk(clk)
INFO: [Vivado 12-5682] Launching post-implementation timing simulation in 'D:/SEP/SEP_Grupo7/Proyecto1/Proyecto1_G7/Proyecto1_G7.sim/sim_1/impl/timing/xsim'
INFO: [Vivado 12-4795] Using compiled simulation libraries for IPs
INFO: [SIM-utils-51] Simulation object is 'sim_1'
INFO: [SIM-utils-20] The target language is set to VHDL, it is not supported for simulation type 'timing', using Verilog instead.
Netlist sorting complete. Time (s): cpu = 00:00:00 ; elapsed = 00:00:00.001 . Memory (MB): peak = 4648.195 ; gain = 0.000
INFO: [Netlist 29-17] Analyzing 41 Unisim elements for replacement
INFO: [Netlist 29-28] Unisim Transformation completed in 0 CPU seconds
INFO: [Project 1-479] Netlist was created with Vivado 2020.1
INFO: [Project 1-570] Preparing netlist for logic optimization
INFO: [Timing 38-478] Restoring timing data from binary archive.
INFO: [Timing 38-479] Binary timing data restore complete.
INFO: [Project 1-856] Restoring constraints from binary archive.
INFO: [Project 1-853] Binary constraint restore complete.
Reading XDEF placement.
Reading placer database...
Reading XDEF routing.
Read XDEF File: Time (s): cpu = 00:00:01 ; elapsed = 00:00:00.079 . Memory (MB): peak = 4742.648 ; gain = 0.000
Restored from archive | CPU: 1.000000 secs | Memory: 0.000000 MB |
Finished XDEF File Restore: Time (s): cpu = 00:00:01 ; elapsed = 00:00:00.080 . Memory (MB): peak = 4742.648 ; gain = 0.000
Netlist sorting complete. Time (s): cpu = 00:00:00 ; elapsed = 00:00:00 . Memory (MB): peak = 4742.648 ; gain = 0.000
INFO: [Project 1-111] Unisim Transformation Summary:
No Unisim elements were transformed.

INFO: [SIM-utils-31] Writing simulation netlist file for design 'impl_1'...
INFO: [SIM-utils-32] write_verilog -mode timesim -nolib -sdf_anno true -force -file "D:/SEP/SEP_Grupo7/Proyecto1/Proyecto1_G7/Proyecto1_G7.sim/sim_1/impl/timing/xsim/tb_RNGCore_wrapper_time_impl.v"
INFO: [SIM-utils-34] Writing SDF file...
INFO: [SIM-utils-35] write_sdf -mode timesim -process_corner slow -force -file "D:/SEP/SEP_Grupo7/Proyecto1/Proyecto1_G7/Proyecto1_G7.sim/sim_1/impl/timing/xsim/tb_RNGCore_wrapper_time_impl.sdf"
INFO: [SIM-utils-36] Netlist generated:D:/SEP/SEP_Grupo7/Proyecto1/Proyecto1_G7/Proyecto1_G7.sim/sim_1/impl/timing/xsim/tb_RNGCore_wrapper_time_impl.v
INFO: [SIM-utils-37] SDF generated:D:/SEP/SEP_Grupo7/Proyecto1/Proyecto1_G7/Proyecto1_G7.sim/sim_1/impl/timing/xsim/tb_RNGCore_wrapper_time_impl.sdf
INFO: [USF-XSim-7] Finding pre-compiled libraries...
INFO: [USF-XSim-11] File 'D:/Xilinx_1/Vivado/2020.1/data/xsim/xsim.ini' copied to run dir:'D:/SEP/SEP_Grupo7/Proyecto1/Proyecto1_G7/Proyecto1_G7.sim/sim_1/impl/timing/xsim'
INFO: [SIM-utils-54] Inspecting design source files for 'tb_RNGCore_wrapper' in fileset 'sim_1'...
INFO: [USF-XSim-2] XSim::Compile design
INFO: [USF-XSim-61] Executing 'COMPILE and ANALYZE' step in 'D:/SEP/SEP_Grupo7/Proyecto1/Proyecto1_G7/Proyecto1_G7.sim/sim_1/impl/timing/xsim'
"xvlog --incr --relax -prj tb_RNGCore_wrapper_vlog.prj"
INFO: [VRFC 10-2263] Analyzing Verilog file "D:/SEP/SEP_Grupo7/Proyecto1/Proyecto1_G7/Proyecto1_G7.sim/sim_1/impl/timing/xsim/tb_RNGCore_wrapper_time_impl.v" into library xil_defaultlib
INFO: [VRFC 10-311] analyzing module RNGCore_imp
INFO: [VRFC 10-311] analyzing module RNGCore_imp_ClockDivider_0_0
INFO: [VRFC 10-311] analyzing module RNGCore_imp_ClockDivider_0_0_ClockDivider
INFO: [VRFC 10-311] analyzing module RNGCore_imp_Debouncer_0_0
INFO: [VRFC 10-311] analyzing module RNGCore_imp_Debouncer_0_0_ClockDivider
INFO: [VRFC 10-311] analyzing module RNGCore_imp_Debouncer_0_0_Debouncer
INFO: [VRFC 10-311] analyzing module RNGCore_imp_Debouncer_0_1
INFO: [VRFC 10-311] analyzing module RNGCore_imp_Debouncer_0_1_ClockDivider
INFO: [VRFC 10-311] analyzing module RNGCore_imp_Debouncer_0_1_Debouncer
INFO: [VRFC 10-311] analyzing module RNGCore_imp_RNGCore_0_1
INFO: [VRFC 10-311] analyzing module RNGCore_imp_RNGCore_0_1_BalaMemory
INFO: [VRFC 10-311] analyzing module RNGCore_imp_RNGCore_0_1_Decoder
INFO: [VRFC 10-311] analyzing module RNGCore_imp_RNGCore_0_1_RNGBala
INFO: [VRFC 10-311] analyzing module RNGCore_imp_RNGCore_0_1_RNGCore
INFO: [VRFC 10-311] analyzing module RNGCore_imp_wrapper
INFO: [VRFC 10-311] analyzing module glbl
"xvhdl --incr --relax -prj tb_RNGCore_wrapper_vhdl.prj"
INFO: [USF-XSim-69] 'compile' step finished in '5' seconds
INFO: [USF-XSim-3] XSim::Elaborate design
INFO: [USF-XSim-61] Executing 'ELABORATE' step in 'D:/SEP/SEP_Grupo7/Proyecto1/Proyecto1_G7/Proyecto1_G7.sim/sim_1/impl/timing/xsim'
"xelab -wto de0277ee0d5041d1af9b140ec436262e --incr --debug typical --relax --mt 2 --maxdelay -L xil_defaultlib -L simprims_ver -L secureip --snapshot tb_RNGCore_wrapper_time_impl -transport_int_delays -pulse_r 0 -pulse_int_r 0 -pulse_e 0 -pulse_int_e 0 xil_defaultlib.tb_RNGCore_wrapper xil_defaultlib.glbl -log elaborate.log"
Vivado Simulator 2020.1
Copyright 1986-1999, 2001-2020 Xilinx, Inc. All Rights Reserved.
Running: D:/Xilinx_1/Vivado/2020.1/bin/unwrapped/win64.o/xelab.exe -wto de0277ee0d5041d1af9b140ec436262e --incr --debug typical --relax --mt 2 --maxdelay -L xil_defaultlib -L simprims_ver -L secureip --snapshot tb_RNGCore_wrapper_time_impl -transport_int_delays -pulse_r 0 -pulse_int_r 0 -pulse_e 0 -pulse_int_e 0 xil_defaultlib.tb_RNGCore_wrapper xil_defaultlib.glbl -log elaborate.log 
Using 2 slave threads.
Starting static elaboration
Pass Through NonSizing Optimizer
Completed static elaboration
Starting simulation data flow analysis
Completed simulation data flow analysis
INFO: [XSIM 43-3451] SDF backannotation process started with SDF file "tb_RNGCore_wrapper_time_impl.sdf", for root module "tb_RNGCore_wrapper/uut".
INFO: [XSIM 43-3452] SDF backannotation was successful for SDF file "tb_RNGCore_wrapper_time_impl.sdf", for root module "tb_RNGCore_wrapper/uut".
Time Resolution for simulation is 1ps
Compiling package std.standard
Compiling package std.textio
Compiling package ieee.std_logic_1164
Compiling package ieee.numeric_std
Compiling package vl.vl_types
Compiling module xil_defaultlib.glbl
Compiling module simprims_ver.LUT5
Compiling module simprims_ver.LUT4
Compiling module simprims_ver.FDRE_default
Compiling module simprims_ver.x_lut1_mux2
Compiling module simprims_ver.LUT1
Compiling module simprims_ver.CARRY4
Compiling module xil_defaultlib.RNGCore_imp_ClockDivider_0_0_Clo...
Compiling module xil_defaultlib.RNGCore_imp_ClockDivider_0_0
Compiling module simprims_ver.LUT6
Compiling module simprims_ver.x_lut2_mux4
Compiling module simprims_ver.LUT2
Compiling module simprims_ver.BUFG
Compiling module xil_defaultlib.RNGCore_imp_Debouncer_0_0_ClockD...
Compiling module xil_defaultlib.RNGCore_imp_Debouncer_0_0_Deboun...
Compiling module xil_defaultlib.RNGCore_imp_Debouncer_0_0
Compiling module xil_defaultlib.RNGCore_imp_Debouncer_0_1_ClockD...
Compiling module xil_defaultlib.RNGCore_imp_Debouncer_0_1_Deboun...
Compiling module xil_defaultlib.RNGCore_imp_Debouncer_0_1
Compiling module xil_defaultlib.RNGCore_imp_RNGCore_0_1_BalaMemo...
Compiling module xil_defaultlib.RNGCore_imp_RNGCore_0_1_Decoder
Compiling module simprims_ver.x_lut3_mux8
Compiling module simprims_ver.LUT3
Compiling module xil_defaultlib.RNGCore_imp_RNGCore_0_1_RNGBala
Compiling module xil_defaultlib.RNGCore_imp_RNGCore_0_1_RNGCore
Compiling module xil_defaultlib.RNGCore_imp_RNGCore_0_1
Compiling module xil_defaultlib.RNGCore_imp
Compiling module simprims_ver.IBUF
Compiling module simprims_ver.OBUF
Compiling module xil_defaultlib.RNGCore_imp_wrapper
Compiling architecture sim of entity xil_defaultlib.tb_rngcore_wrapper
Built simulation snapshot tb_RNGCore_wrapper_time_impl
run_program: Time (s): cpu = 00:00:00 ; elapsed = 00:00:16 . Memory (MB): peak = 4742.648 ; gain = 0.000
INFO: [USF-XSim-69] 'elaborate' step finished in '16' seconds
INFO: [USF-XSim-4] XSim::Simulate design
INFO: [USF-XSim-61] Executing 'SIMULATE' step in 'D:/SEP/SEP_Grupo7/Proyecto1/Proyecto1_G7/Proyecto1_G7.sim/sim_1/impl/timing/xsim'
INFO: [USF-XSim-98] *** Running xsim
   with args "tb_RNGCore_wrapper_time_impl -key {Post-Implementation:sim_1:Timing:tb_RNGCore_wrapper} -tclbatch {tb_RNGCore_wrapper.tcl} -protoinst "protoinst_files/RNGCore_imp.protoinst" -log {simulate.log}"
INFO: [USF-XSim-8] Loading simulator feature
Vivado Simulator 2020.1
INFO: [Wavedata 42-565] Reading protoinst file protoinst_files/RNGCore_imp.protoinst
Time resolution is 1 ps
source tb_RNGCore_wrapper.tcl
# set curr_wave [current_wave_config]
# if { [string length $curr_wave] == 0 } {
#   if { [llength [get_objects]] > 0} {
#     add_wave /
#     set_property needs_save false [current_wave_config]
#   } else {
#      send_msg_id Add_Wave-1 WARNING "No top level signals found. Simulator will start without a wave window. If you want to open a wave window go to 'File->New Waveform Configuration' or type 'create_wave_config' in the TCL console."
#   }
# }
# run 1000ns
Note: Prueba: btnRNG sin enable - Verificando que no cargue bala
Time: 160 ns  Iteration: 0  Process: /tb_RNGCore_wrapper/stim_proc  File: D:/SEP/SEP_Grupo7/Proyecto1/Proyecto1_G7/Proyecto1_G7.srcs/sim_1/new/tb_RNGCore_imp.vhd
Note: Carga 1 finalizada. Revisar seńal rgb_b y leds.
Time: 430 ns  Iteration: 0  Process: /tb_RNGCore_wrapper/stim_proc  File: D:/SEP/SEP_Grupo7/Proyecto1/Proyecto1_G7/Proyecto1_G7.srcs/sim_1/new/tb_RNGCore_imp.vhd
xsim: Time (s): cpu = 00:00:04 ; elapsed = 00:00:07 . Memory (MB): peak = 4742.648 ; gain = 0.000
INFO: [USF-XSim-96] XSim completed. Design snapshot 'tb_RNGCore_wrapper_time_impl' loaded.
INFO: [USF-XSim-97] XSim simulation ran for 1000ns
launch_simulation: Time (s): cpu = 00:00:13 ; elapsed = 00:00:32 . Memory (MB): peak = 4742.648 ; gain = 95.297
open_bd_design {D:/SEP/SEP_Grupo7/Proyecto1/Proyecto1_G7/Proyecto1_G7.srcs/sources_1/bd/RNGCore_imp/RNGCore_imp.bd}
Adding component instance block -- xilinx.com:module_ref:ClockDivider:1.0 - ClockDivider_0
Adding component instance block -- xilinx.com:module_ref:RNGCore:1.0 - RNGCore_0
Adding component instance block -- xilinx.com:module_ref:Debouncer:1.0 - Debouncer_0
Adding component instance block -- xilinx.com:module_ref:Debouncer:1.0 - Debouncer_1
WARNING: [BD 41-1731] Type mismatch between connected pins: /Debouncer_1/btn_out(undef) and /RNGCore_0/reset(rst)
WARNING: [BD 41-1731] Type mismatch between connected pins: /ClockDivider_0/clk_out(undef) and /RNGCore_0/clk(clk)
Successfully read diagram <RNGCore_imp> from BD file <D:/SEP/SEP_Grupo7/Proyecto1/Proyecto1_G7/Proyecto1_G7.srcs/sources_1/bd/RNGCore_imp/RNGCore_imp.bd>
set_property HDL_ATTRIBUTE.DEBUG true [get_bd_nets {RNGCore_0_pos_bala }]
true
startgroup
set_property HDL_ATTRIBUTE.DEBUG false [get_bd_nets { RNGCore_0_pos_bala } ]
endgroup
set_property HDL_ATTRIBUTE.DEBUG true [get_bd_nets {RNGCore_0_pos_bala }]
true
set_property HDL_ATTRIBUTE.DEBUG true [get_bd_nets {RNGCore_0_ending }]
true
set_property HDL_ATTRIBUTE.DEBUG true [get_bd_nets {ClockDivider_0_clk_out }]
true
set_property HDL_ATTRIBUTE.DEBUG true [get_bd_nets {clk_1 }]
true
set_property HDL_ATTRIBUTE.DEBUG true [get_bd_nets {enable_1 }]
true
set_property HDL_ATTRIBUTE.DEBUG true [get_bd_nets {reset_1 }]
true
set_property HDL_ATTRIBUTE.DEBUG true [get_bd_nets {btnRNG_1 }]
true
startgroup
set_property HDL_ATTRIBUTE.DEBUG false [get_bd_nets { ClockDivider_0_clk_out } ]
endgroup
startgroup
apply_bd_automation -rule xilinx.com:bd_rule:debug -dict [list \
                                                          [get_bd_nets btnRNG_1] {PROBE_TYPE "Data and Trigger" CLK_SRC "/clk" SYSTEM_ILA "Auto" } \
                                                          [get_bd_nets clk_1] {PROBE_TYPE "Data and Trigger" CLK_SRC "None (Connect manually)" SYSTEM_ILA "Auto" } \
                                                          [get_bd_nets enable_1] {PROBE_TYPE "Data and Trigger" CLK_SRC "/ClockDivider_0/clk_out" SYSTEM_ILA "Auto" } \
                                                          [get_bd_nets reset_1] {PROBE_TYPE "Data and Trigger" CLK_SRC "/clk" SYSTEM_ILA "Auto" } \
                                                          [get_bd_nets RNGCore_0_ending] {PROBE_TYPE "Data and Trigger" CLK_SRC "/ClockDivider_0/clk_out" SYSTEM_ILA "Auto" } \
                                                          [get_bd_nets RNGCore_0_pos_bala] {PROBE_TYPE "Data and Trigger" CLK_SRC "/ClockDivider_0/clk_out" SYSTEM_ILA "Auto" } \
                                                         ]
Debug Automation : Instantiating new System ILA block '/system_ila_0' with mode NATIVE, 0 slot interface pins and 2 probe pins. Also setting parameters on this block, corresponding to newly enabled interface pins and probe pins as specified via Debug Automation.
Debug Automation : Connecting source clock pin /clk to the following sink clock pins :
/system_ila_0/clk
Debug Automation : Connecting net /btnRNG_1, to System ILA probe pin /system_ila_0/probe0 for debug.
Debug Automation : Connecting net /reset_1, to System ILA probe pin /system_ila_0/probe1 for debug.
Debug Automation : Instantiating new System ILA block '/system_ila_1' with mode NATIVE, 0 slot interface pins and 4 probe pins. Also setting parameters on this block, corresponding to newly enabled interface pins and probe pins as specified via Debug Automation.
WARNING: [BD 41-1731] Type mismatch between connected pins: /ClockDivider_0/clk_out(undef) and /system_ila_1/clk(clk)
Debug Automation : Connecting source clock pin /ClockDivider_0/clk_out to the following sink clock pins :
/system_ila_1/clk
Debug Automation : Connecting net /clk_1, to System ILA probe pin /system_ila_1/probe0 for debug.
Debug Automation : Connecting net /enable_1, to System ILA probe pin /system_ila_1/probe1 for debug.
Debug Automation : Connecting net /RNGCore_0_ending, to System ILA probe pin /system_ila_1/probe2 for debug.
Debug Automation : Connecting net /RNGCore_0_pos_bala, to System ILA probe pin /system_ila_1/probe3 for debug.
endgroup
open_hw_manager
connect_hw_server -allow_non_jtag
INFO: [Labtools 27-2285] Connecting to hw_server url TCP:localhost:3121
INFO: [Labtools 27-2222] Launching hw_server...
INFO: [Labtools 27-2221] Launch Output:

****** Xilinx hw_server v2020.1
  **** Build date : May 27 2020 at 20:24:38
    ** Copyright 1986-2020 Xilinx, Inc. All Rights Reserved.


INFO: [Labtools 27-3415] Connecting to cs_server url TCP:localhost:3042
INFO: [Labtools 27-3417] Launching cs_server...
INFO: [Labtools 27-2221] Launch Output:


****** Xilinx cs_server v2020.1.0
  **** Build date : May 13 2020-21:10:29
    ** Copyright 2017-2020 Xilinx, Inc. All Rights Reserved.



connect_hw_server: Time (s): cpu = 00:00:01 ; elapsed = 00:00:11 . Memory (MB): peak = 4742.648 ; gain = 0.000
open_hw_target
INFO: [Labtoolstcl 44-466] Opening hw_target localhost:3121/xilinx_tcf/Digilent/210351B3FC8CA
set_property PROGRAM.FILE {D:/SEP/SEP_Grupo7/Proyecto1/Proyecto1_G7/Proyecto1_G7.runs/impl_1/RNGCore_imp_wrapper.bit} [get_hw_devices xc7z010_1]
current_hw_device [get_hw_devices xc7z010_1]
refresh_hw_device -update_hw_probes false [lindex [get_hw_devices xc7z010_1] 0]
INFO: [Labtools 27-1434] Device xc7z010 (JTAG device index = 1) is programmed with a design that has no supported debug core(s) in it.
set_property PROBES.FILE {} [get_hw_devices xc7z010_1]
set_property FULL_PROBES.FILE {} [get_hw_devices xc7z010_1]
set_property PROGRAM.FILE {D:/SEP/SEP_Grupo7/Proyecto1/Proyecto1_G7/Proyecto1_G7.runs/impl_1/RNGCore_imp_wrapper.bit} [get_hw_devices xc7z010_1]
program_hw_devices [get_hw_devices xc7z010_1]
INFO: [Labtools 27-3164] End of startup status: HIGH
refresh_hw_device [lindex [get_hw_devices xc7z010_1] 0]
INFO: [Labtools 27-1434] Device xc7z010 (JTAG device index = 1) is programmed with a design that has no supported debug core(s) in it.
close_hw_manager
close_hw_manager: Time (s): cpu = 00:00:08 ; elapsed = 00:00:07 . Memory (MB): peak = 4742.648 ; gain = 0.000
open_bd_design {D:/SEP/SEP_Grupo7/Proyecto1/Proyecto1_G7/Proyecto1_G7.srcs/sources_1/bd/RNGCore_imp/RNGCore_imp.bd}
open_hw_manager
connect_hw_server -allow_non_jtag
INFO: [Labtools 27-2285] Connecting to hw_server url TCP:localhost:3121
INFO: [Labtools 27-2222] Launching hw_server...
INFO: [Labtools 27-2221] Launch Output:

****** Xilinx hw_server v2020.1
  **** Build date : May 27 2020 at 20:24:38
    ** Copyright 1986-2020 Xilinx, Inc. All Rights Reserved.


INFO: [Labtools 27-3415] Connecting to cs_server url TCP:localhost:3042
INFO: [Labtools 27-3417] Launching cs_server...
INFO: [Labtools 27-2221] Launch Output:


****** Xilinx cs_server v2020.1.0
  **** Build date : May 13 2020-21:10:29
    ** Copyright 2017-2020 Xilinx, Inc. All Rights Reserved.



connect_hw_server: Time (s): cpu = 00:00:01 ; elapsed = 00:00:11 . Memory (MB): peak = 4742.648 ; gain = 0.000
open_hw_target
INFO: [Labtoolstcl 44-466] Opening hw_target localhost:3121/xilinx_tcf/Digilent/210351B3FC8CA
set_property PROGRAM.FILE {D:/SEP/SEP_Grupo7/Proyecto1/Proyecto1_G7/Proyecto1_G7.runs/impl_1/RNGCore_imp_wrapper.bit} [get_hw_devices xc7z010_1]
current_hw_device [get_hw_devices xc7z010_1]
refresh_hw_device -update_hw_probes false [lindex [get_hw_devices xc7z010_1] 0]
INFO: [Labtools 27-1434] Device xc7z010 (JTAG device index = 1) is programmed with a design that has no supported debug core(s) in it.
save_bd_design
Wrote  : <D:\SEP\SEP_Grupo7\Proyecto1\Proyecto1_G7\Proyecto1_G7.srcs\sources_1\bd\RNGCore_imp\RNGCore_imp.bd> 
Wrote  : <D:/SEP/SEP_Grupo7/Proyecto1/Proyecto1_G7/Proyecto1_G7.srcs/sources_1/bd/RNGCore_imp/ui/bd_22383b77.ui> 
close_sim
INFO: [Simtcl 6-16] Simulation closed
exit
INFO: [Common 17-206] Exiting Vivado at Mon Mar 30 07:12:35 2026...
