#-----------------------------------------------------------
# Vivado v2020.1 (64-bit)
# SW Build 2902540 on Wed May 27 19:54:49 MDT 2020
# IP Build 2902112 on Wed May 27 22:43:36 MDT 2020
# Start of session at: Mon Apr  6 08:20:40 2026
# Process ID: 24096
# Current directory: D:/SEP/SEP_Grupo7/Proyecto1/Proyecto1_G7
# Command line: vivado.exe -gui_launcher_event rodinguilauncherevent34172 D:\SEP\SEP_Grupo7\Proyecto1\Proyecto1_G7\Proyecto1_G7.xpr
# Log file: D:/SEP/SEP_Grupo7/Proyecto1/Proyecto1_G7/vivado.log
# Journal file: D:/SEP/SEP_Grupo7/Proyecto1/Proyecto1_G7\vivado.jou
#-----------------------------------------------------------
start_gui
open_project D:/SEP/SEP_Grupo7/Proyecto1/Proyecto1_G7/Proyecto1_G7.xpr
Scanning sources...
Finished scanning sources
INFO: [IP_Flow 19-234] Refreshing IP repositories
INFO: [IP_Flow 19-1704] No user IP repositories specified
INFO: [IP_Flow 19-2313] Loaded Vivado IP repository 'D:/Xilinx_1/Vivado/2020.1/data/ip'.
open_project: Time (s): cpu = 00:00:35 ; elapsed = 00:00:17 . Memory (MB): peak = 1074.586 ; gain = 0.000
update_compile_order -fileset sources_1
open_bd_design {D:/SEP/SEP_Grupo7/Proyecto1/Proyecto1_G7/Proyecto1_G7.srcs/sources_1/bd/Game_v1_imp/Game_v1_imp.bd}
Adding component instance block -- xilinx.com:module_ref:RNGCore:1.0 - RNGCore_0
Adding component instance block -- xilinx.com:module_ref:Sep_SM:1.0 - Sep_SM_0
Adding component instance block -- xilinx.com:module_ref:Debouncer:1.0 - Debouncer_0
Adding component instance block -- xilinx.com:module_ref:ClockDivider:1.0 - ClockDivider_0
Adding component instance block -- xilinx.com:module_ref:Debouncer:1.0 - Debouncer_1
Adding component instance block -- xilinx.com:module_ref:Debouncer:1.0 - Debouncer_3
WARNING: [BD 41-1731] Type mismatch between connected pins: /Debouncer_0/btn_out(undef) and /RNGCore_0/reset(rst)
WARNING: [BD 41-1731] Type mismatch between connected pins: /Debouncer_0/btn_out(undef) and /Sep_SM_0/reset(rst)
WARNING: [BD 41-1731] Type mismatch between connected pins: /ClockDivider_0/clk_out(undef) and /RNGCore_0/clk(clk)
WARNING: [BD 41-1731] Type mismatch between connected pins: /ClockDivider_0/clk_out(undef) and /Sep_SM_0/clk(clk)
Successfully read diagram <Game_v1_imp> from BD file <D:/SEP/SEP_Grupo7/Proyecto1/Proyecto1_G7/Proyecto1_G7.srcs/sources_1/bd/Game_v1_imp/Game_v1_imp.bd>
open_bd_design: Time (s): cpu = 00:00:12 ; elapsed = 00:00:10 . Memory (MB): peak = 1454.027 ; gain = 0.000
regenerate_bd_layout -routing
regenerate_bd_layout
regenerate_bd_layout -routing
close_bd_design [get_bd_designs Game_v1_imp]
Wrote  : <D:/SEP/SEP_Grupo7/Proyecto1/Proyecto1_G7/Proyecto1_G7.srcs/sources_1/bd/Game_v1_imp/ui/bd_f391a2d5.ui> 
close_project
open_project D:/SEP/SEP_Grupo7/Proyecto1/Proyecto1_G7/Proyecto1_G7.xpr
Scanning sources...
Finished scanning sources
INFO: [IP_Flow 19-234] Refreshing IP repositories
INFO: [IP_Flow 19-1704] No user IP repositories specified
INFO: [IP_Flow 19-2313] Loaded Vivado IP repository 'D:/Xilinx_1/Vivado/2020.1/data/ip'.
update_module_reference Game_v1_imp_Sep_SM_0_0
INFO: [IP_Flow 19-5107] Inferred bus interface 'reset' of definition 'xilinx.com:signal:reset:1.0' (from Xilinx Repository).
INFO: [IP_Flow 19-5107] Inferred bus interface 'clk' of definition 'xilinx.com:signal:clock:1.0' (from Xilinx Repository).
INFO: [IP_Flow 19-4728] Bus Interface 'clk': Added interface parameter 'ASSOCIATED_RESET' with value 'reset'.
WARNING: [IP_Flow 19-5661] Bus Interface 'clk' does not have any bus interfaces associated with it.
INFO: [IP_Flow 19-234] Refreshing IP repositories
INFO: [IP_Flow 19-1704] No user IP repositories specified
Adding component instance block -- xilinx.com:module_ref:RNGCore:1.0 - RNGCore_0
Adding component instance block -- xilinx.com:module_ref:Sep_SM:1.0 - Sep_SM_0
Adding component instance block -- xilinx.com:module_ref:Debouncer:1.0 - Debouncer_0
Adding component instance block -- xilinx.com:module_ref:ClockDivider:1.0 - ClockDivider_0
Adding component instance block -- xilinx.com:module_ref:Debouncer:1.0 - Debouncer_1
Adding component instance block -- xilinx.com:module_ref:Debouncer:1.0 - Debouncer_3
WARNING: [BD 41-1731] Type mismatch between connected pins: /Debouncer_0/btn_out(undef) and /RNGCore_0/reset(rst)
WARNING: [BD 41-1731] Type mismatch between connected pins: /Debouncer_0/btn_out(undef) and /Sep_SM_0/reset(rst)
WARNING: [BD 41-1731] Type mismatch between connected pins: /ClockDivider_0/clk_out(undef) and /RNGCore_0/clk(clk)
WARNING: [BD 41-1731] Type mismatch between connected pins: /ClockDivider_0/clk_out(undef) and /Sep_SM_0/clk(clk)
Successfully read diagram <Game_v1_imp> from BD file <D:/SEP/SEP_Grupo7/Proyecto1/Proyecto1_G7/Proyecto1_G7.srcs/sources_1/bd/Game_v1_imp/Game_v1_imp.bd>
Upgrading 'D:/SEP/SEP_Grupo7/Proyecto1/Proyecto1_G7/Proyecto1_G7.srcs/sources_1/bd/Game_v1_imp/Game_v1_imp.bd'
INFO: [IP_Flow 19-1972] Upgraded Game_v1_imp_Sep_SM_0_0 from Sep_SM_v1_0 1.0 to Sep_SM_v1_0 1.0
WARNING: [BD 41-1731] Type mismatch between connected pins: /ClockDivider_0/clk_out(undef) and /Sep_SM_0_upgraded_ipi/clk(clk)
WARNING: [BD 41-1731] Type mismatch between connected pins: /Debouncer_0/btn_out(undef) and /Sep_SM_0_upgraded_ipi/reset(rst)
Wrote  : <D:\SEP\SEP_Grupo7\Proyecto1\Proyecto1_G7\Proyecto1_G7.srcs\sources_1\bd\Game_v1_imp\Game_v1_imp.bd> 
Wrote  : <D:/SEP/SEP_Grupo7/Proyecto1/Proyecto1_G7/Proyecto1_G7.srcs/sources_1/bd/Game_v1_imp/ui/bd_f391a2d5.ui> 
upgrade_ip: Time (s): cpu = 00:00:08 ; elapsed = 00:00:07 . Memory (MB): peak = 1837.254 ; gain = 0.000
update_module_reference: Time (s): cpu = 00:00:08 ; elapsed = 00:00:12 . Memory (MB): peak = 1837.254 ; gain = 0.000
close_bd_design [get_bd_designs Game_v1_imp]
update_compile_order -fileset sources_1
set_property top GameModeSel_imp_wrapper [current_fileset]
update_compile_order -fileset sources_1
open_bd_design {D:/SEP/SEP_Grupo7/Proyecto1/Proyecto1_G7/Proyecto1_G7.srcs/sources_1/bd/GameModeSel_imp/GameModeSel_imp.bd}
Adding component instance block -- xilinx.com:module_ref:Debouncer:1.0 - Debouncer_0
Adding component instance block -- xilinx.com:module_ref:Debouncer:1.0 - Debouncer_1
Adding component instance block -- xilinx.com:module_ref:Debouncer:1.0 - Debouncer_2
Adding component instance block -- xilinx.com:module_ref:ClockDivider:1.0 - ClockDivider_0
Adding component instance block -- xilinx.com:module_ref:GameModeSelection:1.0 - GameModeSelection_0
WARNING: [BD 41-1731] Type mismatch between connected pins: /Debouncer_0/btn_out(undef) and /GameModeSelection_0/reset(rst)
WARNING: [BD 41-1731] Type mismatch between connected pins: /ClockDivider_0/clk_out(undef) and /GameModeSelection_0/clk(clk)
Successfully read diagram <GameModeSel_imp> from BD file <D:/SEP/SEP_Grupo7/Proyecto1/Proyecto1_G7/Proyecto1_G7.srcs/sources_1/bd/GameModeSel_imp/GameModeSel_imp.bd>
regenerate_bd_layout -routing
regenerate_bd_layout
reset_run synth_1
launch_runs impl_1 -to_step write_bitstream -jobs 11
WARNING: [BD 41-927] Following properties on pin /Debouncer_0/clk have been updated from connected ip, but BD cell '/Debouncer_0' does not accept parameter changes, so they may not be synchronized with cell properties:
	FREQ_HZ = 125000000 
Please resolve any mismatches by directly setting properties on BD cell </Debouncer_0> to completely resolve these warnings.
WARNING: [BD 41-927] Following properties on pin /Debouncer_1/clk have been updated from connected ip, but BD cell '/Debouncer_1' does not accept parameter changes, so they may not be synchronized with cell properties:
	FREQ_HZ = 125000000 
Please resolve any mismatches by directly setting properties on BD cell </Debouncer_1> to completely resolve these warnings.
WARNING: [BD 41-927] Following properties on pin /Debouncer_2/clk have been updated from connected ip, but BD cell '/Debouncer_2' does not accept parameter changes, so they may not be synchronized with cell properties:
	FREQ_HZ = 125000000 
Please resolve any mismatches by directly setting properties on BD cell </Debouncer_2> to completely resolve these warnings.
WARNING: [BD 41-927] Following properties on pin /ClockDivider_0/clk have been updated from connected ip, but BD cell '/ClockDivider_0' does not accept parameter changes, so they may not be synchronized with cell properties:
	FREQ_HZ = 125000000 
Please resolve any mismatches by directly setting properties on BD cell </ClockDivider_0> to completely resolve these warnings.
Wrote  : <D:\SEP\SEP_Grupo7\Proyecto1\Proyecto1_G7\Proyecto1_G7.srcs\sources_1\bd\GameModeSel_imp\GameModeSel_imp.bd> 
Wrote  : <D:/SEP/SEP_Grupo7/Proyecto1/Proyecto1_G7/Proyecto1_G7.srcs/sources_1/bd/GameModeSel_imp/ui/bd_b2adfa32.ui> 
VHDL Output written to : D:/SEP/SEP_Grupo7/Proyecto1/Proyecto1_G7/Proyecto1_G7.srcs/sources_1/bd/GameModeSel_imp/synth/GameModeSel_imp.vhd
VHDL Output written to : D:/SEP/SEP_Grupo7/Proyecto1/Proyecto1_G7/Proyecto1_G7.srcs/sources_1/bd/GameModeSel_imp/sim/GameModeSel_imp.vhd
VHDL Output written to : D:/SEP/SEP_Grupo7/Proyecto1/Proyecto1_G7/Proyecto1_G7.srcs/sources_1/bd/GameModeSel_imp/hdl/GameModeSel_imp_wrapper.vhd
INFO: [BD 41-1029] Generation completed for the IP Integrator block GameModeSelection_0 .
Exporting to file D:/SEP/SEP_Grupo7/Proyecto1/Proyecto1_G7/Proyecto1_G7.srcs/sources_1/bd/GameModeSel_imp/hw_handoff/GameModeSel_imp.hwh
Generated Block Design Tcl file D:/SEP/SEP_Grupo7/Proyecto1/Proyecto1_G7/Proyecto1_G7.srcs/sources_1/bd/GameModeSel_imp/hw_handoff/GameModeSel_imp_bd.tcl
Generated Hardware Definition File D:/SEP/SEP_Grupo7/Proyecto1/Proyecto1_G7/Proyecto1_G7.srcs/sources_1/bd/GameModeSel_imp/synth/GameModeSel_imp.hwdef
[Mon Apr  6 08:42:30 2026] Launched GameModeSel_imp_GameModeSelection_0_0_synth_1, synth_1...
Run output will be captured here:
GameModeSel_imp_GameModeSelection_0_0_synth_1: D:/SEP/SEP_Grupo7/Proyecto1/Proyecto1_G7/Proyecto1_G7.runs/GameModeSel_imp_GameModeSelection_0_0_synth_1/runme.log
synth_1: D:/SEP/SEP_Grupo7/Proyecto1/Proyecto1_G7/Proyecto1_G7.runs/synth_1/runme.log
[Mon Apr  6 08:42:30 2026] Launched impl_1...
Run output will be captured here: D:/SEP/SEP_Grupo7/Proyecto1/Proyecto1_G7/Proyecto1_G7.runs/impl_1/runme.log
launch_runs: Time (s): cpu = 00:00:05 ; elapsed = 00:00:21 . Memory (MB): peak = 1837.254 ; gain = 0.000
open_hw_manager
connect_hw_server -allow_non_jtag
INFO: [Labtools 27-2285] Connecting to hw_server url TCP:localhost:3121
INFO: [Labtools 27-3415] Connecting to cs_server url TCP:localhost:3042
INFO: [Labtools 27-3414] Connected to existing cs_server.
open_hw_target
INFO: [Labtoolstcl 44-466] Opening hw_target localhost:3121/xilinx_tcf/Digilent/210351B3FC8CA
open_hw_target: Time (s): cpu = 00:00:05 ; elapsed = 00:00:07 . Memory (MB): peak = 2821.156 ; gain = 983.902
set_property PROGRAM.FILE {D:/SEP/SEP_Grupo7/Proyecto1/Proyecto1_G7/Proyecto1_G7.runs/impl_1/GameModeSel_imp_wrapper.bit} [get_hw_devices xc7z010_1]
current_hw_device [get_hw_devices xc7z010_1]
refresh_hw_device -update_hw_probes false [lindex [get_hw_devices xc7z010_1] 0]
INFO: [Labtools 27-1434] Device xc7z010 (JTAG device index = 1) is programmed with a design that has no supported debug core(s) in it.
set_property PROBES.FILE {} [get_hw_devices xc7z010_1]
set_property FULL_PROBES.FILE {} [get_hw_devices xc7z010_1]
set_property PROGRAM.FILE {D:/SEP/SEP_Grupo7/Proyecto1/Proyecto1_G7/Proyecto1_G7.runs/impl_1/GameModeSel_imp_wrapper.bit} [get_hw_devices xc7z010_1]
program_hw_devices [get_hw_devices xc7z010_1]
INFO: [Labtools 27-3164] End of startup status: HIGH
refresh_hw_device [lindex [get_hw_devices xc7z010_1] 0]
INFO: [Labtools 27-1434] Device xc7z010 (JTAG device index = 1) is programmed with a design that has no supported debug core(s) in it.
close_hw_manager
set_property top Game_v1_imp_wrapper [current_fileset]
update_compile_order -fileset sources_1
open_bd_design {D:/SEP/SEP_Grupo7/Proyecto1/Proyecto1_G7/Proyecto1_G7.srcs/sources_1/bd/Game_v1_imp/Game_v1_imp.bd}
Adding component instance block -- xilinx.com:module_ref:RNGCore:1.0 - RNGCore_0
Adding component instance block -- xilinx.com:module_ref:Debouncer:1.0 - Debouncer_0
Adding component instance block -- xilinx.com:module_ref:ClockDivider:1.0 - ClockDivider_0
Adding component instance block -- xilinx.com:module_ref:Debouncer:1.0 - Debouncer_1
Adding component instance block -- xilinx.com:module_ref:Debouncer:1.0 - Debouncer_3
Adding component instance block -- xilinx.com:module_ref:Sep_SM:1.0 - Sep_SM_0
WARNING: [BD 41-1731] Type mismatch between connected pins: /Debouncer_0/btn_out(undef) and /RNGCore_0/reset(rst)
WARNING: [BD 41-1731] Type mismatch between connected pins: /Debouncer_0/btn_out(undef) and /Sep_SM_0/reset(rst)
WARNING: [BD 41-1731] Type mismatch between connected pins: /ClockDivider_0/clk_out(undef) and /RNGCore_0/clk(clk)
WARNING: [BD 41-1731] Type mismatch between connected pins: /ClockDivider_0/clk_out(undef) and /Sep_SM_0/clk(clk)
Successfully read diagram <Game_v1_imp> from BD file <D:/SEP/SEP_Grupo7/Proyecto1/Proyecto1_G7/Proyecto1_G7.srcs/sources_1/bd/Game_v1_imp/Game_v1_imp.bd>
reset_run synth_1
WARNING: [Vivado 12-1017] Problems encountered:
1. Failed to delete one or more files in run directory D:/SEP/SEP_Grupo7/Proyecto1/Proyecto1_G7/Proyecto1_G7.runs/synth_1

launch_runs impl_1 -to_step write_bitstream -jobs 11
WARNING: [BD 41-927] Following properties on pin /Debouncer_0/clk have been updated from connected ip, but BD cell '/Debouncer_0' does not accept parameter changes, so they may not be synchronized with cell properties:
	FREQ_HZ = 125000000 
Please resolve any mismatches by directly setting properties on BD cell </Debouncer_0> to completely resolve these warnings.
WARNING: [BD 41-927] Following properties on pin /ClockDivider_0/clk have been updated from connected ip, but BD cell '/ClockDivider_0' does not accept parameter changes, so they may not be synchronized with cell properties:
	FREQ_HZ = 125000000 
Please resolve any mismatches by directly setting properties on BD cell </ClockDivider_0> to completely resolve these warnings.
WARNING: [BD 41-927] Following properties on pin /Debouncer_1/clk have been updated from connected ip, but BD cell '/Debouncer_1' does not accept parameter changes, so they may not be synchronized with cell properties:
	FREQ_HZ = 125000000 
Please resolve any mismatches by directly setting properties on BD cell </Debouncer_1> to completely resolve these warnings.
WARNING: [BD 41-927] Following properties on pin /Debouncer_3/clk have been updated from connected ip, but BD cell '/Debouncer_3' does not accept parameter changes, so they may not be synchronized with cell properties:
	FREQ_HZ = 125000000 
Please resolve any mismatches by directly setting properties on BD cell </Debouncer_3> to completely resolve these warnings.
Wrote  : <D:\SEP\SEP_Grupo7\Proyecto1\Proyecto1_G7\Proyecto1_G7.srcs\sources_1\bd\Game_v1_imp\Game_v1_imp.bd> 
Wrote  : <D:/SEP/SEP_Grupo7/Proyecto1/Proyecto1_G7/Proyecto1_G7.srcs/sources_1/bd/Game_v1_imp/ui/bd_f391a2d5.ui> 
VHDL Output written to : D:/SEP/SEP_Grupo7/Proyecto1/Proyecto1_G7/Proyecto1_G7.srcs/sources_1/bd/Game_v1_imp/synth/Game_v1_imp.vhd
VHDL Output written to : D:/SEP/SEP_Grupo7/Proyecto1/Proyecto1_G7/Proyecto1_G7.srcs/sources_1/bd/Game_v1_imp/sim/Game_v1_imp.vhd
VHDL Output written to : D:/SEP/SEP_Grupo7/Proyecto1/Proyecto1_G7/Proyecto1_G7.srcs/sources_1/bd/Game_v1_imp/hdl/Game_v1_imp_wrapper.vhd
INFO: [BD 41-1029] Generation completed for the IP Integrator block Sep_SM_0 .
Exporting to file D:/SEP/SEP_Grupo7/Proyecto1/Proyecto1_G7/Proyecto1_G7.srcs/sources_1/bd/Game_v1_imp/hw_handoff/Game_v1_imp.hwh
Generated Block Design Tcl file D:/SEP/SEP_Grupo7/Proyecto1/Proyecto1_G7/Proyecto1_G7.srcs/sources_1/bd/Game_v1_imp/hw_handoff/Game_v1_imp_bd.tcl
Generated Hardware Definition File D:/SEP/SEP_Grupo7/Proyecto1/Proyecto1_G7/Proyecto1_G7.srcs/sources_1/bd/Game_v1_imp/synth/Game_v1_imp.hwdef
[Mon Apr  6 08:55:38 2026] Launched Game_v1_imp_Sep_SM_0_0_synth_1, synth_1...
Run output will be captured here:
Game_v1_imp_Sep_SM_0_0_synth_1: D:/SEP/SEP_Grupo7/Proyecto1/Proyecto1_G7/Proyecto1_G7.runs/Game_v1_imp_Sep_SM_0_0_synth_1/runme.log
synth_1: D:/SEP/SEP_Grupo7/Proyecto1/Proyecto1_G7/Proyecto1_G7.runs/synth_1/runme.log
[Mon Apr  6 08:55:38 2026] Launched impl_1...
Run output will be captured here: D:/SEP/SEP_Grupo7/Proyecto1/Proyecto1_G7/Proyecto1_G7.runs/impl_1/runme.log
launch_runs: Time (s): cpu = 00:00:02 ; elapsed = 00:00:11 . Memory (MB): peak = 2893.176 ; gain = 3.555
reset_run synth_1
WARNING: [Vivado 12-1017] Problems encountered:
1. Failed to delete one or more files in run directory D:/SEP/SEP_Grupo7/Proyecto1/Proyecto1_G7/Proyecto1_G7.runs/synth_1

launch_runs impl_1 -jobs 11
[Mon Apr  6 08:58:31 2026] Launched synth_1...
Run output will be captured here: D:/SEP/SEP_Grupo7/Proyecto1/Proyecto1_G7/Proyecto1_G7.runs/synth_1/runme.log
[Mon Apr  6 08:58:31 2026] Launched impl_1...
Run output will be captured here: D:/SEP/SEP_Grupo7/Proyecto1/Proyecto1_G7/Proyecto1_G7.runs/impl_1/runme.log
launch_runs impl_1 -to_step write_bitstream -jobs 11
[Mon Apr  6 09:00:26 2026] Launched impl_1...
Run output will be captured here: D:/SEP/SEP_Grupo7/Proyecto1/Proyecto1_G7/Proyecto1_G7.runs/impl_1/runme.log
open_hw_manager
connect_hw_server -allow_non_jtag
INFO: [Labtools 27-2285] Connecting to hw_server url TCP:localhost:3121
INFO: [Labtools 27-2222] Launching hw_server...
INFO: [Labtools 27-2221] Launch Output:

****** Xilinx hw_server v2020.1
  **** Build date : May 27 2020 at 20:24:38
    ** Copyright 1986-2020 Xilinx, Inc. All Rights Reserved.


INFO: [Labtools 27-3415] Connecting to cs_server url TCP:localhost:3042
INFO: [Labtools 27-3417] Launching cs_server...
INFO: [Labtools 27-2221] Launch Output:


****** Xilinx cs_server v2020.1.0
  **** Build date : May 13 2020-21:10:29
    ** Copyright 2017-2020 Xilinx, Inc. All Rights Reserved.



connect_hw_server: Time (s): cpu = 00:00:00 ; elapsed = 00:00:12 . Memory (MB): peak = 2902.820 ; gain = 0.000
open_hw_target
INFO: [Labtoolstcl 44-466] Opening hw_target localhost:3121/xilinx_tcf/Digilent/210351B3FC8CA
set_property PROGRAM.FILE {D:/SEP/SEP_Grupo7/Proyecto1/Proyecto1_G7/Proyecto1_G7.runs/impl_1/Game_v1_imp_wrapper.bit} [get_hw_devices xc7z010_1]
current_hw_device [get_hw_devices xc7z010_1]
refresh_hw_device -update_hw_probes false [lindex [get_hw_devices xc7z010_1] 0]
INFO: [Labtools 27-1434] Device xc7z010 (JTAG device index = 1) is programmed with a design that has no supported debug core(s) in it.
set_property PROBES.FILE {} [get_hw_devices xc7z010_1]
set_property FULL_PROBES.FILE {} [get_hw_devices xc7z010_1]
set_property PROGRAM.FILE {D:/SEP/SEP_Grupo7/Proyecto1/Proyecto1_G7/Proyecto1_G7.runs/impl_1/Game_v1_imp_wrapper.bit} [get_hw_devices xc7z010_1]
program_hw_devices [get_hw_devices xc7z010_1]
INFO: [Labtools 27-3164] End of startup status: HIGH
refresh_hw_device [lindex [get_hw_devices xc7z010_1] 0]
INFO: [Labtools 27-1434] Device xc7z010 (JTAG device index = 1) is programmed with a design that has no supported debug core(s) in it.
exit
INFO: [Common 17-206] Exiting Vivado at Mon Apr  6 09:06:38 2026...
