Copyright 1986-2020 Xilinx, Inc. All Rights Reserved.
----------------------------------------------------------------------------------------------------
| Tool Version : Vivado v.2020.1 (win64) Build 2902540 Wed May 27 19:54:49 MDT 2020
| Date         : Sun Apr  5 14:42:44 2026
| Host         : MS061325 running 64-bit major release  (build 9200)
| Command      : report_control_sets -verbose -file GameModeSel_imp_wrapper_control_sets_placed.rpt
| Design       : GameModeSel_imp_wrapper
| Device       : xc7z010
----------------------------------------------------------------------------------------------------

Control Set Information

Table of Contents
-----------------
1. Summary
2. Histogram
3. Flip-Flop Distribution
4. Detailed Control Set Information

1. Summary
----------

+----------------------------------------------------------+-------+
|                          Status                          | Count |
+----------------------------------------------------------+-------+
| Total control sets                                       |    13 |
|    Minimum number of control sets                        |    13 |
|    Addition due to synthesis replication                 |     0 |
|    Addition due to physical synthesis replication        |     0 |
| Unused register locations in slices containing registers |    30 |
+----------------------------------------------------------+-------+
* Control sets can be merged at opt_design using control_set_merge or merge_equivalent_drivers
** Run report_qor_suggestions for automated merging and remapping suggestions


2. Histogram
------------

+--------------------+-------+
|       Fanout       | Count |
+--------------------+-------+
| Total control sets |    13 |
| >= 0 to < 4        |     3 |
| >= 4 to < 6        |     2 |
| >= 6 to < 8        |     0 |
| >= 8 to < 10       |     1 |
| >= 10 to < 12      |     0 |
| >= 12 to < 14      |     0 |
| >= 14 to < 16      |     0 |
| >= 16              |     7 |
+--------------------+-------+
* Control sets can be remapped at either synth_design or opt_design


3. Flip-Flop Distribution
-------------------------

+--------------+-----------------------+------------------------+-----------------+--------------+
| Clock Enable | Synchronous Set/Reset | Asynchronous Set/Reset | Total Registers | Total Slices |
+--------------+-----------------------+------------------------+-----------------+--------------+
| No           | No                    | No                     |              18 |           14 |
| No           | No                    | Yes                    |               0 |            0 |
| No           | Yes                   | No                     |             124 |           32 |
| Yes          | No                    | No                     |               0 |            0 |
| Yes          | No                    | Yes                    |               4 |            1 |
| Yes          | Yes                   | No                     |              96 |           24 |
+--------------+-----------------------+------------------------+-----------------+--------------+


4. Detailed Control Set Information
-----------------------------------

+-----------------------------------------------------------------------+--------------------------------------------------------------------------------+-----------------------------------------------------------+------------------+----------------+--------------+
|                              Clock Signal                             |                                  Enable Signal                                 |                      Set/Reset Signal                     | Slice Load Count | Bel Load Count | Bels / Slice |
+-----------------------------------------------------------------------+--------------------------------------------------------------------------------+-----------------------------------------------------------+------------------+----------------+--------------+
|  GameModeSel_imp_i/Debouncer_2/U0/clk_div_inst/clk_out_reg_reg_0_BUFG |                                                                                |                                                           |                1 |              2 |         2.00 |
|  GameModeSel_imp_i/Debouncer_0/U0/clk_div_inst/clk_out_reg_reg_0_BUFG |                                                                                |                                                           |                1 |              2 |         2.00 |
|  GameModeSel_imp_i/Debouncer_1/U0/clk_div_inst/clk_out_reg_reg_0_BUFG |                                                                                |                                                           |                1 |              2 |         2.00 |
|  GameModeSel_imp_i/ClockDivider_0/U0/clk_out                          |                                                                                |                                                           |                3 |              4 |         1.33 |
|  GameModeSel_imp_i/ClockDivider_0/U0/clk_out                          | GameModeSel_imp_i/GameModeSelection_0/U0/U_FSM/FSM_onehot_state_reg[1]_i_1_n_0 | GameModeSel_imp_i/Debouncer_0/U0/btn_out                  |                1 |              4 |         4.00 |
|  clk_IBUF_BUFG                                                        |                                                                                |                                                           |                8 |              8 |         1.00 |
|  clk_IBUF_BUFG                                                        |                                                                                | GameModeSel_imp_i/Debouncer_2/U0/clk_div_inst/clk_out_reg |                8 |             31 |         3.88 |
|  clk_IBUF_BUFG                                                        |                                                                                | GameModeSel_imp_i/ClockDivider_0/U0/clk_out_reg           |                8 |             31 |         3.88 |
|  clk_IBUF_BUFG                                                        |                                                                                | GameModeSel_imp_i/Debouncer_0/U0/clk_div_inst/clk_out_reg |                8 |             31 |         3.88 |
|  clk_IBUF_BUFG                                                        |                                                                                | GameModeSel_imp_i/Debouncer_1/U0/clk_div_inst/clk_out_reg |                8 |             31 |         3.88 |
|  GameModeSel_imp_i/Debouncer_2/U0/clk_div_inst/clk_out_reg_reg_0_BUFG | GameModeSel_imp_i/Debouncer_2/U0/count                                         | GameModeSel_imp_i/Debouncer_2/U0/count[0]_i_1_n_0         |                8 |             32 |         4.00 |
|  GameModeSel_imp_i/Debouncer_0/U0/clk_div_inst/clk_out_reg_reg_0_BUFG | GameModeSel_imp_i/Debouncer_0/U0/count                                         | GameModeSel_imp_i/Debouncer_0/U0/count[0]_i_1_n_0         |                8 |             32 |         4.00 |
|  GameModeSel_imp_i/Debouncer_1/U0/clk_div_inst/clk_out_reg_reg_0_BUFG | GameModeSel_imp_i/Debouncer_1/U0/count                                         | GameModeSel_imp_i/Debouncer_1/U0/count[0]_i_1_n_0         |                8 |             32 |         4.00 |
+-----------------------------------------------------------------------+--------------------------------------------------------------------------------+-----------------------------------------------------------+------------------+----------------+--------------+


