Copyright 1986-2020 Xilinx, Inc. All Rights Reserved.
------------------------------------------------------------------------------------------------
| Tool Version : Vivado v.2020.1 (win64) Build 2902540 Wed May 27 19:54:49 MDT 2020
| Date         : Mon Mar 30 01:25:51 2026
| Host         : MS061325 running 64-bit major release  (build 9200)
| Command      : report_control_sets -verbose -file RNGCore_imp_wrapper_control_sets_placed.rpt
| Design       : RNGCore_imp_wrapper
| Device       : xc7z010
------------------------------------------------------------------------------------------------

Control Set Information

Table of Contents
-----------------
1. Summary
2. Histogram
3. Flip-Flop Distribution
4. Detailed Control Set Information

1. Summary
----------

+----------------------------------------------------------+-------+
|                          Status                          | Count |
+----------------------------------------------------------+-------+
| Total control sets                                       |    11 |
|    Minimum number of control sets                        |    11 |
|    Addition due to synthesis replication                 |     0 |
|    Addition due to physical synthesis replication        |     0 |
| Unused register locations in slices containing registers |    27 |
+----------------------------------------------------------+-------+
* Control sets can be merged at opt_design using control_set_merge or merge_equivalent_drivers
** Run report_qor_suggestions for automated merging and remapping suggestions


2. Histogram
------------

+--------------------+-------+
|       Fanout       | Count |
+--------------------+-------+
| Total control sets |    11 |
| >= 0 to < 4        |     3 |
| >= 4 to < 6        |     0 |
| >= 6 to < 8        |     1 |
| >= 8 to < 10       |     1 |
| >= 10 to < 12      |     1 |
| >= 12 to < 14      |     0 |
| >= 14 to < 16      |     0 |
| >= 16              |     5 |
+--------------------+-------+
* Control sets can be remapped at either synth_design or opt_design


3. Flip-Flop Distribution
-------------------------

+--------------+-----------------------+------------------------+-----------------+--------------+
| Clock Enable | Synchronous Set/Reset | Asynchronous Set/Reset | Total Registers | Total Slices |
+--------------+-----------------------+------------------------+-----------------+--------------+
| No           | No                    | No                     |              10 |           10 |
| No           | No                    | Yes                    |               0 |            0 |
| No           | Yes                   | No                     |              93 |           24 |
| Yes          | No                    | No                     |               0 |            0 |
| Yes          | No                    | Yes                    |               0 |            0 |
| Yes          | Yes                   | No                     |              86 |           21 |
+--------------+-----------------------+------------------------+-----------------+--------------+


4. Detailed Control Set Information
-----------------------------------

+-------------------------------------------------------------------+----------------------------------------------------------+----------------------------------------------------------+------------------+----------------+--------------+
|                            Clock Signal                           |                       Enable Signal                      |                     Set/Reset Signal                     | Slice Load Count | Bel Load Count | Bels / Slice |
+-------------------------------------------------------------------+----------------------------------------------------------+----------------------------------------------------------+------------------+----------------+--------------+
|  RNGCore_imp_i/Debouncer_1/U0/clk_div_inst/clk_out_reg_reg_0_BUFG |                                                          |                                                          |                2 |              2 |         1.00 |
|  RNGCore_imp_i/Debouncer_0/U0/clk_div_inst/clk_out_reg_reg_0_BUFG |                                                          |                                                          |                2 |              2 |         1.00 |
|  RNGCore_imp_i/ClockDivider_0/U0/clk_out                          | RNGCore_imp_i/RNGCore_0/U0/inst_RNGBala/count[0]_i_2_n_0 | RNGCore_imp_i/RNGCore_0/U0/inst_RNGBala/count[0]_i_1_n_0 |                1 |              3 |         3.00 |
|  clk_IBUF_BUFG                                                    |                                                          |                                                          |                6 |              6 |         1.00 |
|  RNGCore_imp_i/ClockDivider_0/U0/clk_out                          | RNGCore_imp_i/RNGCore_0/U0/inst_RNGBala/ending           | RNGCore_imp_i/Debouncer_1/U0/btn_out                     |                1 |              8 |         8.00 |
|  RNGCore_imp_i/ClockDivider_0/U0/clk_out                          | RNGCore_imp_i/RNGCore_0/U0/inst_RNGBala/ending_i_2_n_0   | RNGCore_imp_i/RNGCore_0/U0/inst_RNGBala/p_0_in           |                3 |             11 |         3.67 |
|  clk_IBUF_BUFG                                                    |                                                          | RNGCore_imp_i/ClockDivider_0/U0/clk_out_reg              |                8 |             31 |         3.88 |
|  clk_IBUF_BUFG                                                    |                                                          | RNGCore_imp_i/Debouncer_1/U0/clk_div_inst/clk_out_reg    |                8 |             31 |         3.88 |
|  clk_IBUF_BUFG                                                    |                                                          | RNGCore_imp_i/Debouncer_0/U0/clk_div_inst/clk_out_reg    |                8 |             31 |         3.88 |
|  RNGCore_imp_i/Debouncer_1/U0/clk_div_inst/clk_out_reg_reg_0_BUFG | RNGCore_imp_i/Debouncer_1/U0/count                       | RNGCore_imp_i/Debouncer_1/U0/count[0]_i_1_n_0            |                8 |             32 |         4.00 |
|  RNGCore_imp_i/Debouncer_0/U0/clk_div_inst/clk_out_reg_reg_0_BUFG | RNGCore_imp_i/Debouncer_0/U0/count                       | RNGCore_imp_i/Debouncer_0/U0/count[0]_i_1_n_0            |                8 |             32 |         4.00 |
+-------------------------------------------------------------------+----------------------------------------------------------+----------------------------------------------------------+------------------+----------------+--------------+


