Vivado Simulator 2020.1
Time resolution is 1 ps
Note: Iniciando Animacion Barril...
Time: 300 ns  Iteration: 0  Process: /LEDriverONE_tb/stim_proc  File: D:/SEP/SEP_Grupo7/Proyecto1/Proyecto1_G7/ProyectoSep_LEDS_NOCLONADO/ProyectoSep_LEDS.srcs/sim_1/new/tb_LedDriverONE.vhd
Note: LEDs cambiaron a: 1 (binario: '0''0''0''1')
Time: 317596 ps  Iteration: 1  Process: /LEDriverONE_tb/monitor_proc  File: D:/SEP/SEP_Grupo7/Proyecto1/Proyecto1_G7/ProyectoSep_LEDS_NOCLONADO/ProyectoSep_LEDS.srcs/sim_1/new/tb_LedDriverONE.vhd
Note: Iniciando Animacion Barril...
Time: 300 ns  Iteration: 0  Process: /LEDriverONE_tb/stim_proc  File: D:/SEP/SEP_Grupo7/Proyecto1/Proyecto1_G7/ProyectoSep_LEDS_NOCLONADO/ProyectoSep_LEDS.srcs/sim_1/new/tb_LedDriverONE.vhd
Note: LEDs cambiaron a: 1 (binario: '0''0''0''1')
Time: 317596 ps  Iteration: 1  Process: /LEDriverONE_tb/monitor_proc  File: D:/SEP/SEP_Grupo7/Proyecto1/Proyecto1_G7/ProyectoSep_LEDS_NOCLONADO/ProyectoSep_LEDS.srcs/sim_1/new/tb_LedDriverONE.vhd
Note: Cambiando a Animacion Espera...
Time: 10000300 ns  Iteration: 0  Process: /LEDriverONE_tb/stim_proc  File: D:/SEP/SEP_Grupo7/Proyecto1/Proyecto1_G7/ProyectoSep_LEDS_NOCLONADO/ProyectoSep_LEDS.srcs/sim_1/new/tb_LedDriverONE.vhd
Note: LEDs cambiaron a: 0 (binario: '0''0''0''0')
Time: 10000317596 ps  Iteration: 1  Process: /LEDriverONE_tb/monitor_proc  File: D:/SEP/SEP_Grupo7/Proyecto1/Proyecto1_G7/ProyectoSep_LEDS_NOCLONADO/ProyectoSep_LEDS.srcs/sim_1/new/tb_LedDriverONE.vhd
Note: Cambiando a Animacion Decision...
Time: 20000300 ns  Iteration: 0  Process: /LEDriverONE_tb/stim_proc  File: D:/SEP/SEP_Grupo7/Proyecto1/Proyecto1_G7/ProyectoSep_LEDS_NOCLONADO/ProyectoSep_LEDS.srcs/sim_1/new/tb_LedDriverONE.vhd
Note: LEDs cambiaron a: 1 (binario: '0''0''0''1')
Time: 20000317596 ps  Iteration: 1  Process: /LEDriverONE_tb/monitor_proc  File: D:/SEP/SEP_Grupo7/Proyecto1/Proyecto1_G7/ProyectoSep_LEDS_NOCLONADO/ProyectoSep_LEDS.srcs/sim_1/new/tb_LedDriverONE.vhd
Note: Deshabilitando sistema...
Time: 30000300 ns  Iteration: 0  Process: /LEDriverONE_tb/stim_proc  File: D:/SEP/SEP_Grupo7/Proyecto1/Proyecto1_G7/ProyectoSep_LEDS_NOCLONADO/ProyectoSep_LEDS.srcs/sim_1/new/tb_LedDriverONE.vhd
Note: Aplicando Soft Reset...
Time: 30000500 ns  Iteration: 0  Process: /LEDriverONE_tb/stim_proc  File: D:/SEP/SEP_Grupo7/Proyecto1/Proyecto1_G7/ProyectoSep_LEDS_NOCLONADO/ProyectoSep_LEDS.srcs/sim_1/new/tb_LedDriverONE.vhd
Note: Reactivando sistema...
Time: 30000700 ns  Iteration: 0  Process: /LEDriverONE_tb/stim_proc  File: D:/SEP/SEP_Grupo7/Proyecto1/Proyecto1_G7/ProyectoSep_LEDS_NOCLONADO/ProyectoSep_LEDS.srcs/sim_1/new/tb_LedDriverONE.vhd
Note: Simulacion terminada con exito.
Time: 40000700 ns  Iteration: 0  Process: /LEDriverONE_tb/stim_proc  File: D:/SEP/SEP_Grupo7/Proyecto1/Proyecto1_G7/ProyectoSep_LEDS_NOCLONADO/ProyectoSep_LEDS.srcs/sim_1/new/tb_LedDriverONE.vhd
