
*** Running vivado
    with args -log GameModeSel_imp_Debouncer_0_0.vds -m64 -product Vivado -mode batch -messageDb vivado.pb -notrace -source GameModeSel_imp_Debouncer_0_0.tcl



****** Vivado v2020.1 (64-bit)
  **** SW Build 2902540 on Wed May 27 19:54:49 MDT 2020
  **** IP Build 2902112 on Wed May 27 22:43:36 MDT 2020
    ** Copyright 1986-2020 Xilinx, Inc. All Rights Reserved.

source GameModeSel_imp_Debouncer_0_0.tcl -notrace
Command: synth_design -top GameModeSel_imp_Debouncer_0_0 -part xc7z010clg400-1 -mode out_of_context
Starting synth_design
WARNING: [IP_Flow 19-3571] IP 'GameModeSel_imp_Debouncer_0_0' is restricted:
* Module reference is stale and needs refreshing.
Attempting to get a license for feature 'Synthesis' and/or device 'xc7z010'
INFO: [Common 17-349] Got license for feature 'Synthesis' and/or device 'xc7z010'
INFO: [Synth 8-7079] Multithreading enabled for synth_design using a maximum of 2 processes.
INFO: [Synth 8-7078] Launching helper process for spawning children vivado processes
INFO: [Synth 8-7075] Helper process launched with PID 3828
---------------------------------------------------------------------------------
Starting Synthesize : Time (s): cpu = 00:00:03 ; elapsed = 00:00:04 . Memory (MB): peak = 1060.012 ; gain = 0.000
---------------------------------------------------------------------------------
INFO: [Synth 8-638] synthesizing module 'GameModeSel_imp_Debouncer_0_0' [d:/SEP/SEP_Grupo7/Proyecto1/Proyecto1_G7/Proyecto1_G7.srcs/sources_1/bd/GameModeSel_imp/ip/GameModeSel_imp_Debouncer_0_0_1/synth/GameModeSel_imp_Debouncer_0_0.vhd:64]
	Parameter FREQ_IN bound to: 125000000 - type: integer 
	Parameter FREQ_DEB bound to: 1000 - type: integer 
	Parameter DELAY bound to: 10 - type: integer 
INFO: [Synth 8-3491] module 'Debouncer' declared at 'D:/SEP/SEP_Grupo7/Proyecto1/Proyecto1_G7/Proyecto1_G7.srcs/sources_1/new/Debouncer.vhd:5' bound to instance 'U0' of component 'Debouncer' [d:/SEP/SEP_Grupo7/Proyecto1/Proyecto1_G7/Proyecto1_G7.srcs/sources_1/bd/GameModeSel_imp/ip/GameModeSel_imp_Debouncer_0_0_1/synth/GameModeSel_imp_Debouncer_0_0.vhd:92]
INFO: [Synth 8-638] synthesizing module 'Debouncer' [D:/SEP/SEP_Grupo7/Proyecto1/Proyecto1_G7/Proyecto1_G7.srcs/sources_1/new/Debouncer.vhd:18]
	Parameter FREQ_IN bound to: 125000000 - type: integer 
	Parameter FREQ_DEB bound to: 1000 - type: integer 
	Parameter DELAY bound to: 10 - type: integer 
INFO: [Synth 8-638] synthesizing module 'ClockDivider' [D:/SEP/SEP_Grupo7/Proyecto1/Proyecto1_G7/Proyecto1_G7.srcs/sources_1/new/ClockDivider.vhd:16]
	Parameter FREQ_IN bound to: 125000000 - type: integer 
	Parameter FREQ_DES bound to: 1000 - type: integer 
INFO: [Synth 8-256] done synthesizing module 'ClockDivider' (1#1) [D:/SEP/SEP_Grupo7/Proyecto1/Proyecto1_G7/Proyecto1_G7.srcs/sources_1/new/ClockDivider.vhd:16]
INFO: [Synth 8-256] done synthesizing module 'Debouncer' (2#1) [D:/SEP/SEP_Grupo7/Proyecto1/Proyecto1_G7/Proyecto1_G7.srcs/sources_1/new/Debouncer.vhd:18]
INFO: [Synth 8-256] done synthesizing module 'GameModeSel_imp_Debouncer_0_0' (3#1) [d:/SEP/SEP_Grupo7/Proyecto1/Proyecto1_G7/Proyecto1_G7.srcs/sources_1/bd/GameModeSel_imp/ip/GameModeSel_imp_Debouncer_0_0_1/synth/GameModeSel_imp_Debouncer_0_0.vhd:64]
---------------------------------------------------------------------------------
Finished Synthesize : Time (s): cpu = 00:00:04 ; elapsed = 00:00:05 . Memory (MB): peak = 1060.012 ; gain = 0.000
---------------------------------------------------------------------------------
---------------------------------------------------------------------------------
Finished Constraint Validation : Time (s): cpu = 00:00:04 ; elapsed = 00:00:05 . Memory (MB): peak = 1060.012 ; gain = 0.000
---------------------------------------------------------------------------------
---------------------------------------------------------------------------------
Start Loading Part and Timing Information
---------------------------------------------------------------------------------
Loading part: xc7z010clg400-1
---------------------------------------------------------------------------------
Finished Loading Part and Timing Information : Time (s): cpu = 00:00:04 ; elapsed = 00:00:05 . Memory (MB): peak = 1060.012 ; gain = 0.000
---------------------------------------------------------------------------------
INFO: [Device 21-403] Loading part xc7z010clg400-1
---------------------------------------------------------------------------------
Finished RTL Optimization Phase 2 : Time (s): cpu = 00:00:05 ; elapsed = 00:00:05 . Memory (MB): peak = 1060.012 ; gain = 0.000
---------------------------------------------------------------------------------
No constraint files found.
---------------------------------------------------------------------------------
Start RTL Component Statistics 
---------------------------------------------------------------------------------
Detailed RTL Component Info : 
+---Adders : 
	   2 Input   32 Bit       Adders := 1     
+---Registers : 
	               32 Bit    Registers := 1     
	                1 Bit    Registers := 3     
+---Muxes : 
	   2 Input   32 Bit        Muxes := 1     
---------------------------------------------------------------------------------
Finished RTL Component Statistics 
---------------------------------------------------------------------------------
---------------------------------------------------------------------------------
Start Part Resource Summary
---------------------------------------------------------------------------------
Part Resources:
DSPs: 80 (col length:40)
BRAMs: 120 (col length: RAMB18 40 RAMB36 20)
---------------------------------------------------------------------------------
Finished Part Resource Summary
---------------------------------------------------------------------------------
No constraint files found.
---------------------------------------------------------------------------------
Start Cross Boundary and Area Optimization
---------------------------------------------------------------------------------
---------------------------------------------------------------------------------
Finished Cross Boundary and Area Optimization : Time (s): cpu = 00:00:08 ; elapsed = 00:00:09 . Memory (MB): peak = 1060.012 ; gain = 0.000
---------------------------------------------------------------------------------
No constraint files found.
---------------------------------------------------------------------------------
Start Timing Optimization
---------------------------------------------------------------------------------
---------------------------------------------------------------------------------
Finished Timing Optimization : Time (s): cpu = 00:00:08 ; elapsed = 00:00:09 . Memory (MB): peak = 1060.012 ; gain = 0.000
---------------------------------------------------------------------------------
---------------------------------------------------------------------------------
Start Technology Mapping
---------------------------------------------------------------------------------
---------------------------------------------------------------------------------
Finished Technology Mapping : Time (s): cpu = 00:00:08 ; elapsed = 00:00:09 . Memory (MB): peak = 1060.012 ; gain = 0.000
---------------------------------------------------------------------------------
---------------------------------------------------------------------------------
Start IO Insertion
---------------------------------------------------------------------------------
---------------------------------------------------------------------------------
Start Flattening Before IO Insertion
---------------------------------------------------------------------------------
---------------------------------------------------------------------------------
Finished Flattening Before IO Insertion
---------------------------------------------------------------------------------
---------------------------------------------------------------------------------
Start Final Netlist Cleanup
---------------------------------------------------------------------------------
---------------------------------------------------------------------------------
Finished Final Netlist Cleanup
---------------------------------------------------------------------------------
---------------------------------------------------------------------------------
Finished IO Insertion : Time (s): cpu = 00:00:10 ; elapsed = 00:00:11 . Memory (MB): peak = 1060.012 ; gain = 0.000
---------------------------------------------------------------------------------
---------------------------------------------------------------------------------
Start Renaming Generated Instances
---------------------------------------------------------------------------------
---------------------------------------------------------------------------------
Finished Renaming Generated Instances : Time (s): cpu = 00:00:10 ; elapsed = 00:00:11 . Memory (MB): peak = 1060.012 ; gain = 0.000
---------------------------------------------------------------------------------
---------------------------------------------------------------------------------
Start Rebuilding User Hierarchy
---------------------------------------------------------------------------------
---------------------------------------------------------------------------------
Finished Rebuilding User Hierarchy : Time (s): cpu = 00:00:10 ; elapsed = 00:00:11 . Memory (MB): peak = 1060.012 ; gain = 0.000
---------------------------------------------------------------------------------
---------------------------------------------------------------------------------
Start Renaming Generated Ports
---------------------------------------------------------------------------------
---------------------------------------------------------------------------------
Finished Renaming Generated Ports : Time (s): cpu = 00:00:10 ; elapsed = 00:00:11 . Memory (MB): peak = 1060.012 ; gain = 0.000
---------------------------------------------------------------------------------
---------------------------------------------------------------------------------
Start Handling Custom Attributes
---------------------------------------------------------------------------------
---------------------------------------------------------------------------------
Finished Handling Custom Attributes : Time (s): cpu = 00:00:10 ; elapsed = 00:00:11 . Memory (MB): peak = 1060.012 ; gain = 0.000
---------------------------------------------------------------------------------
---------------------------------------------------------------------------------
Start Renaming Generated Nets
---------------------------------------------------------------------------------
---------------------------------------------------------------------------------
Finished Renaming Generated Nets : Time (s): cpu = 00:00:10 ; elapsed = 00:00:11 . Memory (MB): peak = 1060.012 ; gain = 0.000
---------------------------------------------------------------------------------
---------------------------------------------------------------------------------
Start Writing Synthesis Report
---------------------------------------------------------------------------------

Report BlackBoxes: 
+-+--------------+----------+
| |BlackBox name |Instances |
+-+--------------+----------+
+-+--------------+----------+

Report Cell Usage: 
+------+-------+------+
|      |Cell   |Count |
+------+-------+------+
|1     |CARRY4 |    16|
|2     |LUT1   |     2|
|3     |LUT2   |     3|
|4     |LUT4   |     5|
|5     |LUT5   |     6|
|6     |LUT6   |    12|
|7     |FDRE   |    67|
+------+-------+------+

Report Instance Areas: 
+------+-----------------+-------------+------+
|      |Instance         |Module       |Cells |
+------+-----------------+-------------+------+
|1     |top              |             |   111|
|2     |  U0             |Debouncer    |   111|
|3     |    clk_div_inst |ClockDivider |    52|
+------+-----------------+-------------+------+
---------------------------------------------------------------------------------
Finished Writing Synthesis Report : Time (s): cpu = 00:00:10 ; elapsed = 00:00:11 . Memory (MB): peak = 1060.012 ; gain = 0.000
---------------------------------------------------------------------------------
Synthesis finished with 0 errors, 0 critical warnings and 0 warnings.
Synthesis Optimization Runtime : Time (s): cpu = 00:00:10 ; elapsed = 00:00:11 . Memory (MB): peak = 1060.012 ; gain = 0.000
Synthesis Optimization Complete : Time (s): cpu = 00:00:10 ; elapsed = 00:00:11 . Memory (MB): peak = 1060.012 ; gain = 0.000
INFO: [Project 1-571] Translating synthesized netlist
Netlist sorting complete. Time (s): cpu = 00:00:00 ; elapsed = 00:00:00.001 . Memory (MB): peak = 1060.012 ; gain = 0.000
INFO: [Netlist 29-17] Analyzing 16 Unisim elements for replacement
INFO: [Netlist 29-28] Unisim Transformation completed in 0 CPU seconds
INFO: [Project 1-570] Preparing netlist for logic optimization
INFO: [Opt 31-138] Pushed 0 inverter(s) to 0 load pin(s).
Netlist sorting complete. Time (s): cpu = 00:00:00 ; elapsed = 00:00:00 . Memory (MB): peak = 1060.012 ; gain = 0.000
INFO: [Project 1-111] Unisim Transformation Summary:
No Unisim elements were transformed.

INFO: [Common 17-83] Releasing license: Synthesis
19 Infos, 1 Warnings, 0 Critical Warnings and 0 Errors encountered.
synth_design completed successfully
synth_design: Time (s): cpu = 00:00:13 ; elapsed = 00:00:15 . Memory (MB): peak = 1060.012 ; gain = 0.000
INFO: [Timing 38-35] Done setting XDC timing constraints.
INFO: [Common 17-1381] The checkpoint 'D:/SEP/SEP_Grupo7/Proyecto1/Proyecto1_G7/Proyecto1_G7.runs/GameModeSel_imp_Debouncer_0_0_synth_1/GameModeSel_imp_Debouncer_0_0.dcp' has been generated.
write_checkpoint: Time (s): cpu = 00:00:07 ; elapsed = 00:00:07 . Memory (MB): peak = 1446.754 ; gain = 386.742
WARNING: [Common 17-576] 'use_project_ipc' is deprecated. This option is deprecated and no longer used.
INFO: [Coretcl 2-1174] Renamed 2 cell refs.
WARNING: [Constraints 18-5210] No constraints selected for write.
Resolution: This message can indicate that there are no constraints for the design, or it can indicate that the used_in flags are set such that the constraints are ignored. This later case is used when running synth_design to not write synthesis constraints to the resulting checkpoint. Instead, project constraints are read when the synthesized design is opened.
INFO: [Common 17-1381] The checkpoint 'D:/SEP/SEP_Grupo7/Proyecto1/Proyecto1_G7/Proyecto1_G7.runs/GameModeSel_imp_Debouncer_0_0_synth_1/GameModeSel_imp_Debouncer_0_0.dcp' has been generated.
INFO: [runtcl-4] Executing : report_utilization -file GameModeSel_imp_Debouncer_0_0_utilization_synth.rpt -pb GameModeSel_imp_Debouncer_0_0_utilization_synth.pb
INFO: [Common 17-206] Exiting Vivado at Sun Apr  5 14:41:45 2026...
