#-----------------------------------------------------------
# Vivado v2020.1 (64-bit)
# SW Build 2902540 on Wed May 27 19:54:49 MDT 2020
# IP Build 2902112 on Wed May 27 22:43:36 MDT 2020
# Start of session at: Mon Mar 23 08:24:31 2026
# Process ID: 68020
# Current directory: D:/SEP/SEP_Grupo7/Proyecto1/ProyectoSep_SM
# Command line: vivado.exe -gui_launcher_event rodinguilauncherevent14404 D:\SEP\SEP_Grupo7\Proyecto1\ProyectoSep_SM\ProyectoSep_SM.xpr
# Log file: D:/SEP/SEP_Grupo7/Proyecto1/ProyectoSep_SM/vivado.log
# Journal file: D:/SEP/SEP_Grupo7/Proyecto1/ProyectoSep_SM\vivado.jou
#-----------------------------------------------------------
start_gui
open_project D:/SEP/SEP_Grupo7/Proyecto1/ProyectoSep_SM/ProyectoSep_SM.xpr
CRITICAL WARNING: [Project 1-19] Could not find the file 'D:/SEP/SEP_Grupo7/Proyecto1/Zybo-Z7-Master.xdc'.
Scanning sources...
Finished scanning sources
INFO: [IP_Flow 19-234] Refreshing IP repositories
INFO: [IP_Flow 19-1704] No user IP repositories specified
INFO: [IP_Flow 19-2313] Loaded Vivado IP repository 'D:/Xilinx_1/Vivado/2020.1/data/ip'.
open_project: Time (s): cpu = 00:00:34 ; elapsed = 00:00:19 . Memory (MB): peak = 1062.973 ; gain = 0.000
update_compile_order -fileset sources_1
exit
INFO: [Common 17-206] Exiting Vivado at Mon Mar 23 08:31:11 2026...
/sim_1/new
set_property SOURCE_SET sources_1 [get_filesets sim_1]
close [ open D:/SEP/SEP_Grupo7/Proyecto1/ProyectoSep_SM/ProyectoSep_SM.srcs/sim_1/new/SM_tb.vhd w ]
add_files -fileset sim_1 D:/SEP/SEP_Grupo7/Proyecto1/ProyectoSep_SM/ProyectoSep_SM.srcs/sim_1/new/SM_tb.vhd
update_compile_order -fileset sim_1
update_compile_order -fileset sim_1
reset_run synth_1
launch_runs impl_1 -jobs 11
[Mon Mar 23 08:37:48 2026] Launched synth_1...
Run output will be captured here: D:/SEP/SEP_Grupo7/Proyecto1/ProyectoSep_SM/ProyectoSep_SM.runs/synth_1/runme.log
[Mon Mar 23 08:37:48 2026] Launched impl_1...
Run output will be captured here: D:/SEP/SEP_Grupo7/Proyecto1/ProyectoSep_SM/ProyectoSep_SM.runs/impl_1/runme.log
export_ip_user_files -of_objects  [get_files D:/SEP/SEP_Grupo7/Proyecto1/Zybo-Z7-Master.xdc] -no_script -reset -force -quiet
remove_files  -fileset constrs_1 D:/SEP/SEP_Grupo7/Proyecto1/Zybo-Z7-Master.xdc
add_files -fileset constrs_1 -norecurse D:/SEP/Zybo-Z7-Master.xdc
import_files -fileset constrs_1 D:/SEP/Zybo-Z7-Master.xdc
reset_run synth_1
launch_runs impl_1 -jobs 11
[Mon Mar 23 08:39:50 2026] Launched synth_1...
Run output will be captured here: D:/SEP/SEP_Grupo7/Proyecto1/ProyectoSep_SM/ProyectoSep_SM.runs/synth_1/runme.log
[Mon Mar 23 08:39:50 2026] Launched impl_1...
Run output will be captured here: D:/SEP/SEP_Grupo7/Proyecto1/ProyectoSep_SM/ProyectoSep_SM.runs/impl_1/runme.log
launch_simulation -mode post-implementation -type timing
Command: launch_simulation -mode post-implementation -type timing
INFO: [Vivado 12-5682] Launching post-implementation timing simulation in 'D:/SEP/SEP_Grupo7/Proyecto1/ProyectoSep_SM/ProyectoSep_SM.sim/sim_1/impl/timing/xsim'
INFO: [SIM-utils-51] Simulation object is 'sim_1'
INFO: [Device 21-403] Loading part xc7z010clg400-1
Netlist sorting complete. Time (s): cpu = 00:00:00 ; elapsed = 00:00:00.001 . Memory (MB): peak = 1290.090 ; gain = 0.000
INFO: [Netlist 29-17] Analyzing 20 Unisim elements for replacement
INFO: [Netlist 29-28] Unisim Transformation completed in 0 CPU seconds
INFO: [Project 1-479] Netlist was created with Vivado 2020.1
INFO: [Project 1-570] Preparing netlist for logic optimization
INFO: [Timing 38-478] Restoring timing data from binary archive.
INFO: [Timing 38-479] Binary timing data restore complete.
INFO: [Project 1-856] Restoring constraints from binary archive.
INFO: [Project 1-853] Binary constraint restore complete.
Reading XDEF placement.
Reading placer database...
Reading XDEF routing.
Read XDEF File: Time (s): cpu = 00:00:00 ; elapsed = 00:00:00.062 . Memory (MB): peak = 1958.758 ; gain = 0.000
Restored from archive | CPU: 0.000000 secs | Memory: 0.000000 MB |
Finished XDEF File Restore: Time (s): cpu = 00:00:00 ; elapsed = 00:00:00.063 . Memory (MB): peak = 1958.758 ; gain = 0.000
Netlist sorting complete. Time (s): cpu = 00:00:00 ; elapsed = 00:00:00 . Memory (MB): peak = 1958.758 ; gain = 0.000
INFO: [Project 1-111] Unisim Transformation Summary:
No Unisim elements were transformed.

open_run: Time (s): cpu = 00:00:30 ; elapsed = 00:00:24 . Memory (MB): peak = 2111.613 ; gain = 1048.641
INFO: [SIM-utils-31] Writing simulation netlist file for design 'impl_1'...
INFO: [SIM-utils-32] write_verilog -mode timesim -nolib -sdf_anno true -force -file "D:/SEP/SEP_Grupo7/Proyecto1/ProyectoSep_SM/ProyectoSep_SM.sim/sim_1/impl/timing/xsim/tb_Sep_SM_time_impl.v"
INFO: [SIM-utils-34] Writing SDF file...
INFO: [SIM-utils-35] write_sdf -mode timesim -process_corner slow -force -file "D:/SEP/SEP_Grupo7/Proyecto1/ProyectoSep_SM/ProyectoSep_SM.sim/sim_1/impl/timing/xsim/tb_Sep_SM_time_impl.sdf"
INFO: [SIM-utils-36] Netlist generated:D:/SEP/SEP_Grupo7/Proyecto1/ProyectoSep_SM/ProyectoSep_SM.sim/sim_1/impl/timing/xsim/tb_Sep_SM_time_impl.v
INFO: [SIM-utils-37] SDF generated:D:/SEP/SEP_Grupo7/Proyecto1/ProyectoSep_SM/ProyectoSep_SM.sim/sim_1/impl/timing/xsim/tb_Sep_SM_time_impl.sdf
INFO: [SIM-utils-54] Inspecting design source files for 'tb_Sep_SM' in fileset 'sim_1'...
INFO: [USF-XSim-2] XSim::Compile design
INFO: [USF-XSim-61] Executing 'COMPILE and ANALYZE' step in 'D:/SEP/SEP_Grupo7/Proyecto1/ProyectoSep_SM/ProyectoSep_SM.sim/sim_1/impl/timing/xsim'
"xvlog --incr --relax -prj tb_Sep_SM_vlog.prj"
INFO: [VRFC 10-2263] Analyzing Verilog file "D:/SEP/SEP_Grupo7/Proyecto1/ProyectoSep_SM/ProyectoSep_SM.sim/sim_1/impl/timing/xsim/tb_Sep_SM_time_impl.v" into library xil_defaultlib
INFO: [VRFC 10-311] analyzing module Sep_SM
INFO: [VRFC 10-311] analyzing module glbl
"xvhdl --incr --relax -prj tb_Sep_SM_vhdl.prj"
'D:\Xilinx_1\Vivado\2020.1\bin\unwrapped\win64.o\xvhdl.exe' ha sido bloqueado por la directiva de Device Guard de su organizaci줻.
Ponte en contacto con el personal de soporte t괹nico para obtener m쟳 informaci줻.
El sistema no puede encontrar el archivo especificado.
run_program: Time (s): cpu = 00:00:01 ; elapsed = 00:00:22 . Memory (MB): peak = 2123.176 ; gain = 0.000
INFO: [USF-XSim-69] 'compile' step finished in '23' seconds
ERROR: [USF-XSim-62] 'compile' step failed with error(s) while executing 'D:/SEP/SEP_Grupo7/Proyecto1/ProyectoSep_SM/ProyectoSep_SM.sim/sim_1/impl/timing/xsim/compile.bat' script. Please check that the file has the correct 'read/write/execute' permissions and the Tcl console output for any other possible errors or warnings.
ERROR: [Vivado 12-4473] Detected error while running simulation. Please correct the issue and retry this operation.
launch_simulation: Time (s): cpu = 00:00:34 ; elapsed = 00:00:48 . Memory (MB): peak = 2123.176 ; gain = 1060.203
ERROR: [Common 17-39] 'launch_simulation' failed due to earlier errors.
exit
INFO: [Common 17-206] Exiting Vivado at Mon Mar 23 11:13:41 2026...
