#-----------------------------------------------------------
# Vivado v2020.1 (64-bit)
# SW Build 2902540 on Wed May 27 19:54:49 MDT 2020
# IP Build 2902112 on Wed May 27 22:43:36 MDT 2020
# Start of session at: Sun Mar 29 21:44:37 2026
# Process ID: 16144
# Current directory: D:/SEP/SEP_Grupo7/Proyecto1/ProyectoSep_SM
# Command line: vivado.exe -gui_launcher_event rodinguilauncherevent22048 D:\SEP\SEP_Grupo7\Proyecto1\ProyectoSep_SM\ProyectoSep_SM.xpr
# Log file: D:/SEP/SEP_Grupo7/Proyecto1/ProyectoSep_SM/vivado.log
# Journal file: D:/SEP/SEP_Grupo7/Proyecto1/ProyectoSep_SM\vivado.jou
#-----------------------------------------------------------
start_gui
open_project D:/SEP/SEP_Grupo7/Proyecto1/ProyectoSep_SM/ProyectoSep_SM.xpr
Scanning sources...
Finished scanning sources
INFO: [IP_Flow 19-234] Refreshing IP repositories
INFO: [IP_Flow 19-1704] No user IP repositories specified
INFO: [IP_Flow 19-2313] Loaded Vivado IP repository 'D:/Xilinx_1/Vivado/2020.1/data/ip'.
open_project: Time (s): cpu = 00:00:11 ; elapsed = 00:00:07 . Memory (MB): peak = 1049.004 ; gain = 0.000
update_compile_order -fileset sources_1
exit
INFO: [Common 17-206] Exiting Vivado at Sun Mar 29 21:54:26 2026...
