#-----------------------------------------------------------
# Vivado v2020.1 (64-bit)
# SW Build 2902540 on Wed May 27 19:54:49 MDT 2020
# IP Build 2902112 on Wed May 27 22:43:36 MDT 2020
# Start of session at: Sun Apr  5 23:26:26 2026
# Process ID: 13960
# Current directory: D:/SEP/SEP_Grupo7/Proyecto1/Proyecto1_G7/ProyectoSep_LEDS
# Command line: vivado.exe -gui_launcher_event rodinguilauncherevent20672 D:\SEP\SEP_Grupo7\Proyecto1\Proyecto1_G7\ProyectoSep_LEDS\ProyectoSep_LEDS.xpr
# Log file: D:/SEP/SEP_Grupo7/Proyecto1/Proyecto1_G7/ProyectoSep_LEDS/vivado.log
# Journal file: D:/SEP/SEP_Grupo7/Proyecto1/Proyecto1_G7/ProyectoSep_LEDS\vivado.jou
#-----------------------------------------------------------
start_gui
open_project D:/SEP/SEP_Grupo7/Proyecto1/Proyecto1_G7/ProyectoSep_LEDS/ProyectoSep_LEDS.xpr
INFO: [Project 1-313] Project file moved from 'C:/Users/mazzi/OneDrive/Escritorio/vivado2/ProyectoSep_LEDS' since last save.
Scanning sources...
Finished scanning sources
INFO: [IP_Flow 19-234] Refreshing IP repositories
INFO: [IP_Flow 19-1704] No user IP repositories specified
INFO: [IP_Flow 19-2313] Loaded Vivado IP repository 'D:/Xilinx_1/Vivado/2020.1/data/ip'.
update_compile_order -fileset sources_1
exit
INFO: [Common 17-206] Exiting Vivado at Sun Apr  5 23:27:15 2026...
