#-----------------------------------------------------------
# Vivado v2020.1 (64-bit)
# SW Build 2902540 on Wed May 27 19:54:49 MDT 2020
# IP Build 2902112 on Wed May 27 22:43:36 MDT 2020
# Start of session at: Mon Apr  6 01:07:43 2026
# Process ID: 34008
# Current directory: D:/SEP/SEP_Grupo7/Proyecto1/Proyecto1_G7/ProyectoSep_LEDS_NOCLONADO
# Command line: vivado.exe -gui_launcher_event rodinguilauncherevent5544 D:\SEP\SEP_Grupo7\Proyecto1\Proyecto1_G7\ProyectoSep_LEDS_NOCLONADO\ProyectoSep_LEDS.xpr
# Log file: D:/SEP/SEP_Grupo7/Proyecto1/Proyecto1_G7/ProyectoSep_LEDS_NOCLONADO/vivado.log
# Journal file: D:/SEP/SEP_Grupo7/Proyecto1/Proyecto1_G7/ProyectoSep_LEDS_NOCLONADO\vivado.jou
#-----------------------------------------------------------
start_gui
open_project D:/SEP/SEP_Grupo7/Proyecto1/Proyecto1_G7/ProyectoSep_LEDS_NOCLONADO/ProyectoSep_LEDS.xpr
Scanning sources...
Finished scanning sources
INFO: [IP_Flow 19-234] Refreshing IP repositories
INFO: [IP_Flow 19-1704] No user IP repositories specified
INFO: [IP_Flow 19-2313] Loaded Vivado IP repository 'D:/Xilinx_1/Vivado/2020.1/data/ip'.
update_compile_order -fileset sources_1
launch_simulation -mode post-implementation -type timing
Command: launch_simulation -mode post-implementatiWARNING: [Common 17-9] Error reading message records.
WARNING: [Common 17-9] Error reading message records.
exit
INFO: [Common 17-206] Exiting Vivado at Mon Apr  6 09:06:48 2026...
im_1/impl/timing/xsim'
INFO: [SIM-utils-51] Simulation object is 'sim_1'
INFO: [SIM-utils-20] The target language is set to VHDL, it is not supported for simulation type 'timing', using Verilog instead.
INFO: [Device 21-403] Loading part xc7z010clg400-1
Netlist sorting complete. Time (s): cpu = 00:00:00 ; elapsed = 00:00:00.001 . Memory (MB): peak = 1322.762 ; gain = 0.000
INFO: [Netlist 29-17] Analyzing 38 Unisim elements for replacement
INFO: [Netlist 29-28] Unisim Transformation completed in 0 CPU seconds
INFO: [Project 1-479] Netlist was created with Vivado 2020.1
INFO: [Project 1-570] Preparing netlist for logic optimization
INFO: [Timing 38-478] Restoring timing data from binary archive.
INFO: [Timing 38-479] Binary timing data restore complete.
INFO: [Project 1-856] Restoring constraints from binary archive.
INFO: [Project 1-853] Binary constraint restore complete.
Reading XDEF placement.
Reading placer database...
Reading XDEF routing.
Read XDEF File: Time (s): cpu = 00:00:00 ; elapsed = 00:00:00.045 . Memory (MB): peak = 1989.707 ; gain = 0.000
Restored from archive | CPU: 0.000000 secs | Memory: 0.000000 MB |
Finished XDEF File Restore: Time (s): cpu = 00:00:00 ; elapsed = 00:00:00.046 . Memory (MB): peak = 1989.707 ; gain = 0.000
Netlist sorting complete. Time (s): cpu = 00:00:00 ; elapsed = 00:00:00 . Memory (MB): peak = 1989.707 ; gain = 0.000
INFO: [Project 1-111] Unisim Transformation Summary:
No Unisim elements were transformed.

open_run: Time (s): cpu = 00:00:17 ; elapsed = 00:00:14 . Memory (MB): peak = 2134.074 ; gain = 872.602
INFO: [SIM-utils-31] Writing simulation netlist file for design 'impl_1'...
INFO: [SIM-utils-32] write_verilog -mode timesim -nolib -sdf_anno true -force -file "D:/SEP/SEP_Grupo7/Proyecto1/Proyecto1_G7/ProyectoSep_LEDS_NOCLONADO/ProyectoSep_LEDS.sim/sim_1/impl/timing/xsim/LEDriverONE_tb_time_impl.v"
INFO: [SIM-utils-34] Writing SDF file...
INFO: [SIM-utils-35] write_sdf -mode timesim -process_corner slow -force -file "D:/SEP/SEP_Grupo7/Proyecto1/Proyecto1_G7/ProyectoSep_LEDS_NOCLONADO/ProyectoSep_LEDS.sim/sim_1/impl/timing/xsim/LEDriverONE_tb_time_impl.sdf"
INFO: [SIM-utils-36] Netlist generated:D:/SEP/SEP_Grupo7/Proyecto1/Proyecto1_G7/ProyectoSep_LEDS_NOCLONADO/ProyectoSep_LEDS.sim/sim_1/impl/timing/xsim/LEDriverONE_tb_time_impl.v
INFO: [SIM-utils-37] SDF generated:D:/SEP/SEP_Grupo7/Proyecto1/Proyecto1_G7/ProyectoSep_LEDS_NOCLONADO/ProyectoSep_LEDS.sim/sim_1/impl/timing/xsim/LEDriverONE_tb_time_impl.sdf
INFO: [SIM-utils-54] Inspecting design source files for 'LEDriverONE_tb' in fileset 'sim_1'...
INFO: [USF-XSim-2] XSim::Compile design
INFO: [USF-XSim-61] Executing 'COMPILE and ANALYZE' step in 'D:/SEP/SEP_Grupo7/Proyecto1/Proyecto1_G7/ProyectoSep_LEDS_NOCLONADO/ProyectoSep_LEDS.sim/sim_1/impl/timing/xsim'
"xvlog --incr --relax -prj LEDriverONE_tb_vlog.prj"
INFO: [VRFC 10-2263] Analyzing Verilog file "D:/SEP/SEP_Grupo7/Proyecto1/Proyecto1_G7/ProyectoSep_LEDS_NOCLONADO/ProyectoSep_LEDS.sim/sim_1/impl/timing/xsim/LEDriverONE_tb_time_impl.v" into library xil_defaultlib
INFO: [VRFC 10-311] analyzing module LEDriverONE
INFO: [VRFC 10-311] analyzing module glbl
"xvhdl --incr --relax -prj LEDriverONE_tb_vhdl.prj"
INFO: [USF-XSim-69] 'compile' step finished in '2' seconds
INFO: [USF-XSim-3] XSim::Elaborate design
INFO: [USF-XSim-61] Executing 'ELABORATE' step in 'D:/SEP/SEP_Grupo7/Proyecto1/Proyecto1_G7/ProyectoSep_LEDS_NOCLONADO/ProyectoSep_LEDS.sim/sim_1/impl/timing/xsim'
"xelab -wto 794377dc3bea43acbd9238f2758e80fd --incr --debug typical --relax --mt 2 --maxdelay -L xil_defaultlib -L simprims_ver -L secureip --snapshot LEDriverONE_tb_time_impl -transport_int_delays -pulse_r 0 -pulse_int_r 0 -pulse_e 0 -pulse_int_e 0 xil_defaultlib.LEDriverONE_tb xil_defaultlib.glbl -log elaborate.log"
Vivado Simulator 2020.1
Copyright 1986-1999, 2001-2020 Xilinx, Inc. All Rights Reserved.
Running: D:/Xilinx_1/Vivado/2020.1/bin/unwrapped/win64.o/xelab.exe -wto 794377dc3bea43acbd9238f2758e80fd --incr --debug typical --relax --mt 2 --maxdelay -L xil_defaultlib -L simprims_ver -L secureip --snapshot LEDriverONE_tb_time_impl -transport_int_delays -pulse_r 0 -pulse_int_r 0 -pulse_e 0 -pulse_int_e 0 xil_defaultlib.LEDriverONE_tb xil_defaultlib.glbl -log elaborate.log 
Using 2 slave threads.
Starting static elaboration
Pass Through NonSizing Optimizer
Completed static elaboration
Starting simulation data flow analysis
Completed simulation data flow analysis
INFO: [XSIM 43-3451] SDF backannotation process started with SDF file "LEDriverONE_tb_time_impl.sdf", for root module "LEDriverONE_tb/uut".
INFO: [XSIM 43-3452] SDF backannotation was successful for SDF file "LEDriverONE_tb_time_impl.sdf", for root module "LEDriverONE_tb/uut".
Time Resolution for simulation is 1ps
Compiling package std.standard
Compiling package std.textio
Compiling package ieee.std_logic_1164
Compiling package ieee.numeric_std
Compiling package vl.vl_types
Compiling module xil_defaultlib.glbl
Compiling module simprims_ver.IBUF
Compiling module simprims_ver.BUFG
Compiling module simprims_ver.LUT5
Compiling module simprims_ver.x_lut1_mux2
Compiling module simprims_ver.LUT1
Compiling module simprims_ver.x_lut2_mux4
Compiling module simprims_ver.LUT2
Compiling module simprims_ver.FDRE_default
Compiling module simprims_ver.CARRY4
Compiling module simprims_ver.LUT6
Compiling module simprims_ver.LUT4
Compiling module simprims_ver.x_lut3_mux8
Compiling module simprims_ver.LUT3
Compiling module simprims_ver.OBUF
Compiling module xil_defaultlib.LEDriverONE
Compiling architecture sim of entity xil_defaultlib.ledriverone_tb
Built simulation snapshot LEDriverONE_tb_time_impl
run_program: Time (s): cpu = 00:00:00 ; elapsed = 00:00:09 . Memory (MB): peak = 2150.309 ; gain = 0.000
INFO: [USF-XSim-69] 'elaborate' step finished in '8' seconds
INFO: [USF-XSim-4] XSim::Simulate design
INFO: [USF-XSim-61] Executing 'SIMULATE' step in 'D:/SEP/SEP_Grupo7/Proyecto1/Proyecto1_G7/ProyectoSep_LEDS_NOCLONADO/ProyectoSep_LEDS.sim/sim_1/impl/timing/xsim'
INFO: [USF-XSim-98] *** Running xsim
   with args "LEDriverONE_tb_time_impl -key {Post-Implementation:sim_1:Timing:LEDriverONE_tb} -tclbatch {LEDriverONE_tb.tcl} -log {simulate.log}"
INFO: [USF-XSim-8] Loading simulator feature
Vivado Simulator 2020.1
Time resolution is 1 ps
source LEDriverONE_tb.tcl
# set curr_wave [current_wave_config]
# if { [string length $curr_wave] == 0 } {
#   if { [llength [get_objects]] > 0} {
#     add_wave /
#     set_property needs_save false [current_wave_config]
#   } else {
#      send_msg_id Add_Wave-1 WARNING "No top level signals found. Simulator will start without a wave window. If you want to open a wave window go to 'File->New Waveform Configuration' or type 'create_wave_config' in the TCL console."
#   }
# }
# run 1000ns
Note: Iniciando Animacion Barril...
Time: 300 ns  Iteration: 0  Process: /LEDriverONE_tb/stim_proc  File: D:/SEP/SEP_Grupo7/Proyecto1/Proyecto1_G7/ProyectoSep_LEDS_NOCLONADO/ProyectoSep_LEDS.srcs/sim_1/new/tb_LedDriverONE.vhd
Note: LEDs cambiaron a: 1 (binario: '0''0''0''1')
Time: 317596 ps  Iteration: 1  Process: /LEDriverONE_tb/monitor_proc  File: D:/SEP/SEP_Grupo7/Proyecto1/Proyecto1_G7/ProyectoSep_LEDS_NOCLONADO/ProyectoSep_LEDS.srcs/sim_1/new/tb_LedDriverONE.vhd
xsim: Time (s): cpu = 00:00:06 ; elapsed = 00:00:05 . Memory (MB): peak = 2150.309 ; gain = 0.000
INFO: [USF-XSim-96] XSim completed. Design snapshot 'LEDriverONE_tb_time_impl' loaded.
INFO: [USF-XSim-97] XSim simulation ran for 1000ns
launch_simulation: Time (s): cpu = 00:00:26 ; elapsed = 00:00:31 . Memory (MB): peak = 2150.309 ; gain = 888.836
restart
INFO: [Simtcl 6-17] Simulation restarted
relaunch_sim
Command: launch_simulation -simset sim_1 -mode post-implementation -type timing
INFO: [Vivado 12-5682] Launching post-implementation timing simulation in 'D:/SEP/SEP_Grupo7/Proyecto1/Proyecto1_G7/ProyectoSep_LEDS_NOCLONADO/ProyectoSep_LEDS.sim/sim_1/impl/timing/xsim'
INFO: [SIM-utils-51] Simulation object is 'sim_1'
INFO: [SIM-utils-20] The target language is set to VHDL, it is not supported for simulation type 'timing', using Verilog instead.
INFO: [SIM-utils-31] Writing simulation netlist file for design 'impl_1'...
INFO: [SIM-utils-32] write_verilog -mode timesim -nolib -sdf_anno true -force -file "D:/SEP/SEP_Grupo7/Proyecto1/Proyecto1_G7/ProyectoSep_LEDS_NOCLONADO/ProyectoSep_LEDS.sim/sim_1/impl/timing/xsim/LEDriverONE_tb_time_impl.v"
INFO: [SIM-utils-34] Writing SDF file...
INFO: [SIM-utils-35] write_sdf -mode timesim -process_corner slow -force -file "D:/SEP/SEP_Grupo7/Proyecto1/Proyecto1_G7/ProyectoSep_LEDS_NOCLONADO/ProyectoSep_LEDS.sim/sim_1/impl/timing/xsim/LEDriverONE_tb_time_impl.sdf"
INFO: [SIM-utils-36] Netlist generated:D:/SEP/SEP_Grupo7/Proyecto1/Proyecto1_G7/ProyectoSep_LEDS_NOCLONADO/ProyectoSep_LEDS.sim/sim_1/impl/timing/xsim/LEDriverONE_tb_time_impl.v
INFO: [SIM-utils-37] SDF generated:D:/SEP/SEP_Grupo7/Proyecto1/Proyecto1_G7/ProyectoSep_LEDS_NOCLONADO/ProyectoSep_LEDS.sim/sim_1/impl/timing/xsim/LEDriverONE_tb_time_impl.sdf
INFO: [SIM-utils-54] Inspecting design source files for 'LEDriverONE_tb' in fileset 'sim_1'...
INFO: [USF-XSim-2] XSim::Compile design
INFO: [USF-XSim-61] Executing 'COMPILE and ANALYZE' step in 'D:/SEP/SEP_Grupo7/Proyecto1/Proyecto1_G7/ProyectoSep_LEDS_NOCLONADO/ProyectoSep_LEDS.sim/sim_1/impl/timing/xsim'
INFO: [Common 17-41] Interrupt caught. Command should exit soon.
"xvlog --incr --relax -prj LEDriverONE_tb_vlog.prj"
INFO: [VRFC 10-2263] Analyzing Verilog file "D:/SEP/SEP_Grupo7/Proyecto1/Proyecto1_G7/ProyectoSep_LEDS_NOCLONADO/ProyectoSep_LEDS.sim/sim_1/impl/timing/xsim/LEDriverONE_tb_time_impl.v" into library xil_defaultlib
INFO: [VRFC 10-311] analyzing module LEDriverONE
INFO: [VRFC 10-311] analyzing module glbl
"xvhdl --incr --relax -prj LEDriverONE_tb_vhdl.prj"
INFO: [Common 17-344] 'run_program' was cancelled
INFO: [Vivado 12-5357] 'compile' step aborted
INFO: [Common 17-344] 'launch_simulation' was cancelled
INFO: [Common 17-344] 'relaunch_sim' was cancelled
relaunch_sim
Command: launch_simulation -simset sim_1 -mode post-implementation -type timing
INFO: [Vivado 12-5682] Launching post-implementation timing simulation in 'D:/SEP/SEP_Grupo7/Proyecto1/Proyecto1_G7/ProyectoSep_LEDS_NOCLONADO/ProyectoSep_LEDS.sim/sim_1/impl/timing/xsim'
INFO: [SIM-utils-51] Simulation object is 'sim_1'
INFO: [SIM-utils-20] The target language is set to VHDL, it is not supported for simulation type 'timing', using Verilog instead.
INFO: [SIM-utils-31] Writing simulation netlist file for design 'impl_1'...
INFO: [SIM-utils-32] write_verilog -mode timesim -nolib -sdf_anno true -force -file "D:/SEP/SEP_Grupo7/Proyecto1/Proyecto1_G7/ProyectoSep_LEDS_NOCLONADO/ProyectoSep_LEDS.sim/sim_1/impl/timing/xsim/LEDriverONE_tb_time_impl.v"
INFO: [SIM-utils-34] Writing SDF file...
INFO: [SIM-utils-35] write_sdf -mode timesim -process_corner slow -force -file "D:/SEP/SEP_Grupo7/Proyecto1/Proyecto1_G7/ProyectoSep_LEDS_NOCLONADO/ProyectoSep_LEDS.sim/sim_1/impl/timing/xsim/LEDriverONE_tb_time_impl.sdf"
INFO: [SIM-utils-36] Netlist generated:D:/SEP/SEP_Grupo7/Proyecto1/Proyecto1_G7/ProyectoSep_LEDS_NOCLONADO/ProyectoSep_LEDS.sim/sim_1/impl/timing/xsim/LEDriverONE_tb_time_impl.v
INFO: [SIM-utils-37] SDF generated:D:/SEP/SEP_Grupo7/Proyecto1/Proyecto1_G7/ProyectoSep_LEDS_NOCLONADO/ProyectoSep_LEDS.sim/sim_1/impl/timing/xsim/LEDriverONE_tb_time_impl.sdf
INFO: [SIM-utils-54] Inspecting design source files for 'LEDriverONE_tb' in fileset 'sim_1'...
INFO: [USF-XSim-2] XSim::Compile design
INFO: [USF-XSim-61] Executing 'COMPILE and ANALYZE' step in 'D:/SEP/SEP_Grupo7/Proyecto1/Proyecto1_G7/ProyectoSep_LEDS_NOCLONADO/ProyectoSep_LEDS.sim/sim_1/impl/timing/xsim'
"xvlog --incr --relax -prj LEDriverONE_tb_vlog.prj"
INFO: [VRFC 10-2263] Analyzing Verilog file "D:/SEP/SEP_Grupo7/Proyecto1/Proyecto1_G7/ProyectoSep_LEDS_NOCLONADO/ProyectoSep_LEDS.sim/sim_1/impl/timing/xsim/LEDriverONE_tb_time_impl.v" into library xil_defaultlib
INFO: [VRFC 10-311] analyzing module LEDriverONE
INFO: [VRFC 10-311] analyzing module glbl
"xvhdl --incr --relax -prj LEDriverONE_tb_vhdl.prj"
INFO: [USF-XSim-69] 'compile' step finished in '3' seconds
Command: launch_simulation -simset sim_1 -mode post-implementation -type timing
INFO: [Vivado 12-5682] Launching post-implementation timing simulation in 'D:/SEP/SEP_Grupo7/Proyecto1/Proyecto1_G7/ProyectoSep_LEDS_NOCLONADO/ProyectoSep_LEDS.sim/sim_1/impl/timing/xsim'
INFO: [USF-XSim-3] XSim::Elaborate design
INFO: [USF-XSim-61] Executing 'ELABORATE' step in 'D:/SEP/SEP_Grupo7/Proyecto1/Proyecto1_G7/ProyectoSep_LEDS_NOCLONADO/ProyectoSep_LEDS.sim/sim_1/impl/timing/xsim'
"xelab -wto 794377dc3bea43acbd9238f2758e80fd --incr --debug typical --relax --mt 2 --maxdelay -L xil_defaultlib -L simprims_ver -L secureip --snapshot LEDriverONE_tb_time_impl -transport_int_delays -pulse_r 0 -pulse_int_r 0 -pulse_e 0 -pulse_int_e 0 xil_defaultlib.LEDriverONE_tb xil_defaultlib.glbl -log elaborate.log"
Vivado Simulator 2020.1
Copyright 1986-1999, 2001-2020 Xilinx, Inc. All Rights Reserved.
Running: D:/Xilinx_1/Vivado/2020.1/bin/unwrapped/win64.o/xelab.exe -wto 794377dc3bea43acbd9238f2758e80fd --incr --debug typical --relax --mt 2 --maxdelay -L xil_defaultlib -L simprims_ver -L secureip --snapshot LEDriverONE_tb_time_impl -transport_int_delays -pulse_r 0 -pulse_int_r 0 -pulse_e 0 -pulse_int_e 0 xil_defaultlib.LEDriverONE_tb xil_defaultlib.glbl -log elaborate.log 
Using 2 slave threads.
Starting static elaboration
Pass Through NonSizing Optimizer
Completed static elaboration
Starting simulation data flow analysis
Completed simulation data flow analysis
INFO: [XSIM 43-3451] SDF backannotation process started with SDF file "LEDriverONE_tb_time_impl.sdf", for root module "LEDriverONE_tb/uut".
INFO: [XSIM 43-3452] SDF backannotation was successful for SDF file "LEDriverONE_tb_time_impl.sdf", for root module "LEDriverONE_tb/uut".
Time Resolution for simulation is 1ps
Compiling package std.standard
Compiling package std.textio
Compiling package ieee.std_logic_1164
Compiling package ieee.numeric_std
Compiling package vl.vl_types
Compiling module xil_defaultlib.glbl
Compiling module simprims_ver.IBUF
Compiling module simprims_ver.BUFG
Compiling module simprims_ver.LUT5
Compiling module simprims_ver.x_lut1_mux2
Compiling module simprims_ver.LUT1
Compiling module simprims_ver.x_lut2_mux4
Compiling module simprims_ver.LUT2
Compiling module simprims_ver.FDRE_default
Compiling module simprims_ver.CARRY4
Compiling module simprims_ver.LUT6
Compiling module simprims_ver.LUT4
Compiling module simprims_ver.x_lut3_mux8
Compiling module simprims_ver.LUT3
Compiling module simprims_ver.OBUF
Compiling module xil_defaultlib.LEDriverONE
Compiling architecture sim of entity xil_defaultlib.ledriverone_tb
Built simulation snapshot LEDriverONE_tb_time_impl
run_program: Time (s): cpu = 00:00:00 ; elapsed = 00:00:09 . Memory (MB): peak = 2210.852 ; gain = 0.000
INFO: [USF-XSim-69] 'elaborate' step finished in '9' seconds
launch_simulation: Time (s): cpu = 00:00:00 ; elapsed = 00:00:09 . Memory (MB): peak = 2210.852 ; gain = 0.000
Vivado Simulator 2020.1
Time resolution is 1 ps
Note: Iniciando Animacion Barril...
Time: 300 ns  Iteration: 0  Process: /LEDriverONE_tb/stim_proc  File: D:/SEP/SEP_Grupo7/Proyecto1/Proyecto1_G7/ProyectoSep_LEDS_NOCLONADO/ProyectoSep_LEDS.srcs/sim_1/new/tb_LedDriverONE.vhd
Note: LEDs cambiaron a: 1 (binario: '0''0''0''1')
Time: 317596 ps  Iteration: 1  Process: /LEDriverONE_tb/monitor_proc  File: D:/SEP/SEP_Grupo7/Proyecto1/Proyecto1_G7/ProyectoSep_LEDS_NOCLONADO/ProyectoSep_LEDS.srcs/sim_1/new/tb_LedDriverONE.vhd
relaunch_sim: Time (s): cpu = 00:00:01 ; elapsed = 00:00:15 . Memory (MB): peak = 2210.852 ; gain = 1.922
restart
INFO: [Simtcl 6-17] Simulation restarted
run 1000 ms
Note: Iniciando Animacion Barril...
Time: 300 ns  Iteration: 0  Process: /LEDriverONE_tb/stim_proc  File: D:/SEP/SEP_Grupo7/Proyecto1/Proyecto1_G7/ProyectoSep_LEDS_NOCLONADO/ProyectoSep_LEDS.srcs/sim_1/new/tb_LedDriverONE.vhd
Note: LEDs cambiaron a: 1 (binario: '0''0''0''1')
Time: 317596 ps  Iteration: 1  Process: /LEDriverONE_tb/monitor_proc  File: D:/SEP/SEP_Grupo7/Proyecto1/Proyecto1_G7/ProyectoSep_LEDS_NOCLONADO/ProyectoSep_LEDS.srcs/sim_1/new/tb_LedDriverONE.vhd
Note: Cambiando a Animacion Espera...
Time: 500000300 ns  Iteration: 0  Process: /LEDriverONE_tb/stim_proc  File: D:/SEP/SEP_Grupo7/Proyecto1/Proyecto1_G7/ProyectoSep_LEDS_NOCLONADO/ProyectoSep_LEDS.srcs/sim_1/new/tb_LedDriverONE.vhd
Note: LEDs cambiaron a: 0 (binario: '0''0''0''0')
Time: 500000317596 ps  Iteration: 1  Process: /LEDriverONE_tb/monitor_proc  File: D:/SEP/SEP_Grupo7/Proyecto1/Proyecto1_G7/ProyectoSep_LEDS_NOCLONADO/ProyectoSep_LEDS.srcs/sim_1/new/tb_LedDriverONE.vhd
run: Time (s): cpu = 00:06:59 ; elapsed = 01:12:33 . Memory (MB): peak = 2210.852 ; gain = 0.000
close_sim
INFO: [Simtcl 6-16] Simulation closed
launch_simulation -mode post-implementation -type timing
Command: launch_simulation -mode post-implementation -type timing
INFO: [Vivado 12-5682] Launching post-implementation timing simulation in 'D:/SEP/SEP_Grupo7/Proyecto1/Proyecto1_G7/ProyectoSep_LEDS_NOCLONADO/ProyectoSep_LEDS.sim/sim_1/impl/timing/xsim'
INFO: [SIM-utils-51] Simulation object is 'sim_1'
INFO: [SIM-utils-20] The target language is set to VHDL, it is not supported for simulation type 'timing', using Verilog instead.
INFO: [SIM-utils-31] Writing simulation netlist file for design 'impl_1'...
INFO: [SIM-utils-32] write_verilog -mode timesim -nolib -sdf_anno true -force -file "D:/SEP/SEP_Grupo7/Proyecto1/Proyecto1_G7/ProyectoSep_LEDS_NOCLONADO/ProyectoSep_LEDS.sim/sim_1/impl/timing/xsim/LEDriverONE_tb_time_impl.v"
INFO: [SIM-utils-34] Writing SDF file...
INFO: [SIM-utils-35] write_sdf -mode timesim -process_corner slow -force -file "D:/SEP/SEP_Grupo7/Proyecto1/Proyecto1_G7/ProyectoSep_LEDS_NOCLONADO/ProyectoSep_LEDS.sim/sim_1/impl/timing/xsim/LEDriverONE_tb_time_impl.sdf"
INFO: [SIM-utils-36] Netlist generated:D:/SEP/SEP_Grupo7/Proyecto1/Proyecto1_G7/ProyectoSep_LEDS_NOCLONADO/ProyectoSep_LEDS.sim/sim_1/impl/timing/xsim/LEDriverONE_tb_time_impl.v
INFO: [SIM-utils-37] SDF generated:D:/SEP/SEP_Grupo7/Proyecto1/Proyecto1_G7/ProyectoSep_LEDS_NOCLONADO/ProyectoSep_LEDS.sim/sim_1/impl/timing/xsim/LEDriverONE_tb_time_impl.sdf
INFO: [SIM-utils-54] Inspecting design source files for 'LEDriverONE_tb' in fileset 'sim_1'...
INFO: [USF-XSim-2] XSim::Compile design
INFO: [USF-XSim-61] Executing 'COMPILE and ANALYZE' step in 'D:/SEP/SEP_Grupo7/Proyecto1/Proyecto1_G7/ProyectoSep_LEDS_NOCLONADO/ProyectoSep_LEDS.sim/sim_1/impl/timing/xsim'
"xvlog --incr --relax -prj LEDriverONE_tb_vlog.prj"
INFO: [VRFC 10-2263] Analyzing Verilog file "D:/SEP/SEP_Grupo7/Proyecto1/Proyecto1_G7/ProyectoSep_LEDS_NOCLONADO/ProyectoSep_LEDS.sim/sim_1/impl/timing/xsim/LEDriverONE_tb_time_impl.v" into library xil_defaultlib
INFO: [VRFC 10-311] analyzing module LEDriverONE
INFO: [VRFC 10-311] analyzing module glbl
"xvhdl --incr --relax -prj LEDriverONE_tb_vhdl.prj"
INFO: [VRFC 10-163] Analyzing VHDL file "D:/SEP/SEP_Grupo7/Proyecto1/Proyecto1_G7/ProyectoSep_LEDS_NOCLONADO/ProyectoSep_LEDS.srcs/sim_1/new/tb_LedDriverONE.vhd" into library xil_defaultlib
INFO: [VRFC 10-3107] analyzing entity 'LEDriverONE_tb'
run_program: Time (s): cpu = 00:00:00 ; elapsed = 00:00:05 . Memory (MB): peak = 2223.484 ; gain = 0.000
INFO: [USF-XSim-69] 'compile' step finished in '5' seconds
INFO: [USF-XSim-3] XSim::Elaborate design
INFO: [USF-XSim-61] Executing 'ELABORATE' step in 'D:/SEP/SEP_Grupo7/Proyecto1/Proyecto1_G7/ProyectoSep_LEDS_NOCLONADO/ProyectoSep_LEDS.sim/sim_1/impl/timing/xsim'
"xelab -wto 794377dc3bea43acbd9238f2758e80fd --incr --debug typical --relax --mt 2 --maxdelay -L xil_defaultlib -L simprims_ver -L secureip --snapshot LEDriverONE_tb_time_impl -transport_int_delays -pulse_r 0 -pulse_int_r 0 -pulse_e 0 -pulse_int_e 0 xil_defaultlib.LEDriverONE_tb xil_defaultlib.glbl -log elaborate.log"
Vivado Simulator 2020.1
Copyright 1986-1999, 2001-2020 Xilinx, Inc. All Rights Reserved.
Running: D:/Xilinx_1/Vivado/2020.1/bin/unwrapped/win64.o/xelab.exe -wto 794377dc3bea43acbd9238f2758e80fd --incr --debug typical --relax --mt 2 --maxdelay -L xil_defaultlib -L simprims_ver -L secureip --snapshot LEDriverONE_tb_time_impl -transport_int_delays -pulse_r 0 -pulse_int_r 0 -pulse_e 0 -pulse_int_e 0 xil_defaultlib.LEDriverONE_tb xil_defaultlib.glbl -log elaborate.log 
Using 2 slave threads.
Starting static elaboration
Pass Through NonSizing Optimizer
Completed static elaboration
Starting simulation data flow analysis
Completed simulation data flow analysis
INFO: [XSIM 43-3451] SDF backannotation process started with SDF file "LEDriverONE_tb_time_impl.sdf", for root module "LEDriverONE_tb/uut".
INFO: [XSIM 43-3452] SDF backannotation was successful for SDF file "LEDriverONE_tb_time_impl.sdf", for root module "LEDriverONE_tb/uut".
Time Resolution for simulation is 1ps
Compiling package std.standard
Compiling package std.textio
Compiling package ieee.std_logic_1164
Compiling package ieee.numeric_std
Compiling package vl.vl_types
Compiling module xil_defaultlib.glbl
Compiling module simprims_ver.IBUF
Compiling module simprims_ver.BUFG
Compiling module simprims_ver.LUT5
Compiling module simprims_ver.x_lut1_mux2
Compiling module simprims_ver.LUT1
Compiling module simprims_ver.x_lut2_mux4
Compiling module simprims_ver.LUT2
Compiling module simprims_ver.FDRE_default
Compiling module simprims_ver.CARRY4
Compiling module simprims_ver.LUT6
Compiling module simprims_ver.LUT4
Compiling module simprims_ver.x_lut3_mux8
Compiling module simprims_ver.LUT3
Compiling module simprims_ver.OBUF
Compiling module xil_defaultlib.LEDriverONE
Compiling architecture sim of entity xil_defaultlib.ledriverone_tb
Built simulation snapshot LEDriverONE_tb_time_impl
run_program: Time (s): cpu = 00:00:01 ; elapsed = 00:00:14 . Memory (MB): peak = 2223.484 ; gain = 0.000
INFO: [USF-XSim-69] 'elaborate' step finished in '14' seconds
INFO: [USF-XSim-4] XSim::Simulate design
INFO: [USF-XSim-61] Executing 'SIMULATE' step in 'D:/SEP/SEP_Grupo7/Proyecto1/Proyecto1_G7/ProyectoSep_LEDS_NOCLONADO/ProyectoSep_LEDS.sim/sim_1/impl/timing/xsim'
INFO: [USF-XSim-98] *** Running xsim
   with args "LEDriverONE_tb_time_impl -key {Post-Implementation:sim_1:Timing:LEDriverONE_tb} -tclbatch {LEDriverONE_tb.tcl} -log {simulate.log}"
INFO: [USF-XSim-8] Loading simulator feature
Vivado Simulator 2020.1
Time resolution is 1 ps
source LEDriverONE_tb.tcl
# set curr_wave [current_wave_config]
# if { [string length $curr_wave] == 0 } {
#   if { [llength [get_objects]] > 0} {
#     add_wave /
#     set_property needs_save false [current_wave_config]
#   } else {
#      send_msg_id Add_Wave-1 WARNING "No top level signals found. Simulator will start without a wave window. If you want to open a wave window go to 'File->New Waveform Configuration' or type 'create_wave_config' in the TCL console."
#   }
# }
# run 1000ns
Note: Iniciando Animacion Barril...
Time: 300 ns  Iteration: 0  Process: /LEDriverONE_tb/stim_proc  File: D:/SEP/SEP_Grupo7/Proyecto1/Proyecto1_G7/ProyectoSep_LEDS_NOCLONADO/ProyectoSep_LEDS.srcs/sim_1/new/tb_LedDriverONE.vhd
Note: LEDs cambiaron a: 1 (binario: '0''0''0''1')
Time: 317596 ps  Iteration: 1  Process: /LEDriverONE_tb/monitor_proc  File: D:/SEP/SEP_Grupo7/Proyecto1/Proyecto1_G7/ProyectoSep_LEDS_NOCLONADO/ProyectoSep_LEDS.srcs/sim_1/new/tb_LedDriverONE.vhd
xsim: Time (s): cpu = 00:00:03 ; elapsed = 00:00:05 . Memory (MB): peak = 2223.484 ; gain = 0.000
INFO: [USF-XSim-96] XSim completed. Design snapshot 'LEDriverONE_tb_time_impl' loaded.
INFO: [USF-XSim-97] XSim simulation ran for 1000ns
launch_simulation: Time (s): cpu = 00:00:06 ; elapsed = 00:00:26 . Memory (MB): peak = 2223.484 ; gain = 1.121
restart
INFO: [Simtcl 6-17] Simulation restarted
run 1000 ms
Note: Iniciando Animacion Barril...
Time: 300 ns  Iteration: 0  Process: /LEDriverONE_tb/stim_proc  File: D:/SEP/SEP_Grupo7/Proyecto1/Proyecto1_G7/ProyectoSep_LEDS_NOCLONADO/ProyectoSep_LEDS.srcs/sim_1/new/tb_LedDriverONE.vhd
Note: LEDs cambiaron a: 1 (binario: '0''0''0''1')
Time: 317596 ps  Iteration: 1  Process: /LEDriverONE_tb/monitor_proc  File: D:/SEP/SEP_Grupo7/Proyecto1/Proyecto1_G7/ProyectoSep_LEDS_NOCLONADO/ProyectoSep_LEDS.srcs/sim_1/new/tb_LedDriverONE.vhd
Note: Cambiando a Animacion Espera...
Time: 10000300 ns  Iteration: 0  Process: /LEDriverONE_tb/stim_proc  File: D:/SEP/SEP_Grupo7/Proyecto1/Proyecto1_G7/ProyectoSep_LEDS_NOCLONADO/ProyectoSep_LEDS.srcs/sim_1/new/tb_LedDriverONE.vhd
Note: LEDs cambiaron a: 0 (binario: '0''0''0''0')
Time: 10000317596 ps  Iteration: 1  Process: /LEDriverONE_tb/monitor_proc  File: D:/SEP/SEP_Grupo7/Proyecto1/Proyecto1_G7/ProyectoSep_LEDS_NOCLONADO/ProyectoSep_LEDS.srcs/sim_1/new/tb_LedDriverONE.vhd
Note: Cambiando a Animacion Decision...
Time: 20000300 ns  Iteration: 0  Process: /LEDriverONE_tb/stim_proc  File: D:/SEP/SEP_Grupo7/Proyecto1/Proyecto1_G7/ProyectoSep_LEDS_NOCLONADO/ProyectoSep_LEDS.srcs/sim_1/new/tb_LedDriverONE.vhd
Note: LEDs cambiaron a: 1 (binario: '0''0''0''1')
Time: 20000317596 ps  Iteration: 1  Process: /LEDriverONE_tb/monitor_proc  File: D:/SEP/SEP_Grupo7/Proyecto1/Proyecto1_G7/ProyectoSep_LEDS_NOCLONADO/ProyectoSep_LEDS.srcs/sim_1/new/tb_LedDriverONE.vhd
Note: Deshabilitando sistema...
Time: 30000300 ns  Iteration: 0  Process: /LEDriverONE_tb/stim_proc  File: D:/SEP/SEP_Grupo7/Proyecto1/Proyecto1_G7/ProyectoSep_LEDS_NOCLONADO/ProyectoSep_LEDS.srcs/sim_1/new/tb_LedDriverONE.vhd
Note: Aplicando Soft Reset...
Time: 30000500 ns  Iteration: 0  Process: /LEDriverONE_tb/stim_proc  File: D:/SEP/SEP_Grupo7/Proyecto1/Proyecto1_G7/ProyectoSep_LEDS_NOCLONADO/ProyectoSep_LEDS.srcs/sim_1/new/tb_LedDriverONE.vhd
Note: Reactivando sistema...
Time: 30000700 ns  Iteration: 0  Process: /LEDriverONE_tb/stim_proc  File: D:/SEP/SEP_Grupo7/Proyecto1/Proyecto1_G7/ProyectoSep_LEDS_NOCLONADO/ProyectoSep_LEDS.srcs/sim_1/new/tb_LedDriverONE.vhd
Note: Simulacion terminada con exito.
Time: 40000700 ns  Iteration: 0  Process: /LEDriverONE_tb/stim_proc  File: D:/SEP/SEP_Grupo7/Proyecto1/Proyecto1_G7/ProyectoSep_LEDS_NOCLONADO/ProyectoSep_LEDS.srcs/sim_1/new/tb_LedDriverONE.vhd
run: Time (s): cpu = 00:02:16 ; elapsed = 00:13:20 . Memory (MB): peak = 2223.484 ; gain = 0.000
launch_runs impl_1 -to_step write_bitstream -jobs 11
[Mon Apr  6 08:31:05 2026] Launched impl_1...
Run output will be captured here: D:/SEP/SEP_Grupo7/Proyecto1/Proyecto1_G7/ProyectoSep_LEDS_NOCLONADO/ProyectoSep_LEDS.runs/impl_1/runme.log
close_sim
INFO: [Simtcl 6-16] Simulation closed
open_hw_manager
connect_hw_server -allow_non_jtag
INFO: [Labtools 27-2285] Connecting to hw_server url TCP:localhost:3121
INFO: [Labtools 27-2222] Launching hw_server...
INFO: [Labtools 27-2221] Launch Output:

****** Xilinx hw_server v2020.1
  **** Build date : May 27 2020 at 20:24:38
    ** Copyright 1986-2020 Xilinx, Inc. All Rights Reserved.


INFO: [Labtools 27-3415] Connecting to cs_server url TCP:localhost:3042
INFO: [Labtools 27-3417] Launching cs_server...
INFO: [Labtools 27-2221] Launch Output:


****** Xilinx cs_server v2020.1.0
  **** Build date : May 13 2020-21:10:29
    ** Copyright 2017-2020 Xilinx, Inc. All Rights Reserved.



connect_hw_server: Time (s): cpu = 00:00:00 ; elapsed = 00:00:12 . Memory (MB): peak = 2225.453 ; gain = 1.969
disconnect_hw_server localhost:3121
connect_hw_server -allow_non_jtag
INFO: [Labtools 27-2285] Connecting to hw_server url TCP:localhost:3121
INFO: [Labtools 27-3415] Connecting to cs_server url TCP:localhost:3042
INFO: [Labtools 27-3414] Connected to existing cs_server.
disconnect_hw_server localhost:3121
connect_hw_server -allow_non_jtag
INFO: [Labtools 27-2285] Connecting to hw_server url TCP:localhost:3121
INFO: [Labtools 27-3415] Connecting to cs_server url TCP:localhost:3042
INFO: [Labtools 27-3414] Connected to existing cs_server.
open_hw_target
INFO: [Labtoolstcl 44-466] Opening hw_target localhost:3121/xilinx_tcf/Digilent/210351B3FC8CA
open_hw_target: Time (s): cpu = 00:00:05 ; elapsed = 00:00:09 . Memory (MB): peak = 3527.234 ; gain = 1301.781
set_property PROGRAM.FILE {D:/SEP/SEP_Grupo7/Proyecto1/Proyecto1_G7/ProyectoSep_LEDS_NOCLONADO/ProyectoSep_LEDS.runs/impl_1/LEDriverONE.bit} [get_hw_devices xc7z010_1]
current_hw_device [get_hw_devices xc7z010_1]
refresh_hw_device -update_hw_probes false [lindex [get_hw_devices xc7z010_1] 0]
INFO: [Labtools 27-2302] Device xc7z010 (JTAG device index = 1) is programmed with a design that has 1 ILA core(s).
INFO: [Labtools 27-2302] Device xc7z010 (JTAG device index = 1) is programmed with a design that has 1 VIO core(s).
set_property PROBES.FILE {} [get_hw_devices xc7z010_1]
set_property FULL_PROBES.FILE {} [get_hw_devices xc7z010_1]
set_property PROGRAM.FILE {D:/SEP/SEP_Grupo7/Proyecto1/Proyecto1_G7/ProyectoSep_LEDS_NOCLONADO/ProyectoSep_LEDS.runs/impl_1/LEDriverONE.bit} [get_hw_devices xc7z010_1]
program_hw_devices [get_hw_devices xc7z010_1]
INFO: [Labtools 27-3164] End of startup status: HIGH
refresh_hw_device [lindex [get_hw_devices xc7z010_1] 0]
INFO: [Labtools 27-1434] Device xc7z010 (JTAG device index = 1) is programmed with a design that has no supported debug core(s) in it.
set_property PROBES.FILE {} [get_hw_devices xc7z010_1]
set_property FULL_PROBES.FILE {} [get_hw_devices xc7z010_1]
set_property PROGRAM.FILE {D:/SEP/SEP_Grupo7/Proyecto1/Proyecto1_G7/ProyectoSep_LEDS_NOCLONADO/ProyectoSep_LEDS.runs/impl_1/LEDriverONE.bit} [get_hw_devices xc7z010_1]
program_hw_devices [get_hw_devices xc7z010_1]
INFO: [Labtools 27-3164] End of startup status: HIGH
refresh_hw_device [lindex [get_hw_devices xc7z010_1] 0]
INFO: [Labtools 27-1434] Device xc7z010 (JTAG device index = 1) is programmed with a design that has no supported debug core(s) in it.
reset_run synth_1
WARNING: [Vivado 12-1017] Problems encountered:
1. Failed to delete one or more files in run directory D:/SEP/SEP_Grupo7/Proyecto1/Proyecto1_G7/ProyectoSep_LEDS_NOCLONADO/ProyectoSep_LEDS.runs/synth_1

launch_runs impl_1 -to_step write_bitstream -jobs 11
[Mon Apr  6 08:35:43 2026] Launched synth_1...
Run output will be captured here: D:/SEP/SEP_Grupo7/Proyecto1/Proyecto1_G7/ProyectoSep_LEDS_NOCLONADO/ProyectoSep_LEDS.runs/synth_1/runme.log
[Mon Apr  6 08:35:44 2026] Launched impl_1...
Run output will be captured here: D:/SEP/SEP_Grupo7/Proyecto1/Proyecto1_G7/ProyectoSep_LEDS_NOCLONADO/ProyectoSep_LEDS.runs/impl_1/runme.log
close_hw_manager
exit
INFO: [Common 17-206] Exiting Vivado at Mon Apr  6 09:06:43 2026...
