
*** Running vivado
    with args -log GameModeSel_imp_wrapper.vds -m64 -product Vivado -mode batch -messageDb vivado.pb -notrace -source GameModeSel_imp_wrapper.tcl



****** Vivado v2020.1 (64-bit)
  **** SW Build 2902540 on Wed May 27 19:54:49 MDT 2020
  **** IP Build 2902112 on Wed May 27 22:43:36 MDT 2020
    ** Copyright 1986-2020 Xilinx, Inc. All Rights Reserved.

source GameModeSel_imp_wrapper.tcl -notrace
INFO: [IP_Flow 19-234] Refreshing IP repositories
INFO: [IP_Flow 19-1704] No user IP repositories specified
INFO: [IP_Flow 19-2313] Loaded Vivado IP repository 'D:/Xilinx_1/Vivado/2020.1/data/ip'.
Command: synth_design -top GameModeSel_imp_wrapper -part xc7z010clg400-1
Starting synth_design
Attempting to get a license for feature 'Synthesis' and/or device 'xc7z010'
INFO: [Common 17-349] Got license for feature 'Synthesis' and/or device 'xc7z010'
INFO: [Device 21-403] Loading part xc7z010clg400-1
INFO: [Synth 8-7079] Multithreading enabled for synth_design using a maximum of 2 processes.
INFO: [Synth 8-7078] Launching helper process for spawning children vivado processes
INFO: [Synth 8-7075] Helper process launched with PID 17944
---------------------------------------------------------------------------------
Starting RTL Elaboration : Time (s): cpu = 00:00:03 ; elapsed = 00:00:04 . Memory (MB): peak = 1061.922 ; gain = 0.000
---------------------------------------------------------------------------------
INFO: [Synth 8-638] synthesizing module 'GameModeSel_imp_wrapper' [D:/SEP/SEP_Grupo7/Proyecto1/Proyecto1_G7/Proyecto1_G7.srcs/sources_1/bd/GameModeSel_imp/hdl/GameModeSel_imp_wrapper.vhd:26]
INFO: [Synth 8-3491] module 'GameModeSel_imp' declared at 'D:/SEP/SEP_Grupo7/Proyecto1/Proyecto1_G7/Proyecto1_G7.srcs/sources_1/bd/GameModeSel_imp/synth/GameModeSel_imp.vhd:14' bound to instance 'GameModeSel_imp_i' of component 'GameModeSel_imp' [D:/SEP/SEP_Grupo7/Proyecto1/Proyecto1_G7/Proyecto1_G7.srcs/sources_1/bd/GameModeSel_imp/hdl/GameModeSel_imp_wrapper.vhd:39]
INFO: [Synth 8-638] synthesizing module 'GameModeSel_imp' [D:/SEP/SEP_Grupo7/Proyecto1/Proyecto1_G7/Proyecto1_G7.srcs/sources_1/bd/GameModeSel_imp/synth/GameModeSel_imp.vhd:30]
INFO: [Synth 8-3491] module 'GameModeSel_imp_ClockDivider_0_0' declared at 'D:/SEP/SEP_Grupo7/Proyecto1/Proyecto1_G7/Proyecto1_G7.runs/synth_1/.Xil/Vivado-7320-MS061325/realtime/GameModeSel_imp_ClockDivider_0_0_stub.vhdl:5' bound to instance 'ClockDivider_0' of component 'GameModeSel_imp_ClockDivider_0_0' [D:/SEP/SEP_Grupo7/Proyecto1/Proyecto1_G7/Proyecto1_G7.srcs/sources_1/bd/GameModeSel_imp/synth/GameModeSel_imp.vhd:98]
INFO: [Synth 8-638] synthesizing module 'GameModeSel_imp_ClockDivider_0_0' [D:/SEP/SEP_Grupo7/Proyecto1/Proyecto1_G7/Proyecto1_G7.runs/synth_1/.Xil/Vivado-7320-MS061325/realtime/GameModeSel_imp_ClockDivider_0_0_stub.vhdl:13]
INFO: [Synth 8-3491] module 'GameModeSel_imp_Debouncer_0_0' declared at 'D:/SEP/SEP_Grupo7/Proyecto1/Proyecto1_G7/Proyecto1_G7.runs/synth_1/.Xil/Vivado-7320-MS061325/realtime/GameModeSel_imp_Debouncer_0_0_stub.vhdl:5' bound to instance 'Debouncer_0' of component 'GameModeSel_imp_Debouncer_0_0' [D:/SEP/SEP_Grupo7/Proyecto1/Proyecto1_G7/Proyecto1_G7.srcs/sources_1/bd/GameModeSel_imp/synth/GameModeSel_imp.vhd:103]
INFO: [Synth 8-638] synthesizing module 'GameModeSel_imp_Debouncer_0_0' [D:/SEP/SEP_Grupo7/Proyecto1/Proyecto1_G7/Proyecto1_G7.runs/synth_1/.Xil/Vivado-7320-MS061325/realtime/GameModeSel_imp_Debouncer_0_0_stub.vhdl:14]
INFO: [Synth 8-3491] module 'GameModeSel_imp_Debouncer_0_1' declared at 'D:/SEP/SEP_Grupo7/Proyecto1/Proyecto1_G7/Proyecto1_G7.runs/synth_1/.Xil/Vivado-7320-MS061325/realtime/GameModeSel_imp_Debouncer_0_1_stub.vhdl:5' bound to instance 'Debouncer_1' of component 'GameModeSel_imp_Debouncer_0_1' [D:/SEP/SEP_Grupo7/Proyecto1/Proyecto1_G7/Proyecto1_G7.srcs/sources_1/bd/GameModeSel_imp/synth/GameModeSel_imp.vhd:109]
INFO: [Synth 8-638] synthesizing module 'GameModeSel_imp_Debouncer_0_1' [D:/SEP/SEP_Grupo7/Proyecto1/Proyecto1_G7/Proyecto1_G7.runs/synth_1/.Xil/Vivado-7320-MS061325/realtime/GameModeSel_imp_Debouncer_0_1_stub.vhdl:14]
INFO: [Synth 8-3491] module 'GameModeSel_imp_Debouncer_0_2' declared at 'D:/SEP/SEP_Grupo7/Proyecto1/Proyecto1_G7/Proyecto1_G7.runs/synth_1/.Xil/Vivado-7320-MS061325/realtime/GameModeSel_imp_Debouncer_0_2_stub.vhdl:5' bound to instance 'Debouncer_2' of component 'GameModeSel_imp_Debouncer_0_2' [D:/SEP/SEP_Grupo7/Proyecto1/Proyecto1_G7/Proyecto1_G7.srcs/sources_1/bd/GameModeSel_imp/synth/GameModeSel_imp.vhd:115]
INFO: [Synth 8-638] synthesizing module 'GameModeSel_imp_Debouncer_0_2' [D:/SEP/SEP_Grupo7/Proyecto1/Proyecto1_G7/Proyecto1_G7.runs/synth_1/.Xil/Vivado-7320-MS061325/realtime/GameModeSel_imp_Debouncer_0_2_stub.vhdl:14]
INFO: [Synth 8-3491] module 'GameModeSel_imp_GameModeSelection_0_0' declared at 'D:/SEP/SEP_Grupo7/Proyecto1/Proyecto1_G7/Proyecto1_G7.runs/synth_1/.Xil/Vivado-7320-MS061325/realtime/GameModeSel_imp_GameModeSelection_0_0_stub.vhdl:5' bound to instance 'GameModeSelection_0' of component 'GameModeSel_imp_GameModeSelection_0_0' [D:/SEP/SEP_Grupo7/Proyecto1/Proyecto1_G7/Proyecto1_G7.srcs/sources_1/bd/GameModeSel_imp/synth/GameModeSel_imp.vhd:121]
INFO: [Synth 8-638] synthesizing module 'GameModeSel_imp_GameModeSelection_0_0' [D:/SEP/SEP_Grupo7/Proyecto1/Proyecto1_G7/Proyecto1_G7.runs/synth_1/.Xil/Vivado-7320-MS061325/realtime/GameModeSel_imp_GameModeSelection_0_0_stub.vhdl:21]
INFO: [Synth 8-256] done synthesizing module 'GameModeSel_imp' (1#1) [D:/SEP/SEP_Grupo7/Proyecto1/Proyecto1_G7/Proyecto1_G7.srcs/sources_1/bd/GameModeSel_imp/synth/GameModeSel_imp.vhd:30]
INFO: [Synth 8-256] done synthesizing module 'GameModeSel_imp_wrapper' (2#1) [D:/SEP/SEP_Grupo7/Proyecto1/Proyecto1_G7/Proyecto1_G7.srcs/sources_1/bd/GameModeSel_imp/hdl/GameModeSel_imp_wrapper.vhd:26]
---------------------------------------------------------------------------------
Finished RTL Elaboration : Time (s): cpu = 00:00:04 ; elapsed = 00:00:04 . Memory (MB): peak = 1061.922 ; gain = 0.000
---------------------------------------------------------------------------------
---------------------------------------------------------------------------------
Start Handling Custom Attributes
---------------------------------------------------------------------------------
---------------------------------------------------------------------------------
Finished Handling Custom Attributes : Time (s): cpu = 00:00:04 ; elapsed = 00:00:05 . Memory (MB): peak = 1061.922 ; gain = 0.000
---------------------------------------------------------------------------------
---------------------------------------------------------------------------------
Finished RTL Optimization Phase 1 : Time (s): cpu = 00:00:04 ; elapsed = 00:00:05 . Memory (MB): peak = 1061.922 ; gain = 0.000
---------------------------------------------------------------------------------
Netlist sorting complete. Time (s): cpu = 00:00:00 ; elapsed = 00:00:00 . Memory (MB): peak = 1061.922 ; gain = 0.000
INFO: [Project 1-570] Preparing netlist for logic optimization

Processing XDC Constraints
Initializing timing engine
Parsing XDC File [d:/SEP/SEP_Grupo7/Proyecto1/Proyecto1_G7/Proyecto1_G7.srcs/sources_1/bd/GameModeSel_imp/ip/GameModeSel_imp_GameModeSelection_0_0/GameModeSel_imp_GameModeSelection_0_0/GameModeSel_imp_GameModeSelection_0_0_in_context.xdc] for cell 'GameModeSel_imp_i/GameModeSelection_0'
Finished Parsing XDC File [d:/SEP/SEP_Grupo7/Proyecto1/Proyecto1_G7/Proyecto1_G7.srcs/sources_1/bd/GameModeSel_imp/ip/GameModeSel_imp_GameModeSelection_0_0/GameModeSel_imp_GameModeSelection_0_0/GameModeSel_imp_GameModeSelection_0_0_in_context.xdc] for cell 'GameModeSel_imp_i/GameModeSelection_0'
Parsing XDC File [d:/SEP/SEP_Grupo7/Proyecto1/Proyecto1_G7/Proyecto1_G7.srcs/sources_1/bd/GameModeSel_imp/ip/GameModeSel_imp_Debouncer_0_0_1/GameModeSel_imp_Debouncer_0_0/GameModeSel_imp_Debouncer_0_0_in_context.xdc] for cell 'GameModeSel_imp_i/Debouncer_0'
Finished Parsing XDC File [d:/SEP/SEP_Grupo7/Proyecto1/Proyecto1_G7/Proyecto1_G7.srcs/sources_1/bd/GameModeSel_imp/ip/GameModeSel_imp_Debouncer_0_0_1/GameModeSel_imp_Debouncer_0_0/GameModeSel_imp_Debouncer_0_0_in_context.xdc] for cell 'GameModeSel_imp_i/Debouncer_0'
Parsing XDC File [d:/SEP/SEP_Grupo7/Proyecto1/Proyecto1_G7/Proyecto1_G7.srcs/sources_1/bd/GameModeSel_imp/ip/GameModeSel_imp_Debouncer_0_1_1/GameModeSel_imp_Debouncer_0_1/GameModeSel_imp_Debouncer_0_1_in_context.xdc] for cell 'GameModeSel_imp_i/Debouncer_1'
Finished Parsing XDC File [d:/SEP/SEP_Grupo7/Proyecto1/Proyecto1_G7/Proyecto1_G7.srcs/sources_1/bd/GameModeSel_imp/ip/GameModeSel_imp_Debouncer_0_1_1/GameModeSel_imp_Debouncer_0_1/GameModeSel_imp_Debouncer_0_1_in_context.xdc] for cell 'GameModeSel_imp_i/Debouncer_1'
Parsing XDC File [d:/SEP/SEP_Grupo7/Proyecto1/Proyecto1_G7/Proyecto1_G7.srcs/sources_1/bd/GameModeSel_imp/ip/GameModeSel_imp_Debouncer_0_2_1/GameModeSel_imp_Debouncer_0_2/GameModeSel_imp_Debouncer_0_2_in_context.xdc] for cell 'GameModeSel_imp_i/Debouncer_2'
Finished Parsing XDC File [d:/SEP/SEP_Grupo7/Proyecto1/Proyecto1_G7/Proyecto1_G7.srcs/sources_1/bd/GameModeSel_imp/ip/GameModeSel_imp_Debouncer_0_2_1/GameModeSel_imp_Debouncer_0_2/GameModeSel_imp_Debouncer_0_2_in_context.xdc] for cell 'GameModeSel_imp_i/Debouncer_2'
Parsing XDC File [d:/SEP/SEP_Grupo7/Proyecto1/Proyecto1_G7/Proyecto1_G7.srcs/sources_1/bd/GameModeSel_imp/ip/GameModeSel_imp_ClockDivider_0_0_1/GameModeSel_imp_ClockDivider_0_0/GameModeSel_imp_ClockDivider_0_0_in_context.xdc] for cell 'GameModeSel_imp_i/ClockDivider_0'
Finished Parsing XDC File [d:/SEP/SEP_Grupo7/Proyecto1/Proyecto1_G7/Proyecto1_G7.srcs/sources_1/bd/GameModeSel_imp/ip/GameModeSel_imp_ClockDivider_0_0_1/GameModeSel_imp_ClockDivider_0_0/GameModeSel_imp_ClockDivider_0_0_in_context.xdc] for cell 'GameModeSel_imp_i/ClockDivider_0'
Parsing XDC File [D:/SEP/SEP_Grupo7/Proyecto1/Proyecto1_G7/Proyecto1_G7.srcs/constrs_1/imports/SEP/Zybo-Z7-Master.xdc]
WARNING: [Vivado 12-584] No ports matched 'sw[2]'. [D:/SEP/SEP_Grupo7/Proyecto1/Proyecto1_G7/Proyecto1_G7.srcs/constrs_1/imports/SEP/Zybo-Z7-Master.xdc:15]
WARNING: [Vivado 12-584] No ports matched 'sw[3]'. [D:/SEP/SEP_Grupo7/Proyecto1/Proyecto1_G7/Proyecto1_G7.srcs/constrs_1/imports/SEP/Zybo-Z7-Master.xdc:16]
Finished Parsing XDC File [D:/SEP/SEP_Grupo7/Proyecto1/Proyecto1_G7/Proyecto1_G7.srcs/constrs_1/imports/SEP/Zybo-Z7-Master.xdc]
WARNING: [Project 1-498] One or more constraints failed evaluation while reading constraint file [D:/SEP/SEP_Grupo7/Proyecto1/Proyecto1_G7/Proyecto1_G7.srcs/constrs_1/imports/SEP/Zybo-Z7-Master.xdc] and the design contains unresolved black boxes. These constraints will be read post-synthesis (as long as their source constraint file is marked as used_in_implementation) and should be applied correctly then. You should review the constraints listed in the file [.Xil/GameModeSel_imp_wrapper_propImpl.xdc] and check the run log file to verify that these constraints were correctly applied.
INFO: [Project 1-236] Implementation specific constraints were found while reading constraint file [D:/SEP/SEP_Grupo7/Proyecto1/Proyecto1_G7/Proyecto1_G7.srcs/constrs_1/imports/SEP/Zybo-Z7-Master.xdc]. These constraints will be ignored for synthesis but will be used in implementation. Impacted constraints are listed in the file [.Xil/GameModeSel_imp_wrapper_propImpl.xdc].
Resolution: To avoid this warning, move constraints listed in [.Xil/GameModeSel_imp_wrapper_propImpl.xdc] to another XDC file and exclude this new file from synthesis with the used_in_synthesis property (File Properties dialog in GUI) and re-run elaboration/synthesis.
Parsing XDC File [D:/SEP/SEP_Grupo7/Proyecto1/Proyecto1_G7/Proyecto1_G7.runs/synth_1/dont_touch.xdc]
Finished Parsing XDC File [D:/SEP/SEP_Grupo7/Proyecto1/Proyecto1_G7/Proyecto1_G7.runs/synth_1/dont_touch.xdc]
Completed Processing XDC Constraints

Netlist sorting complete. Time (s): cpu = 00:00:00 ; elapsed = 00:00:00 . Memory (MB): peak = 1076.996 ; gain = 0.000
INFO: [Project 1-111] Unisim Transformation Summary:
No Unisim elements were transformed.

Constraint Validation Runtime : Time (s): cpu = 00:00:00 ; elapsed = 00:00:00.002 . Memory (MB): peak = 1076.996 ; gain = 0.000
---------------------------------------------------------------------------------
Finished Constraint Validation : Time (s): cpu = 00:00:08 ; elapsed = 00:00:09 . Memory (MB): peak = 1076.996 ; gain = 15.074
---------------------------------------------------------------------------------
---------------------------------------------------------------------------------
Start Loading Part and Timing Information
---------------------------------------------------------------------------------
Loading part: xc7z010clg400-1
---------------------------------------------------------------------------------
Finished Loading Part and Timing Information : Time (s): cpu = 00:00:08 ; elapsed = 00:00:09 . Memory (MB): peak = 1076.996 ; gain = 15.074
---------------------------------------------------------------------------------
---------------------------------------------------------------------------------
Start Applying 'set_property' XDC Constraints
---------------------------------------------------------------------------------
Applied set_property DONT_TOUCH = true for GameModeSel_imp_i. (constraint file  auto generated constraint, line ).
Applied set_property DONT_TOUCH = true for GameModeSel_imp_i/GameModeSelection_0. (constraint file  auto generated constraint, line ).
Applied set_property DONT_TOUCH = true for GameModeSel_imp_i/Debouncer_0. (constraint file  auto generated constraint, line ).
Applied set_property DONT_TOUCH = true for GameModeSel_imp_i/Debouncer_1. (constraint file  auto generated constraint, line ).
Applied set_property DONT_TOUCH = true for GameModeSel_imp_i/Debouncer_2. (constraint file  auto generated constraint, line ).
Applied set_property DONT_TOUCH = true for GameModeSel_imp_i/ClockDivider_0. (constraint file  auto generated constraint, line ).
---------------------------------------------------------------------------------
Finished applying 'set_property' XDC Constraints : Time (s): cpu = 00:00:08 ; elapsed = 00:00:09 . Memory (MB): peak = 1076.996 ; gain = 15.074
---------------------------------------------------------------------------------
---------------------------------------------------------------------------------
Finished RTL Optimization Phase 2 : Time (s): cpu = 00:00:08 ; elapsed = 00:00:09 . Memory (MB): peak = 1076.996 ; gain = 15.074
---------------------------------------------------------------------------------
---------------------------------------------------------------------------------
Start RTL Component Statistics 
---------------------------------------------------------------------------------
Detailed RTL Component Info : 
---------------------------------------------------------------------------------
Finished RTL Component Statistics 
---------------------------------------------------------------------------------
---------------------------------------------------------------------------------
Start Part Resource Summary
---------------------------------------------------------------------------------
Part Resources:
DSPs: 80 (col length:40)
BRAMs: 120 (col length: RAMB18 40 RAMB36 20)
---------------------------------------------------------------------------------
Finished Part Resource Summary
---------------------------------------------------------------------------------
---------------------------------------------------------------------------------
Start Cross Boundary and Area Optimization
---------------------------------------------------------------------------------
---------------------------------------------------------------------------------
Finished Cross Boundary and Area Optimization : Time (s): cpu = 00:00:09 ; elapsed = 00:00:10 . Memory (MB): peak = 1076.996 ; gain = 15.074
---------------------------------------------------------------------------------
---------------------------------------------------------------------------------
Start Applying XDC Timing Constraints
---------------------------------------------------------------------------------
---------------------------------------------------------------------------------
Finished Applying XDC Timing Constraints : Time (s): cpu = 00:00:14 ; elapsed = 00:00:15 . Memory (MB): peak = 1111.086 ; gain = 49.164
---------------------------------------------------------------------------------
---------------------------------------------------------------------------------
Start Timing Optimization
---------------------------------------------------------------------------------
---------------------------------------------------------------------------------
Finished Timing Optimization : Time (s): cpu = 00:00:14 ; elapsed = 00:00:15 . Memory (MB): peak = 1111.086 ; gain = 49.164
---------------------------------------------------------------------------------
---------------------------------------------------------------------------------
Start Technology Mapping
---------------------------------------------------------------------------------
---------------------------------------------------------------------------------
Finished Technology Mapping : Time (s): cpu = 00:00:14 ; elapsed = 00:00:16 . Memory (MB): peak = 1130.195 ; gain = 68.273
---------------------------------------------------------------------------------
---------------------------------------------------------------------------------
Start IO Insertion
---------------------------------------------------------------------------------
---------------------------------------------------------------------------------
Start Flattening Before IO Insertion
---------------------------------------------------------------------------------
---------------------------------------------------------------------------------
Finished Flattening Before IO Insertion
---------------------------------------------------------------------------------
---------------------------------------------------------------------------------
Start Final Netlist Cleanup
---------------------------------------------------------------------------------
---------------------------------------------------------------------------------
Finished Final Netlist Cleanup
---------------------------------------------------------------------------------
---------------------------------------------------------------------------------
Finished IO Insertion : Time (s): cpu = 00:00:16 ; elapsed = 00:00:17 . Memory (MB): peak = 1134.953 ; gain = 73.031
---------------------------------------------------------------------------------
---------------------------------------------------------------------------------
Start Renaming Generated Instances
---------------------------------------------------------------------------------
---------------------------------------------------------------------------------
Finished Renaming Generated Instances : Time (s): cpu = 00:00:16 ; elapsed = 00:00:17 . Memory (MB): peak = 1134.953 ; gain = 73.031
---------------------------------------------------------------------------------
---------------------------------------------------------------------------------
Start Rebuilding User Hierarchy
---------------------------------------------------------------------------------
---------------------------------------------------------------------------------
Finished Rebuilding User Hierarchy : Time (s): cpu = 00:00:16 ; elapsed = 00:00:17 . Memory (MB): peak = 1134.953 ; gain = 73.031
---------------------------------------------------------------------------------
---------------------------------------------------------------------------------
Start Renaming Generated Ports
---------------------------------------------------------------------------------
---------------------------------------------------------------------------------
Finished Renaming Generated Ports : Time (s): cpu = 00:00:16 ; elapsed = 00:00:17 . Memory (MB): peak = 1134.953 ; gain = 73.031
---------------------------------------------------------------------------------
---------------------------------------------------------------------------------
Start Handling Custom Attributes
---------------------------------------------------------------------------------
---------------------------------------------------------------------------------
Finished Handling Custom Attributes : Time (s): cpu = 00:00:16 ; elapsed = 00:00:17 . Memory (MB): peak = 1134.953 ; gain = 73.031
---------------------------------------------------------------------------------
---------------------------------------------------------------------------------
Start Renaming Generated Nets
---------------------------------------------------------------------------------
---------------------------------------------------------------------------------
Finished Renaming Generated Nets : Time (s): cpu = 00:00:16 ; elapsed = 00:00:17 . Memory (MB): peak = 1134.953 ; gain = 73.031
---------------------------------------------------------------------------------
---------------------------------------------------------------------------------
Start Writing Synthesis Report
---------------------------------------------------------------------------------

Report BlackBoxes: 
+------+--------------------------------------+----------+
|      |BlackBox name                         |Instances |
+------+--------------------------------------+----------+
|1     |GameModeSel_imp_ClockDivider_0_0      |         1|
|2     |GameModeSel_imp_Debouncer_0_0         |         1|
|3     |GameModeSel_imp_Debouncer_0_1         |         1|
|4     |GameModeSel_imp_Debouncer_0_2         |         1|
|5     |GameModeSel_imp_GameModeSelection_0_0 |         1|
+------+--------------------------------------+----------+

Report Cell Usage: 
+------+-------------------------------------------+------+
|      |Cell                                       |Count |
+------+-------------------------------------------+------+
|1     |GameModeSel_imp_ClockDivider_0_0_bbox      |     1|
|2     |GameModeSel_imp_Debouncer_0_0_bbox         |     1|
|3     |GameModeSel_imp_Debouncer_0_1_bbox         |     1|
|4     |GameModeSel_imp_Debouncer_0_2_bbox         |     1|
|5     |GameModeSel_imp_GameModeSelection_0_0_bbox |     1|
|6     |IBUF                                       |     6|
|7     |OBUF                                       |     6|
+------+-------------------------------------------+------+
---------------------------------------------------------------------------------
Finished Writing Synthesis Report : Time (s): cpu = 00:00:16 ; elapsed = 00:00:17 . Memory (MB): peak = 1134.953 ; gain = 73.031
---------------------------------------------------------------------------------
Synthesis finished with 0 errors, 0 critical warnings and 0 warnings.
Synthesis Optimization Runtime : Time (s): cpu = 00:00:10 ; elapsed = 00:00:16 . Memory (MB): peak = 1134.953 ; gain = 57.957
Synthesis Optimization Complete : Time (s): cpu = 00:00:16 ; elapsed = 00:00:18 . Memory (MB): peak = 1134.953 ; gain = 73.031
INFO: [Project 1-571] Translating synthesized netlist
Netlist sorting complete. Time (s): cpu = 00:00:00 ; elapsed = 00:00:00 . Memory (MB): peak = 1147.750 ; gain = 0.000
INFO: [Project 1-570] Preparing netlist for logic optimization
INFO: [Opt 31-138] Pushed 0 inverter(s) to 0 load pin(s).
Netlist sorting complete. Time (s): cpu = 00:00:00 ; elapsed = 00:00:00 . Memory (MB): peak = 1154.504 ; gain = 0.000
INFO: [Project 1-111] Unisim Transformation Summary:
No Unisim elements were transformed.

INFO: [Common 17-83] Releasing license: Synthesis
31 Infos, 3 Warnings, 0 Critical Warnings and 0 Errors encountered.
synth_design completed successfully
synth_design: Time (s): cpu = 00:00:20 ; elapsed = 00:00:22 . Memory (MB): peak = 1154.504 ; gain = 92.582
INFO: [Common 17-1381] The checkpoint 'D:/SEP/SEP_Grupo7/Proyecto1/Proyecto1_G7/Proyecto1_G7.runs/synth_1/GameModeSel_imp_wrapper.dcp' has been generated.
INFO: [runtcl-4] Executing : report_utilization -file GameModeSel_imp_wrapper_utilization_synth.rpt -pb GameModeSel_imp_wrapper_utilization_synth.pb
INFO: [Common 17-206] Exiting Vivado at Sun Apr  5 14:42:16 2026...
